[Check any error related two-phase linking...]
enter to check link error...
Need to enter two-phase linking process.
perl tools/ModemReservedSize_AutoConfig.pl ./build/HCT6737M_65_N/LWG_DSDS/bin/HCT6737M_65_N_MDBIN_PCB01_MT6735_S00.map ./build/HCT6737M_65_N/LWG_DSDS/bin/HCT6737M_65_N_MDBIN_PCB01_MT6735_S00.sym ./build/HCT6737M_65_N/LWG_DSDS/custom/system/ldsHCT6737M_65_N.txt ./build/HCT6737M_65_N/LWG_DSDS/custom/system "build/HCT6737M_65_N/LWG_DSDS/bin/~HCT6737M_65_N(LWG_DSDS).mak" ./build/HCT6737M_65_N/LWG_DSDS/tmp/~ModemReservedSize_AutoConfig.tmp ./build/HCT6737M_65_N/LWG_DSDS/tmp/AAPMC.log ./build/HCT6737M_65_N/LWG_DSDS/bin/log/infomake.log ./build/HCT6737M_65_N/LWG_DSDS/tmp/~copro_info.tmp> ./build/HCT6737M_65_N/LWG_DSDS/bin/log/ModemReservedSize_AutoConfig.log 2>&1
Result[4]: Calculating correct Modem Reserved Size value...Done.
The adjustment of memory configuration is done and refer to ./build/HCT6737M_65_N/LWG_DSDS/bin/log/ModemReservedSize_AutoConfig.log
====================================================================
AutoConfig is enabled
----------------------------Auto Adjust--------------------------
Actual ROM(Load View) Size = 0x951988
current ROM Length in LDS= 0xd00000
current RAM Origin in LDS = 0xd00000
current RAM Length in LDS= 0x2b00000
current 1stER in ram = EXTSRAM, VMA=0xd00000
current RAM Usage = 0x24be5d4
current RAM Reserved Sizes = 0x40000
current RAM Margin = 0x601a2c
current at least Margin setting = 0x80000
expected ROM Sizes = 0xa00000
expected VRAM Base = 0xa00000
expected RAM Sizes = 0x2600000
expected MD Sizes to be 1MB aligned:
expected MD_LV Sizes to be 2MB aligned:
expected MD Sizes(ROM+RAM) = 0x3000000 = 48 MB 
-----------------------------------------------------------------
Modify ROM Length = 0xa00000
Modify RAM ORIGIN = 0xa00000
Modify RAM Length = 0x2600000
-----------------------------------------------------------------
RESULT = [4]AUTOCONFIG_SELF_MODIFY_SUCCESS, PASS
====================================================================

