driver/devdrv/arm7wdt/src/dcl_arm7wdt.c
driver/devdrv/arm7wdt/src/drv_arm7wdt.c
driver/devdrv/auxadc/src/adc.c
driver/devdrv/auxadc/src/dcl_adc.c
driver/devdrv/auxadc/src/drv_thermal_protect.c
driver/devdrv/boot_init/src/abm_init.c
driver/devdrv/boot_init/src/arm7_init.c
driver/devdrv/boot_init/src/bootrom_init.c
driver/devdrv/boot_init/src/bus_init.c
driver/devdrv/boot_init/src/busmon_init.c
driver/devdrv/boot_init/src/ca7_init.c
driver/devdrv/boot_init/src/ccif_init.c
driver/devdrv/boot_init/src/cldma_init.c
driver/devdrv/boot_init/src/cr4pcmon_init.c
driver/devdrv/boot_init/src/dbgsys_init.c
driver/devdrv/boot_init/src/drv_boot_init.c
driver/devdrv/boot_init/src/ehpi_master_init.c
driver/devdrv/boot_init/src/ehpi_slave_init.c
driver/devdrv/boot_init/src/gdma_init.c
driver/devdrv/boot_init/src/gpio_init.c
driver/devdrv/boot_init/src/gptm_init.c
driver/devdrv/boot_init/src/i2c_init.c
driver/devdrv/boot_init/src/ipsec_init.c
driver/devdrv/boot_init/src/led_init.c
driver/devdrv/boot_init/src/ltel2_init.c
driver/devdrv/boot_init/src/mdcaif_init.c
driver/devdrv/boot_init/src/mdcirq_init.c
driver/devdrv/boot_init/src/msdc_init.c
driver/devdrv/boot_init/src/nfi_init.c
driver/devdrv/boot_init/src/nic_init.c
driver/devdrv/boot_init/src/nli_init.c
driver/devdrv/boot_init/src/pfc_init.c
driver/devdrv/boot_init/src/rtc_init.c
driver/devdrv/boot_init/src/sdio_init.c
driver/devdrv/boot_init/src/spi_init.c
driver/devdrv/boot_init/src/trace_init.c
driver/devdrv/boot_init/src/u2_init.c
driver/devdrv/boot_init/src/u3_init.c
driver/devdrv/boot_init/src/uart_init.c
driver/devdrv/boot_init/src/usim_init.c
driver/devdrv/bus/src/bus_drv_v2.c
driver/devdrv/busmon/src/drv_busmon.c
driver/devdrv/cfgctl/src/drv_cfgctl.c
driver/devdrv/chr_det/src/dcl_chr_det.c
driver/devdrv/cirq_v2/src/GCC/irq_gcc.S
driver/devdrv/cirq_v2/src/GCC/vic_entry.S
driver/devdrv/cirq_v2/src/drv_mdcirq.c
driver/devdrv/cirq_v2/src/isrentry.c
driver/devdrv/common/src/GCC/mon_counter.S
driver/devdrv/common/src/devdrv_common.c
driver/devdrv/common/src/devdrv_hisr.c
driver/devdrv/coresight/src/drv_coresight.c
driver/devdrv/dcm/src/dcm_service.c
driver/devdrv/dcm/src/drv_dcm.c
driver/devdrv/dcm/src/drv_lpm.c
driver/devdrv/dem/src/drv_dem.c
driver/devdrv/devdrv_fakeapi/src/devdrv_fakeapi.c
driver/devdrv/eint/src/dcl_eint.c
driver/devdrv/eint/src/drv_eint.c
driver/devdrv/eint/src/eint_setting_init.c
driver/devdrv/elm/src/elm.c
driver/devdrv/emi/src/emimpu.c
driver/devdrv/f32k/src/dcl_f32k_clk.c
driver/devdrv/gdma/src/drv_gdma.c
driver/devdrv/gpio/src/dcl_gpio.c
driver/devdrv/gpio/src/drv_gpio.c
driver/devdrv/gpio/src/gpio_setting.c
driver/devdrv/gpt/src/dcl_gpt.c
driver/devdrv/gpt/src/drv_gpt.c
driver/devdrv/i2c/src/i2c_pmic.c
driver/devdrv/idc/src/dcl_idc.c
driver/devdrv/idc/src/drv_idc.c
driver/devdrv/malmo/src/MalmoDriver.c
driver/devdrv/mdipc/src/cc_irq.c
driver/devdrv/mdipc/src/cc_irq_msg.c
driver/devdrv/mdipc/src/cc_sys_comm.c
driver/devdrv/mdipc/src/md_pccif.c
driver/devdrv/pcmon/src/drv_pcmon.c
driver/devdrv/pdn/src/drvpdn.c
driver/devdrv/pfb/src/drv_pfb.c
driver/devdrv/pll/src/pll_mt6735.c
driver/devdrv/pmic/src/dcl_pmic6328.c
driver/devdrv/pmic/src/dcl_pmic6328_init.c
driver/devdrv/pmic/src/dcl_pmu.c
driver/devdrv/pmic/src/dcl_pmu_common.c
driver/devdrv/pmic_wrap/src/pmic_wrap.c
driver/devdrv/pw/src/dcl_pw.c
driver/devdrv/rstctl/src/dcl_rstctl.c
driver/devdrv/rstctl/src/drv_rstctl.c
driver/devdrv/rtc/src/dcl_rtc.c
driver/devdrv/timer/src/event_timer.c
driver/devdrv/uart/src/dbgprint.c
driver/devdrv/uart/src/uart.c
driver/devdrv/uart/src/uart_handler.c
driver/devdrv/us_counter/src/uscounter_v2.c
driver/devdrv/usim/src/dcl_sim.c
driver/devdrv/usim/src/icc_sim_common_mtk.c
driver/devdrv/usim/src/icc_switchControl_al.c
driver/devdrv/usim/src/icc_switchControl_mtk_0.c
driver/devdrv/usim/src/icc_switchControl_mtk_1.c
driver/devdrv/usim/src/usim_smt.c
driver/storage/mc/src/dcl_memory_card.c
driver/storage/mc/src/msdc.c
driver/storage/mc/src/usbms_msdc.c

