./build/HCT6737M_65_N/LWG_DSDS/dhl/database/CompTrcDefs.lst
./build/HCT6737M_65_N/LWG_DSDS/tmp/~inc_def.tmp
build/HCT6737M_65_N/LWG_DSDS/bin/dep/codegen_dep/cgen_preflow.det
./build/HCT6737M_65_N/LWG_DSDS/dhl/database/enumFileCustomAppSrc
build/HCT6737M_65_N/LWG_DSDS/bin/dep/codegen_dep/cgen_cm.det
build/HCT6737M_65_N/LWG_DSDS/bin/dep/codegen_dep/cgen_ps_Modem.det
./build/HCT6737M_65_N/LWG_DSDS/dhl/database/pstrace_db/ps_trace.h
build/HCT6737M_65_N/LWG_DSDS/bin/dep/codegen_dep/cgen_db_sig.det
build/HCT6737M_65_N/LWG_DSDS/bin/dep/codegen_dep/log2SD_Catcher_filters.det
./build/HCT6737M_65_N/LWG_DSDS/dhl/database/log2SD_Catcher_filters.ini
./build/HCT6737M_65_N/LWG_DSDS/dhl/src/tst_file_default_Catcher_filter.c
./build/HCT6737M_65_N/LWG_DSDS/dhl/src/tst_mini_log_default_Catcher_filter.c
./build/HCT6737M_65_N/LWG_DSDS/dhl/database/catcher_filter.bin
./build/HCT6737M_65_N/LWG_DSDS/dhl/database/dsp_filter.bin
./build/HCT6737M_65_N/LWG_DSDS/dhl/database/merge_filter.bin
build/HCT6737M_65_N/LWG_DSDS/bin/dep/codegen_dep/cgen_filter_gen_Modem.det
build/HCT6737M_65_N/LWG_DSDS/bin/dep/codegen_dep/cgen_cfg_Modem.det
build/HCT6737M_65_N/LWG_DSDS/bin/dep/codegen_dep/codegen.det
./build/HCT6737M_65_N/LWG_DSDS/dhl/database/cgenModem.cfg
./build/HCT6737M_65_N/LWG_DSDS/dhl/lte_sec/database/cgenModem_sec.cfg
./build/HCT6737M_65_N/LWG_DSDS/dhl/database/BPLGUInfoCustomAppSrcP_MT6735_S00_MOLY_LR9_W1444_MD_LWTG_MP_V110_5_P1
./build/HCT6737M_65_N/LWG_DSDS/dhl/lte_sec/database/BPLGUInfoCustomAppSrcP_MT6735_S00_MOLY_LR9_W1444_MD_LWTG_MP_V110_5_P1_sec
