modem/l4/phb/src/phb_common.c
modem/l4/phb/src/phb_config.c
modem/l4/phb/src/phb_context.c
modem/l4/phb/src/phb_control_block.c
modem/l4/phb/src/phb_data_desc.c
modem/l4/phb/src/phb_data_entry_table.c
modem/l4/phb/src/phb_handler_approve.c
modem/l4/phb/src/phb_handler_delete.c
modem/l4/phb/src/phb_handler_delete_ln.c
modem/l4/phb/src/phb_handler_read.c
modem/l4/phb/src/phb_handler_read_ln.c
modem/l4/phb/src/phb_handler_sat.c
modem/l4/phb/src/phb_handler_search.c
modem/l4/phb/src/phb_handler_startup.c
modem/l4/phb/src/phb_handler_startup_ln.c
modem/l4/phb/src/phb_handler_write.c
modem/l4/phb/src/phb_handler_write_ln.c
modem/l4/phb/src/phb_ilm.c
modem/l4/phb/src/phb_main.c
modem/l4/phb/src/phb_name_num_index.c
modem/l4/phb/src/phb_nvram_access.c
modem/l4/phb/src/phb_pindex.c
modem/l4/phb/src/phb_sap.c
modem/l4/phb/src/phb_se.c
modem/l4/phb/src/phb_sim_access.c
modem/l4/phb/src/phb_utils.c
modem/l4/uem/src/uem_at_cmd.c
modem/l4/uem/src/uem_gpio_ctrl.c
modem/l4/uem/src/uem_main.c
modem/l4/uem/src/uem_msg_hdlr.c
modem/l4/uem/src/uem_proc_cmd.c
modem/l4/uem/src/uem_proc_msg.c
modem/l4/uem/src/uem_utility.c

