make[1]: Entering directory '/media/snowcat/ANDROID/modem'
Compiling middleware/hif/cccidev/cccidev_task/src/cccidev_task.c ...
Compiling middleware/hif/cccidev/ccci_tty/src/cccitty_data.c ...
middleware/hif/cccidev/ccci_tty/src/cccitty_data.c: In function 'cccitty_check_ul_gpd_list_sequence':
middleware/hif/cccidev/ccci_tty/src/cccitty_data.c:132:5: warning: passing argument 4 of 'kal_assert_fail_ext' makes integer from pointer without a cast [enabled by default]
./interface/service/kal/kal_public_api.h:3928:13: note: expected 'kal_uint32' but argument is of type 'struct qbm_gpd *'
middleware/hif/cccidev/ccci_tty/src/cccitty_data.c:132:5: warning: passing argument 5 of 'kal_assert_fail_ext' makes integer from pointer without a cast [enabled by default]
./interface/service/kal/kal_public_api.h:3928:13: note: expected 'kal_uint32' but argument is of type 'struct qbm_gpd *'
middleware/hif/cccidev/ccci_tty/src/cccitty_data.c: In function 'cccitty_process_dl_gpd_list':
middleware/hif/cccidev/ccci_tty/src/cccitty_data.c:171:5: warning: passing argument 5 of 'kal_assert_fail_ext' makes integer from pointer without a cast [enabled by default]
./interface/service/kal/kal_public_api.h:3928:13: note: expected 'kal_uint32' but argument is of type 'struct qbm_gpd *'
middleware/hif/cccidev/ccci_tty/src/cccitty_data.c:171:5: warning: passing argument 6 of 'kal_assert_fail_ext' makes integer from pointer without a cast [enabled by default]
./interface/service/kal/kal_public_api.h:3928:13: note: expected 'kal_uint32' but argument is of type 'struct qbm_gpd *'
Compiling middleware/hif/cccidev/ccci_tty/src/cccitty_except.c ...
Compiling middleware/hif/cccidev/ccci_tty/src/cccitty_hdr.c ...
Compiling middleware/hif/cccidev/ccci_tty/src/cccitty_hmu.c ...
Compiling middleware/hif/cccidev/ccci_tty/src/cccitty_it.c ...
Compiling middleware/hif/cccidev/ccci_tty/src/cccitty_sm.c ...
Compiling middleware/hif/cccidev/ccci_tty/src/cccitty_ut.c ...
Compiling middleware/hif/cccidev/ccci_ccmni/src/ccmni_data.c ...
middleware/hif/cccidev/ccci_ccmni/src/ccmni_data.c: In function 'ccmni_print_IPv6':
middleware/hif/cccidev/ccci_ccmni/src/ccmni_data.c:172:21: warning: initialization from incompatible pointer type [enabled by default]
middleware/hif/cccidev/ccci_ccmni/src/ccmni_data.c: In function 'ccmni_process_dl_gpd_list':
middleware/hif/cccidev/ccci_ccmni/src/ccmni_data.c:254:25: warning: unused variable 'seq_no' [-Wunused-variable]
middleware/hif/cccidev/ccci_ccmni/src/ccmni_data.c: In function 'ccmni_ccci_ul_cb':
middleware/hif/cccidev/ccci_ccmni/src/ccmni_data.c:541:33: warning: variable 'seq_no' set but not used [-Wunused-but-set-variable]
middleware/hif/cccidev/ccci_ccmni/src/ccmni_data.c: At top level:
middleware/hif/cccidev/ccci_ccmni/src/ccmni_data.c:158:13: warning: 'ccmni_dump_data' defined but not used [-Wunused-function]
Compiling middleware/hif/cccidev/ccci_ccmni/src/ccmni_hmu.c ...
Compiling middleware/hif/cccidev/ccci_ccmni/src/ccmni_it.c ...
Compiling middleware/hif/cccidev/ccci_ccmni/src/ccmni_pfp.c ...
Compiling middleware/hif/cccidev/ccci_ccmni/src/ccmni_sm.c ...
middleware/hif/cccidev/ccci_ccmni/src/ccmni_sm.c: In function 'ccmni_task_init':
middleware/hif/cccidev/ccci_ccmni/src/ccmni_sm.c:643:5: warning: implicit declaration of function 'qbm_reg_cbk_notify_pool_status' [-Wimplicit-function-declaration]
Compiling middleware/hif/cccidev/ccci_ccmni/src/ccmni_ut.c ...
Module cccidev is in DEFALUT mode
tools/GCC/4.6.2/linux/bin/arm-none-eabi-gcc -mthumb @./build/HCT6737M_65_N/LWG_DSDS/bin/via/cccidev.via @./build/HCT6737M_65_N/LWG_DSDS/bin/via/cccidev_inc.via -c -Wno-attributes -Wno-pragmas -march=armv7-r -mcpu=cortex-r4 -mlittle-endian -Wa,-mimplicit-it=always -mabi=aapcs -Os -fno-strict-aliasing -fno-common -fno-exceptions -ffunction-sections -fdata-sections -fno-delete-null-pointer-checks -Wall -c -mno-unaligned-access -fshort-wchar -MMD -MF ./build/HCT6737M_65_N/LWG_DSDS/bin/dep/cccidev/ccmni_data.d -o ./build/HCT6737M_65_N/LWG_DSDS/bin/obj/cccidev/ccmni_data.obj middleware/hif/cccidev/ccci_ccmni/src/ccmni_data.c 2>>./build/HCT6737M_65_N/LWG_DSDS/bin/log/cccidev/ccmni_data.log
tools/GCC/4.6.2/linux/bin/arm-none-eabi-gcc -mthumb @./build/HCT6737M_65_N/LWG_DSDS/bin/via/cccidev.via @./build/HCT6737M_65_N/LWG_DSDS/bin/via/cccidev_inc.via -c -Wno-attributes -Wno-pragmas -march=armv7-r -mcpu=cortex-r4 -mlittle-endian -Wa,-mimplicit-it=always -mabi=aapcs -Os -fno-strict-aliasing -fno-common -fno-exceptions -ffunction-sections -fdata-sections -fno-delete-null-pointer-checks -Wall -c -mno-unaligned-access -fshort-wchar -MMD -MF ./build/HCT6737M_65_N/LWG_DSDS/bin/dep/cccidev/ccmni_it.d -o ./build/HCT6737M_65_N/LWG_DSDS/bin/obj/cccidev/ccmni_it.obj middleware/hif/cccidev/ccci_ccmni/src/ccmni_it.c 2>>./build/HCT6737M_65_N/LWG_DSDS/bin/log/cccidev/ccmni_it.log
tools/GCC/4.6.2/linux/bin/arm-none-eabi-gcc -mthumb @./build/HCT6737M_65_N/LWG_DSDS/bin/via/cccidev.via @./build/HCT6737M_65_N/LWG_DSDS/bin/via/cccidev_inc.via -c -Wno-attributes -Wno-pragmas -march=armv7-r -mcpu=cortex-r4 -mlittle-endian -Wa,-mimplicit-it=always -mabi=aapcs -Os -fno-strict-aliasing -fno-common -fno-exceptions -ffunction-sections -fdata-sections -fno-delete-null-pointer-checks -Wall -c -mno-unaligned-access -fshort-wchar -MMD -MF ./build/HCT6737M_65_N/LWG_DSDS/bin/dep/cccidev/ccmni_pfp.d -o ./build/HCT6737M_65_N/LWG_DSDS/bin/obj/cccidev/ccmni_pfp.obj middleware/hif/cccidev/ccci_ccmni/src/ccmni_pfp.c 2>>./build/HCT6737M_65_N/LWG_DSDS/bin/log/cccidev/ccmni_pfp.log
tools/GCC/4.6.2/linux/bin/arm-none-eabi-gcc -mthumb @./build/HCT6737M_65_N/LWG_DSDS/bin/via/cccidev.via @./build/HCT6737M_65_N/LWG_DSDS/bin/via/cccidev_inc.via -c -Wno-attributes -Wno-pragmas -march=armv7-r -mcpu=cortex-r4 -mlittle-endian -Wa,-mimplicit-it=always -mabi=aapcs -Os -fno-strict-aliasing -fno-common -fno-exceptions -ffunction-sections -fdata-sections -fno-delete-null-pointer-checks -Wall -c -mno-unaligned-access -fshort-wchar -MMD -MF ./build/HCT6737M_65_N/LWG_DSDS/bin/dep/cccidev/ccmni_hmu.d -o ./build/HCT6737M_65_N/LWG_DSDS/bin/obj/cccidev/ccmni_hmu.obj middleware/hif/cccidev/ccci_ccmni/src/ccmni_hmu.c 2>>./build/HCT6737M_65_N/LWG_DSDS/bin/log/cccidev/ccmni_hmu.log
tools/GCC/4.6.2/linux/bin/arm-none-eabi-gcc -mthumb @./build/HCT6737M_65_N/LWG_DSDS/bin/via/cccidev.via @./build/HCT6737M_65_N/LWG_DSDS/bin/via/cccidev_inc.via -c -Wno-attributes -Wno-pragmas -march=armv7-r -mcpu=cortex-r4 -mlittle-endian -Wa,-mimplicit-it=always -mabi=aapcs -Os -fno-strict-aliasing -fno-common -fno-exceptions -ffunction-sections -fdata-sections -fno-delete-null-pointer-checks -Wall -c -mno-unaligned-access -fshort-wchar -MMD -MF ./build/HCT6737M_65_N/LWG_DSDS/bin/dep/cccidev/ccmni_sm.d -o ./build/HCT6737M_65_N/LWG_DSDS/bin/obj/cccidev/ccmni_sm.obj middleware/hif/cccidev/ccci_ccmni/src/ccmni_sm.c 2>>./build/HCT6737M_65_N/LWG_DSDS/bin/log/cccidev/ccmni_sm.log
tools/GCC/4.6.2/linux/bin/arm-none-eabi-gcc -mthumb @./build/HCT6737M_65_N/LWG_DSDS/bin/via/cccidev.via @./build/HCT6737M_65_N/LWG_DSDS/bin/via/cccidev_inc.via -c -Wno-attributes -Wno-pragmas -march=armv7-r -mcpu=cortex-r4 -mlittle-endian -Wa,-mimplicit-it=always -mabi=aapcs -Os -fno-strict-aliasing -fno-common -fno-exceptions -ffunction-sections -fdata-sections -fno-delete-null-pointer-checks -Wall -c -mno-unaligned-access -fshort-wchar -MMD -MF ./build/HCT6737M_65_N/LWG_DSDS/bin/dep/cccidev/ccmni_ut.d -o ./build/HCT6737M_65_N/LWG_DSDS/bin/obj/cccidev/ccmni_ut.obj middleware/hif/cccidev/ccci_ccmni/src/ccmni_ut.c 2>>./build/HCT6737M_65_N/LWG_DSDS/bin/log/cccidev/ccmni_ut.log
tools/GCC/4.6.2/linux/bin/arm-none-eabi-gcc -mthumb @./build/HCT6737M_65_N/LWG_DSDS/bin/via/cccidev.via @./build/HCT6737M_65_N/LWG_DSDS/bin/via/cccidev_inc.via -c -Wno-attributes -Wno-pragmas -march=armv7-r -mcpu=cortex-r4 -mlittle-endian -Wa,-mimplicit-it=always -mabi=aapcs -Os -fno-strict-aliasing -fno-common -fno-exceptions -ffunction-sections -fdata-sections -fno-delete-null-pointer-checks -Wall -c -mno-unaligned-access -fshort-wchar -MMD -MF ./build/HCT6737M_65_N/LWG_DSDS/bin/dep/cccidev/cccitty_data.d -o ./build/HCT6737M_65_N/LWG_DSDS/bin/obj/cccidev/cccitty_data.obj middleware/hif/cccidev/ccci_tty/src/cccitty_data.c 2>>./build/HCT6737M_65_N/LWG_DSDS/bin/log/cccidev/cccitty_data.log
tools/GCC/4.6.2/linux/bin/arm-none-eabi-gcc -mthumb @./build/HCT6737M_65_N/LWG_DSDS/bin/via/cccidev.via @./build/HCT6737M_65_N/LWG_DSDS/bin/via/cccidev_inc.via -c -Wno-attributes -Wno-pragmas -march=armv7-r -mcpu=cortex-r4 -mlittle-endian -Wa,-mimplicit-it=always -mabi=aapcs -Os -fno-strict-aliasing -fno-common -fno-exceptions -ffunction-sections -fdata-sections -fno-delete-null-pointer-checks -Wall -c -mno-unaligned-access -fshort-wchar -MMD -MF ./build/HCT6737M_65_N/LWG_DSDS/bin/dep/cccidev/cccitty_except.d -o ./build/HCT6737M_65_N/LWG_DSDS/bin/obj/cccidev/cccitty_except.obj middleware/hif/cccidev/ccci_tty/src/cccitty_except.c 2>>./build/HCT6737M_65_N/LWG_DSDS/bin/log/cccidev/cccitty_except.log
tools/GCC/4.6.2/linux/bin/arm-none-eabi-gcc -mthumb @./build/HCT6737M_65_N/LWG_DSDS/bin/via/cccidev.via @./build/HCT6737M_65_N/LWG_DSDS/bin/via/cccidev_inc.via -c -Wno-attributes -Wno-pragmas -march=armv7-r -mcpu=cortex-r4 -mlittle-endian -Wa,-mimplicit-it=always -mabi=aapcs -Os -fno-strict-aliasing -fno-common -fno-exceptions -ffunction-sections -fdata-sections -fno-delete-null-pointer-checks -Wall -c -mno-unaligned-access -fshort-wchar -MMD -MF ./build/HCT6737M_65_N/LWG_DSDS/bin/dep/cccidev/cccitty_hdr.d -o ./build/HCT6737M_65_N/LWG_DSDS/bin/obj/cccidev/cccitty_hdr.obj middleware/hif/cccidev/ccci_tty/src/cccitty_hdr.c 2>>./build/HCT6737M_65_N/LWG_DSDS/bin/log/cccidev/cccitty_hdr.log
tools/GCC/4.6.2/linux/bin/arm-none-eabi-gcc -mthumb @./build/HCT6737M_65_N/LWG_DSDS/bin/via/cccidev.via @./build/HCT6737M_65_N/LWG_DSDS/bin/via/cccidev_inc.via -c -Wno-attributes -Wno-pragmas -march=armv7-r -mcpu=cortex-r4 -mlittle-endian -Wa,-mimplicit-it=always -mabi=aapcs -Os -fno-strict-aliasing -fno-common -fno-exceptions -ffunction-sections -fdata-sections -fno-delete-null-pointer-checks -Wall -c -mno-unaligned-access -fshort-wchar -MMD -MF ./build/HCT6737M_65_N/LWG_DSDS/bin/dep/cccidev/cccitty_hmu.d -o ./build/HCT6737M_65_N/LWG_DSDS/bin/obj/cccidev/cccitty_hmu.obj middleware/hif/cccidev/ccci_tty/src/cccitty_hmu.c 2>>./build/HCT6737M_65_N/LWG_DSDS/bin/log/cccidev/cccitty_hmu.log
tools/GCC/4.6.2/linux/bin/arm-none-eabi-gcc -mthumb @./build/HCT6737M_65_N/LWG_DSDS/bin/via/cccidev.via @./build/HCT6737M_65_N/LWG_DSDS/bin/via/cccidev_inc.via -c -Wno-attributes -Wno-pragmas -march=armv7-r -mcpu=cortex-r4 -mlittle-endian -Wa,-mimplicit-it=always -mabi=aapcs -Os -fno-strict-aliasing -fno-common -fno-exceptions -ffunction-sections -fdata-sections -fno-delete-null-pointer-checks -Wall -c -mno-unaligned-access -fshort-wchar -MMD -MF ./build/HCT6737M_65_N/LWG_DSDS/bin/dep/cccidev/cccitty_it.d -o ./build/HCT6737M_65_N/LWG_DSDS/bin/obj/cccidev/cccitty_it.obj middleware/hif/cccidev/ccci_tty/src/cccitty_it.c 2>>./build/HCT6737M_65_N/LWG_DSDS/bin/log/cccidev/cccitty_it.log
tools/GCC/4.6.2/linux/bin/arm-none-eabi-gcc -mthumb @./build/HCT6737M_65_N/LWG_DSDS/bin/via/cccidev.via @./build/HCT6737M_65_N/LWG_DSDS/bin/via/cccidev_inc.via -c -Wno-attributes -Wno-pragmas -march=armv7-r -mcpu=cortex-r4 -mlittle-endian -Wa,-mimplicit-it=always -mabi=aapcs -Os -fno-strict-aliasing -fno-common -fno-exceptions -ffunction-sections -fdata-sections -fno-delete-null-pointer-checks -Wall -c -mno-unaligned-access -fshort-wchar -MMD -MF ./build/HCT6737M_65_N/LWG_DSDS/bin/dep/cccidev/cccitty_ut.d -o ./build/HCT6737M_65_N/LWG_DSDS/bin/obj/cccidev/cccitty_ut.obj middleware/hif/cccidev/ccci_tty/src/cccitty_ut.c 2>>./build/HCT6737M_65_N/LWG_DSDS/bin/log/cccidev/cccitty_ut.log
tools/GCC/4.6.2/linux/bin/arm-none-eabi-gcc -mthumb @./build/HCT6737M_65_N/LWG_DSDS/bin/via/cccidev.via @./build/HCT6737M_65_N/LWG_DSDS/bin/via/cccidev_inc.via -c -Wno-attributes -Wno-pragmas -march=armv7-r -mcpu=cortex-r4 -mlittle-endian -Wa,-mimplicit-it=always -mabi=aapcs -Os -fno-strict-aliasing -fno-common -fno-exceptions -ffunction-sections -fdata-sections -fno-delete-null-pointer-checks -Wall -c -mno-unaligned-access -fshort-wchar -MMD -MF ./build/HCT6737M_65_N/LWG_DSDS/bin/dep/cccidev/cccitty_sm.d -o ./build/HCT6737M_65_N/LWG_DSDS/bin/obj/cccidev/cccitty_sm.obj middleware/hif/cccidev/ccci_tty/src/cccitty_sm.c 2>>./build/HCT6737M_65_N/LWG_DSDS/bin/log/cccidev/cccitty_sm.log
tools/GCC/4.6.2/linux/bin/arm-none-eabi-gcc -mthumb @./build/HCT6737M_65_N/LWG_DSDS/bin/via/cccidev.via @./build/HCT6737M_65_N/LWG_DSDS/bin/via/cccidev_inc.via -c -Wno-attributes -Wno-pragmas -march=armv7-r -mcpu=cortex-r4 -mlittle-endian -Wa,-mimplicit-it=always -mabi=aapcs -Os -fno-strict-aliasing -fno-common -fno-exceptions -ffunction-sections -fdata-sections -fno-delete-null-pointer-checks -Wall -c -mno-unaligned-access -fshort-wchar -MMD -MF ./build/HCT6737M_65_N/LWG_DSDS/bin/dep/cccidev/cccidev_task.d -o ./build/HCT6737M_65_N/LWG_DSDS/bin/obj/cccidev/cccidev_task.obj middleware/hif/cccidev/cccidev_task/src/cccidev_task.c 2>>./build/HCT6737M_65_N/LWG_DSDS/bin/log/cccidev/cccidev_task.log
tools/GCC/4.6.2/linux/bin/arm-none-eabi-ar: creating ./build/HCT6737M_65_N/LWG_DSDS/bin/lib/libcccidev.a
./build/HCT6737M_65_N/LWG_DSDS/bin/lib/libcccidev.a is updated
make[1]: Leaving directory '/media/snowcat/ANDROID/modem'
