make[1]: Entering directory '/media/snowcat/ANDROID/modem'
Compiling driver/devdrv/malmo/src/MalmoDriver.c ...
Compiling driver/devdrv/boot_init/src/abm_init.c ...
Compiling driver/devdrv/auxadc/src/adc.c ...
Compiling driver/devdrv/boot_init/src/arm7_init.c ...
Compiling driver/devdrv/boot_init/src/bootrom_init.c ...
Compiling driver/devdrv/bus/src/bus_drv_v2.c ...
Compiling driver/devdrv/boot_init/src/bus_init.c ...
Compiling driver/devdrv/boot_init/src/busmon_init.c ...
Compiling driver/devdrv/boot_init/src/ca7_init.c ...
Compiling driver/devdrv/mdipc/src/cc_irq.c ...
Compiling driver/devdrv/mdipc/src/cc_irq_msg.c ...
Compiling driver/devdrv/mdipc/src/cc_sys_comm.c ...
Compiling driver/devdrv/boot_init/src/ccif_init.c ...
Compiling driver/devdrv/boot_init/src/cldma_init.c ...
Compiling driver/devdrv/boot_init/src/cr4pcmon_init.c ...
Compiling driver/devdrv/uart/src/dbgprint.c ...
Compiling driver/devdrv/boot_init/src/dbgsys_init.c ...
Compiling driver/devdrv/auxadc/src/dcl_adc.c ...
Compiling driver/devdrv/arm7wdt/src/dcl_arm7wdt.c ...
Compiling driver/devdrv/chr_det/src/dcl_chr_det.c ...
Compiling driver/devdrv/eint/src/dcl_eint.c ...
Compiling driver/devdrv/f32k/src/dcl_f32k_clk.c ...
Compiling driver/devdrv/gpio/src/dcl_gpio.c ...
Compiling driver/devdrv/gpt/src/dcl_gpt.c ...
Compiling driver/devdrv/idc/src/dcl_idc.c ...
Compiling driver/storage/mc/src/dcl_memory_card.c ...
Compiling driver/devdrv/pmic/src/dcl_pmic6328.c ...
Compiling driver/devdrv/pmic/src/dcl_pmic6328_init.c ...
Compiling driver/devdrv/pmic/src/dcl_pmu.c ...
Compiling driver/devdrv/pmic/src/dcl_pmu_common.c ...
Compiling driver/devdrv/pw/src/dcl_pw.c ...
Compiling driver/devdrv/rstctl/src/dcl_rstctl.c ...
Compiling driver/devdrv/rtc/src/dcl_rtc.c ...
Compiling driver/devdrv/usim/src/dcl_sim.c ...
Compiling driver/devdrv/dcm/src/dcm_service.c ...
Compiling driver/devdrv/common/src/devdrv_common.c ...
Compiling driver/devdrv/devdrv_fakeapi/src/devdrv_fakeapi.c ...
Compiling driver/devdrv/common/src/devdrv_hisr.c ...
Compiling driver/devdrv/arm7wdt/src/drv_arm7wdt.c ...
Compiling driver/devdrv/boot_init/src/drv_boot_init.c ...
Compiling driver/devdrv/busmon/src/drv_busmon.c ...
Compiling driver/devdrv/cfgctl/src/drv_cfgctl.c ...
Compiling driver/devdrv/coresight/src/drv_coresight.c ...
Compiling driver/devdrv/dcm/src/drv_dcm.c ...
Compiling driver/devdrv/dem/src/drv_dem.c ...
Compiling driver/devdrv/eint/src/drv_eint.c ...
Compiling driver/devdrv/gdma/src/drv_gdma.c ...
Compiling driver/devdrv/gpio/src/drv_gpio.c ...
Compiling driver/devdrv/gpt/src/drv_gpt.c ...
Compiling driver/devdrv/idc/src/drv_idc.c ...
Compiling driver/devdrv/dcm/src/drv_lpm.c ...
Compiling driver/devdrv/cirq_v2/src/drv_mdcirq.c ...
Compiling driver/devdrv/pcmon/src/drv_pcmon.c ...
Compiling driver/devdrv/pfb/src/drv_pfb.c ...
Compiling driver/devdrv/rstctl/src/drv_rstctl.c ...
Compiling driver/devdrv/auxadc/src/drv_thermal_protect.c ...
Compiling driver/devdrv/pdn/src/drvpdn.c ...
Compiling driver/devdrv/boot_init/src/ehpi_master_init.c ...
Compiling driver/devdrv/boot_init/src/ehpi_slave_init.c ...
Compiling driver/devdrv/eint/src/eint_setting_init.c ...
Compiling driver/devdrv/elm/src/elm.c ...
Compiling driver/devdrv/emi/src/emimpu.c ...
Compiling driver/devdrv/timer/src/event_timer.c ...
Compiling driver/devdrv/boot_init/src/gdma_init.c ...
Compiling driver/devdrv/boot_init/src/gpio_init.c ...
Compiling driver/devdrv/gpio/src/gpio_setting.c ...
Compiling driver/devdrv/boot_init/src/gptm_init.c ...
Compiling driver/devdrv/boot_init/src/i2c_init.c ...
Compiling driver/devdrv/i2c/src/i2c_pmic.c ...
Compiling driver/devdrv/usim/src/icc_sim_common_mtk.c ...
Compiling driver/devdrv/usim/src/icc_switchControl_al.c ...
Compiling driver/devdrv/usim/src/icc_switchControl_mtk_0.c ...
Compiling driver/devdrv/usim/src/icc_switchControl_mtk_1.c ...
Compiling driver/devdrv/boot_init/src/ipsec_init.c ...
Pre-compiling driver/devdrv/cirq_v2/src/GCC/irq_gcc.S ...
Compiling driver/devdrv/cirq_v2/src/GCC/irq_gcc.S ...
Compiling driver/devdrv/cirq_v2/src/isrentry.c ...
Compiling driver/devdrv/boot_init/src/led_init.c ...
Compiling driver/devdrv/boot_init/src/ltel2_init.c ...
Compiling driver/devdrv/mdipc/src/md_pccif.c ...
Compiling driver/devdrv/boot_init/src/mdcaif_init.c ...
Compiling driver/devdrv/boot_init/src/mdcirq_init.c ...
Pre-compiling driver/devdrv/common/src/GCC/mon_counter.S ...
Compiling driver/devdrv/common/src/GCC/mon_counter.S ...
Compiling driver/storage/mc/src/msdc.c ...
Compiling driver/devdrv/boot_init/src/msdc_init.c ...
Compiling driver/devdrv/boot_init/src/nfi_init.c ...
Compiling driver/devdrv/boot_init/src/nic_init.c ...
Compiling driver/devdrv/boot_init/src/nli_init.c ...
Compiling driver/devdrv/boot_init/src/pfc_init.c ...
Compiling driver/devdrv/pll/src/pll_mt6735.c ...
Compiling driver/devdrv/pmic_wrap/src/pmic_wrap.c ...
Compiling driver/devdrv/boot_init/src/rtc_init.c ...
Compiling driver/devdrv/boot_init/src/sdio_init.c ...
Compiling driver/devdrv/boot_init/src/spi_init.c ...
Compiling driver/devdrv/boot_init/src/trace_init.c ...
Compiling driver/devdrv/boot_init/src/u2_init.c ...
Compiling driver/devdrv/boot_init/src/u3_init.c ...
Compiling driver/devdrv/uart/src/uart.c ...
Compiling driver/devdrv/uart/src/uart_handler.c ...
Compiling driver/devdrv/boot_init/src/uart_init.c ...
Compiling driver/storage/mc/src/usbms_msdc.c ...
Compiling driver/devdrv/us_counter/src/uscounter_v2.c ...
Compiling driver/devdrv/boot_init/src/usim_init.c ...
Compiling driver/devdrv/usim/src/usim_smt.c ...
Pre-compiling driver/devdrv/cirq_v2/src/GCC/vic_entry.S ...
Compiling driver/devdrv/cirq_v2/src/GCC/vic_entry.S ...
Module devdrv is in DEBUG mode
tools/GCC/4.6.2/linux/bin/arm-none-eabi-gcc -mthumb @./build/HCT6737M_65_N/LWG_DSDS/bin/via/devdrv.via @./build/HCT6737M_65_N/LWG_DSDS/bin/via/devdrv_inc.via -c -Wno-attributes -Wno-pragmas -march=armv7-r -mcpu=cortex-r4 -mlittle-endian -Wa,-mimplicit-it=always -mabi=aapcs -Os -fno-strict-aliasing -fno-common -fno-exceptions -ffunction-sections -fdata-sections -fno-delete-null-pointer-checks -Wall -c -mno-unaligned-access -fshort-wchar -Werror -gdwarf-3 -MMD -MF ./build/HCT6737M_65_N/LWG_DSDS/bin/dep/devdrv/dcl_arm7wdt.d -o ./build/HCT6737M_65_N/LWG_DSDS/bin/obj/devdrv/dcl_arm7wdt.obj driver/devdrv/arm7wdt/src/dcl_arm7wdt.c 2>>./build/HCT6737M_65_N/LWG_DSDS/bin/log/devdrv/dcl_arm7wdt.log
tools/GCC/4.6.2/linux/bin/arm-none-eabi-gcc -mthumb @./build/HCT6737M_65_N/LWG_DSDS/bin/via/devdrv.via @./build/HCT6737M_65_N/LWG_DSDS/bin/via/devdrv_inc.via -c -Wno-attributes -Wno-pragmas -march=armv7-r -mcpu=cortex-r4 -mlittle-endian -Wa,-mimplicit-it=always -mabi=aapcs -Os -fno-strict-aliasing -fno-common -fno-exceptions -ffunction-sections -fdata-sections -fno-delete-null-pointer-checks -Wall -c -mno-unaligned-access -fshort-wchar -Werror -gdwarf-3 -MMD -MF ./build/HCT6737M_65_N/LWG_DSDS/bin/dep/devdrv/drv_arm7wdt.d -o ./build/HCT6737M_65_N/LWG_DSDS/bin/obj/devdrv/drv_arm7wdt.obj driver/devdrv/arm7wdt/src/drv_arm7wdt.c 2>>./build/HCT6737M_65_N/LWG_DSDS/bin/log/devdrv/drv_arm7wdt.log
tools/GCC/4.6.2/linux/bin/arm-none-eabi-gcc -mthumb @./build/HCT6737M_65_N/LWG_DSDS/bin/via/devdrv.via @./build/HCT6737M_65_N/LWG_DSDS/bin/via/devdrv_inc.via -c -Wno-attributes -Wno-pragmas -march=armv7-r -mcpu=cortex-r4 -mlittle-endian -Wa,-mimplicit-it=always -mabi=aapcs -Os -fno-strict-aliasing -fno-common -fno-exceptions -ffunction-sections -fdata-sections -fno-delete-null-pointer-checks -Wall -c -mno-unaligned-access -fshort-wchar -Werror -gdwarf-3 -MMD -MF ./build/HCT6737M_65_N/LWG_DSDS/bin/dep/devdrv/adc.d -o ./build/HCT6737M_65_N/LWG_DSDS/bin/obj/devdrv/adc.obj driver/devdrv/auxadc/src/adc.c 2>>./build/HCT6737M_65_N/LWG_DSDS/bin/log/devdrv/adc.log
tools/GCC/4.6.2/linux/bin/arm-none-eabi-gcc -mthumb @./build/HCT6737M_65_N/LWG_DSDS/bin/via/devdrv.via @./build/HCT6737M_65_N/LWG_DSDS/bin/via/devdrv_inc.via -c -Wno-attributes -Wno-pragmas -march=armv7-r -mcpu=cortex-r4 -mlittle-endian -Wa,-mimplicit-it=always -mabi=aapcs -Os -fno-strict-aliasing -fno-common -fno-exceptions -ffunction-sections -fdata-sections -fno-delete-null-pointer-checks -Wall -c -mno-unaligned-access -fshort-wchar -Werror -gdwarf-3 -MMD -MF ./build/HCT6737M_65_N/LWG_DSDS/bin/dep/devdrv/dcl_adc.d -o ./build/HCT6737M_65_N/LWG_DSDS/bin/obj/devdrv/dcl_adc.obj driver/devdrv/auxadc/src/dcl_adc.c 2>>./build/HCT6737M_65_N/LWG_DSDS/bin/log/devdrv/dcl_adc.log
tools/GCC/4.6.2/linux/bin/arm-none-eabi-gcc -mthumb @./build/HCT6737M_65_N/LWG_DSDS/bin/via/devdrv.via @./build/HCT6737M_65_N/LWG_DSDS/bin/via/devdrv_inc.via -c -Wno-attributes -Wno-pragmas -march=armv7-r -mcpu=cortex-r4 -mlittle-endian -Wa,-mimplicit-it=always -mabi=aapcs -Os -fno-strict-aliasing -fno-common -fno-exceptions -ffunction-sections -fdata-sections -fno-delete-null-pointer-checks -Wall -c -mno-unaligned-access -fshort-wchar -Werror -gdwarf-3 -MMD -MF ./build/HCT6737M_65_N/LWG_DSDS/bin/dep/devdrv/drv_thermal_protect.d -o ./build/HCT6737M_65_N/LWG_DSDS/bin/obj/devdrv/drv_thermal_protect.obj driver/devdrv/auxadc/src/drv_thermal_protect.c 2>>./build/HCT6737M_65_N/LWG_DSDS/bin/log/devdrv/drv_thermal_protect.log
tools/GCC/4.6.2/linux/bin/arm-none-eabi-gcc -mthumb @./build/HCT6737M_65_N/LWG_DSDS/bin/via/devdrv.via @./build/HCT6737M_65_N/LWG_DSDS/bin/via/devdrv_inc.via -c -Wno-attributes -Wno-pragmas -march=armv7-r -mcpu=cortex-r4 -mlittle-endian -Wa,-mimplicit-it=always -mabi=aapcs -Os -fno-strict-aliasing -fno-common -fno-exceptions -ffunction-sections -fdata-sections -fno-delete-null-pointer-checks -Wall -c -mno-unaligned-access -fshort-wchar -Werror -gdwarf-3 -MMD -MF ./build/HCT6737M_65_N/LWG_DSDS/bin/dep/devdrv/abm_init.d -o ./build/HCT6737M_65_N/LWG_DSDS/bin/obj/devdrv/abm_init.obj driver/devdrv/boot_init/src/abm_init.c 2>>./build/HCT6737M_65_N/LWG_DSDS/bin/log/devdrv/abm_init.log
tools/GCC/4.6.2/linux/bin/arm-none-eabi-gcc -mthumb @./build/HCT6737M_65_N/LWG_DSDS/bin/via/devdrv.via @./build/HCT6737M_65_N/LWG_DSDS/bin/via/devdrv_inc.via -c -Wno-attributes -Wno-pragmas -march=armv7-r -mcpu=cortex-r4 -mlittle-endian -Wa,-mimplicit-it=always -mabi=aapcs -Os -fno-strict-aliasing -fno-common -fno-exceptions -ffunction-sections -fdata-sections -fno-delete-null-pointer-checks -Wall -c -mno-unaligned-access -fshort-wchar -Werror -gdwarf-3 -MMD -MF ./build/HCT6737M_65_N/LWG_DSDS/bin/dep/devdrv/arm7_init.d -o ./build/HCT6737M_65_N/LWG_DSDS/bin/obj/devdrv/arm7_init.obj driver/devdrv/boot_init/src/arm7_init.c 2>>./build/HCT6737M_65_N/LWG_DSDS/bin/log/devdrv/arm7_init.log
tools/GCC/4.6.2/linux/bin/arm-none-eabi-gcc -mthumb @./build/HCT6737M_65_N/LWG_DSDS/bin/via/devdrv.via @./build/HCT6737M_65_N/LWG_DSDS/bin/via/devdrv_inc.via -c -Wno-attributes -Wno-pragmas -march=armv7-r -mcpu=cortex-r4 -mlittle-endian -Wa,-mimplicit-it=always -mabi=aapcs -Os -fno-strict-aliasing -fno-common -fno-exceptions -ffunction-sections -fdata-sections -fno-delete-null-pointer-checks -Wall -c -mno-unaligned-access -fshort-wchar -Werror -gdwarf-3 -MMD -MF ./build/HCT6737M_65_N/LWG_DSDS/bin/dep/devdrv/bootrom_init.d -o ./build/HCT6737M_65_N/LWG_DSDS/bin/obj/devdrv/bootrom_init.obj driver/devdrv/boot_init/src/bootrom_init.c 2>>./build/HCT6737M_65_N/LWG_DSDS/bin/log/devdrv/bootrom_init.log
tools/GCC/4.6.2/linux/bin/arm-none-eabi-gcc -mthumb @./build/HCT6737M_65_N/LWG_DSDS/bin/via/devdrv.via @./build/HCT6737M_65_N/LWG_DSDS/bin/via/devdrv_inc.via -c -Wno-attributes -Wno-pragmas -march=armv7-r -mcpu=cortex-r4 -mlittle-endian -Wa,-mimplicit-it=always -mabi=aapcs -Os -fno-strict-aliasing -fno-common -fno-exceptions -ffunction-sections -fdata-sections -fno-delete-null-pointer-checks -Wall -c -mno-unaligned-access -fshort-wchar -Werror -gdwarf-3 -MMD -MF ./build/HCT6737M_65_N/LWG_DSDS/bin/dep/devdrv/bus_init.d -o ./build/HCT6737M_65_N/LWG_DSDS/bin/obj/devdrv/bus_init.obj driver/devdrv/boot_init/src/bus_init.c 2>>./build/HCT6737M_65_N/LWG_DSDS/bin/log/devdrv/bus_init.log
tools/GCC/4.6.2/linux/bin/arm-none-eabi-gcc -mthumb @./build/HCT6737M_65_N/LWG_DSDS/bin/via/devdrv.via @./build/HCT6737M_65_N/LWG_DSDS/bin/via/devdrv_inc.via -c -Wno-attributes -Wno-pragmas -march=armv7-r -mcpu=cortex-r4 -mlittle-endian -Wa,-mimplicit-it=always -mabi=aapcs -Os -fno-strict-aliasing -fno-common -fno-exceptions -ffunction-sections -fdata-sections -fno-delete-null-pointer-checks -Wall -c -mno-unaligned-access -fshort-wchar -Werror -gdwarf-3 -MMD -MF ./build/HCT6737M_65_N/LWG_DSDS/bin/dep/devdrv/busmon_init.d -o ./build/HCT6737M_65_N/LWG_DSDS/bin/obj/devdrv/busmon_init.obj driver/devdrv/boot_init/src/busmon_init.c 2>>./build/HCT6737M_65_N/LWG_DSDS/bin/log/devdrv/busmon_init.log
tools/GCC/4.6.2/linux/bin/arm-none-eabi-gcc -mthumb @./build/HCT6737M_65_N/LWG_DSDS/bin/via/devdrv.via @./build/HCT6737M_65_N/LWG_DSDS/bin/via/devdrv_inc.via -c -Wno-attributes -Wno-pragmas -march=armv7-r -mcpu=cortex-r4 -mlittle-endian -Wa,-mimplicit-it=always -mabi=aapcs -Os -fno-strict-aliasing -fno-common -fno-exceptions -ffunction-sections -fdata-sections -fno-delete-null-pointer-checks -Wall -c -mno-unaligned-access -fshort-wchar -Werror -gdwarf-3 -MMD -MF ./build/HCT6737M_65_N/LWG_DSDS/bin/dep/devdrv/ca7_init.d -o ./build/HCT6737M_65_N/LWG_DSDS/bin/obj/devdrv/ca7_init.obj driver/devdrv/boot_init/src/ca7_init.c 2>>./build/HCT6737M_65_N/LWG_DSDS/bin/log/devdrv/ca7_init.log
tools/GCC/4.6.2/linux/bin/arm-none-eabi-gcc -mthumb @./build/HCT6737M_65_N/LWG_DSDS/bin/via/devdrv.via @./build/HCT6737M_65_N/LWG_DSDS/bin/via/devdrv_inc.via -c -Wno-attributes -Wno-pragmas -march=armv7-r -mcpu=cortex-r4 -mlittle-endian -Wa,-mimplicit-it=always -mabi=aapcs -Os -fno-strict-aliasing -fno-common -fno-exceptions -ffunction-sections -fdata-sections -fno-delete-null-pointer-checks -Wall -c -mno-unaligned-access -fshort-wchar -Werror -gdwarf-3 -MMD -MF ./build/HCT6737M_65_N/LWG_DSDS/bin/dep/devdrv/ccif_init.d -o ./build/HCT6737M_65_N/LWG_DSDS/bin/obj/devdrv/ccif_init.obj driver/devdrv/boot_init/src/ccif_init.c 2>>./build/HCT6737M_65_N/LWG_DSDS/bin/log/devdrv/ccif_init.log
tools/GCC/4.6.2/linux/bin/arm-none-eabi-gcc -mthumb @./build/HCT6737M_65_N/LWG_DSDS/bin/via/devdrv.via @./build/HCT6737M_65_N/LWG_DSDS/bin/via/devdrv_inc.via -c -Wno-attributes -Wno-pragmas -march=armv7-r -mcpu=cortex-r4 -mlittle-endian -Wa,-mimplicit-it=always -mabi=aapcs -Os -fno-strict-aliasing -fno-common -fno-exceptions -ffunction-sections -fdata-sections -fno-delete-null-pointer-checks -Wall -c -mno-unaligned-access -fshort-wchar -Werror -gdwarf-3 -MMD -MF ./build/HCT6737M_65_N/LWG_DSDS/bin/dep/devdrv/cldma_init.d -o ./build/HCT6737M_65_N/LWG_DSDS/bin/obj/devdrv/cldma_init.obj driver/devdrv/boot_init/src/cldma_init.c 2>>./build/HCT6737M_65_N/LWG_DSDS/bin/log/devdrv/cldma_init.log
tools/GCC/4.6.2/linux/bin/arm-none-eabi-gcc -mthumb @./build/HCT6737M_65_N/LWG_DSDS/bin/via/devdrv.via @./build/HCT6737M_65_N/LWG_DSDS/bin/via/devdrv_inc.via -c -Wno-attributes -Wno-pragmas -march=armv7-r -mcpu=cortex-r4 -mlittle-endian -Wa,-mimplicit-it=always -mabi=aapcs -Os -fno-strict-aliasing -fno-common -fno-exceptions -ffunction-sections -fdata-sections -fno-delete-null-pointer-checks -Wall -c -mno-unaligned-access -fshort-wchar -Werror -gdwarf-3 -MMD -MF ./build/HCT6737M_65_N/LWG_DSDS/bin/dep/devdrv/cr4pcmon_init.d -o ./build/HCT6737M_65_N/LWG_DSDS/bin/obj/devdrv/cr4pcmon_init.obj driver/devdrv/boot_init/src/cr4pcmon_init.c 2>>./build/HCT6737M_65_N/LWG_DSDS/bin/log/devdrv/cr4pcmon_init.log
tools/GCC/4.6.2/linux/bin/arm-none-eabi-gcc -mthumb @./build/HCT6737M_65_N/LWG_DSDS/bin/via/devdrv.via @./build/HCT6737M_65_N/LWG_DSDS/bin/via/devdrv_inc.via -c -Wno-attributes -Wno-pragmas -march=armv7-r -mcpu=cortex-r4 -mlittle-endian -Wa,-mimplicit-it=always -mabi=aapcs -Os -fno-strict-aliasing -fno-common -fno-exceptions -ffunction-sections -fdata-sections -fno-delete-null-pointer-checks -Wall -c -mno-unaligned-access -fshort-wchar -Werror -gdwarf-3 -MMD -MF ./build/HCT6737M_65_N/LWG_DSDS/bin/dep/devdrv/dbgsys_init.d -o ./build/HCT6737M_65_N/LWG_DSDS/bin/obj/devdrv/dbgsys_init.obj driver/devdrv/boot_init/src/dbgsys_init.c 2>>./build/HCT6737M_65_N/LWG_DSDS/bin/log/devdrv/dbgsys_init.log
tools/GCC/4.6.2/linux/bin/arm-none-eabi-gcc -mthumb @./build/HCT6737M_65_N/LWG_DSDS/bin/via/devdrv.via @./build/HCT6737M_65_N/LWG_DSDS/bin/via/devdrv_inc.via -c -Wno-attributes -Wno-pragmas -march=armv7-r -mcpu=cortex-r4 -mlittle-endian -Wa,-mimplicit-it=always -mabi=aapcs -Os -fno-strict-aliasing -fno-common -fno-exceptions -ffunction-sections -fdata-sections -fno-delete-null-pointer-checks -Wall -c -mno-unaligned-access -fshort-wchar -Werror -gdwarf-3 -MMD -MF ./build/HCT6737M_65_N/LWG_DSDS/bin/dep/devdrv/drv_boot_init.d -o ./build/HCT6737M_65_N/LWG_DSDS/bin/obj/devdrv/drv_boot_init.obj driver/devdrv/boot_init/src/drv_boot_init.c 2>>./build/HCT6737M_65_N/LWG_DSDS/bin/log/devdrv/drv_boot_init.log
tools/GCC/4.6.2/linux/bin/arm-none-eabi-gcc -mthumb @./build/HCT6737M_65_N/LWG_DSDS/bin/via/devdrv.via @./build/HCT6737M_65_N/LWG_DSDS/bin/via/devdrv_inc.via -c -Wno-attributes -Wno-pragmas -march=armv7-r -mcpu=cortex-r4 -mlittle-endian -Wa,-mimplicit-it=always -mabi=aapcs -Os -fno-strict-aliasing -fno-common -fno-exceptions -ffunction-sections -fdata-sections -fno-delete-null-pointer-checks -Wall -c -mno-unaligned-access -fshort-wchar -Werror -gdwarf-3 -MMD -MF ./build/HCT6737M_65_N/LWG_DSDS/bin/dep/devdrv/ehpi_master_init.d -o ./build/HCT6737M_65_N/LWG_DSDS/bin/obj/devdrv/ehpi_master_init.obj driver/devdrv/boot_init/src/ehpi_master_init.c 2>>./build/HCT6737M_65_N/LWG_DSDS/bin/log/devdrv/ehpi_master_init.log
tools/GCC/4.6.2/linux/bin/arm-none-eabi-gcc -mthumb @./build/HCT6737M_65_N/LWG_DSDS/bin/via/devdrv.via @./build/HCT6737M_65_N/LWG_DSDS/bin/via/devdrv_inc.via -c -Wno-attributes -Wno-pragmas -march=armv7-r -mcpu=cortex-r4 -mlittle-endian -Wa,-mimplicit-it=always -mabi=aapcs -Os -fno-strict-aliasing -fno-common -fno-exceptions -ffunction-sections -fdata-sections -fno-delete-null-pointer-checks -Wall -c -mno-unaligned-access -fshort-wchar -Werror -gdwarf-3 -MMD -MF ./build/HCT6737M_65_N/LWG_DSDS/bin/dep/devdrv/ehpi_slave_init.d -o ./build/HCT6737M_65_N/LWG_DSDS/bin/obj/devdrv/ehpi_slave_init.obj driver/devdrv/boot_init/src/ehpi_slave_init.c 2>>./build/HCT6737M_65_N/LWG_DSDS/bin/log/devdrv/ehpi_slave_init.log
tools/GCC/4.6.2/linux/bin/arm-none-eabi-gcc -mthumb @./build/HCT6737M_65_N/LWG_DSDS/bin/via/devdrv.via @./build/HCT6737M_65_N/LWG_DSDS/bin/via/devdrv_inc.via -c -Wno-attributes -Wno-pragmas -march=armv7-r -mcpu=cortex-r4 -mlittle-endian -Wa,-mimplicit-it=always -mabi=aapcs -Os -fno-strict-aliasing -fno-common -fno-exceptions -ffunction-sections -fdata-sections -fno-delete-null-pointer-checks -Wall -c -mno-unaligned-access -fshort-wchar -Werror -gdwarf-3 -MMD -MF ./build/HCT6737M_65_N/LWG_DSDS/bin/dep/devdrv/gdma_init.d -o ./build/HCT6737M_65_N/LWG_DSDS/bin/obj/devdrv/gdma_init.obj driver/devdrv/boot_init/src/gdma_init.c 2>>./build/HCT6737M_65_N/LWG_DSDS/bin/log/devdrv/gdma_init.log
tools/GCC/4.6.2/linux/bin/arm-none-eabi-gcc -mthumb @./build/HCT6737M_65_N/LWG_DSDS/bin/via/devdrv.via @./build/HCT6737M_65_N/LWG_DSDS/bin/via/devdrv_inc.via -c -Wno-attributes -Wno-pragmas -march=armv7-r -mcpu=cortex-r4 -mlittle-endian -Wa,-mimplicit-it=always -mabi=aapcs -Os -fno-strict-aliasing -fno-common -fno-exceptions -ffunction-sections -fdata-sections -fno-delete-null-pointer-checks -Wall -c -mno-unaligned-access -fshort-wchar -Werror -gdwarf-3 -MMD -MF ./build/HCT6737M_65_N/LWG_DSDS/bin/dep/devdrv/gpio_init.d -o ./build/HCT6737M_65_N/LWG_DSDS/bin/obj/devdrv/gpio_init.obj driver/devdrv/boot_init/src/gpio_init.c 2>>./build/HCT6737M_65_N/LWG_DSDS/bin/log/devdrv/gpio_init.log
tools/GCC/4.6.2/linux/bin/arm-none-eabi-gcc -mthumb @./build/HCT6737M_65_N/LWG_DSDS/bin/via/devdrv.via @./build/HCT6737M_65_N/LWG_DSDS/bin/via/devdrv_inc.via -c -Wno-attributes -Wno-pragmas -march=armv7-r -mcpu=cortex-r4 -mlittle-endian -Wa,-mimplicit-it=always -mabi=aapcs -Os -fno-strict-aliasing -fno-common -fno-exceptions -ffunction-sections -fdata-sections -fno-delete-null-pointer-checks -Wall -c -mno-unaligned-access -fshort-wchar -Werror -gdwarf-3 -MMD -MF ./build/HCT6737M_65_N/LWG_DSDS/bin/dep/devdrv/gptm_init.d -o ./build/HCT6737M_65_N/LWG_DSDS/bin/obj/devdrv/gptm_init.obj driver/devdrv/boot_init/src/gptm_init.c 2>>./build/HCT6737M_65_N/LWG_DSDS/bin/log/devdrv/gptm_init.log
tools/GCC/4.6.2/linux/bin/arm-none-eabi-gcc -mthumb @./build/HCT6737M_65_N/LWG_DSDS/bin/via/devdrv.via @./build/HCT6737M_65_N/LWG_DSDS/bin/via/devdrv_inc.via -c -Wno-attributes -Wno-pragmas -march=armv7-r -mcpu=cortex-r4 -mlittle-endian -Wa,-mimplicit-it=always -mabi=aapcs -Os -fno-strict-aliasing -fno-common -fno-exceptions -ffunction-sections -fdata-sections -fno-delete-null-pointer-checks -Wall -c -mno-unaligned-access -fshort-wchar -Werror -gdwarf-3 -MMD -MF ./build/HCT6737M_65_N/LWG_DSDS/bin/dep/devdrv/i2c_init.d -o ./build/HCT6737M_65_N/LWG_DSDS/bin/obj/devdrv/i2c_init.obj driver/devdrv/boot_init/src/i2c_init.c 2>>./build/HCT6737M_65_N/LWG_DSDS/bin/log/devdrv/i2c_init.log
tools/GCC/4.6.2/linux/bin/arm-none-eabi-gcc -mthumb @./build/HCT6737M_65_N/LWG_DSDS/bin/via/devdrv.via @./build/HCT6737M_65_N/LWG_DSDS/bin/via/devdrv_inc.via -c -Wno-attributes -Wno-pragmas -march=armv7-r -mcpu=cortex-r4 -mlittle-endian -Wa,-mimplicit-it=always -mabi=aapcs -Os -fno-strict-aliasing -fno-common -fno-exceptions -ffunction-sections -fdata-sections -fno-delete-null-pointer-checks -Wall -c -mno-unaligned-access -fshort-wchar -Werror -gdwarf-3 -MMD -MF ./build/HCT6737M_65_N/LWG_DSDS/bin/dep/devdrv/ipsec_init.d -o ./build/HCT6737M_65_N/LWG_DSDS/bin/obj/devdrv/ipsec_init.obj driver/devdrv/boot_init/src/ipsec_init.c 2>>./build/HCT6737M_65_N/LWG_DSDS/bin/log/devdrv/ipsec_init.log
tools/GCC/4.6.2/linux/bin/arm-none-eabi-gcc -mthumb @./build/HCT6737M_65_N/LWG_DSDS/bin/via/devdrv.via @./build/HCT6737M_65_N/LWG_DSDS/bin/via/devdrv_inc.via -c -Wno-attributes -Wno-pragmas -march=armv7-r -mcpu=cortex-r4 -mlittle-endian -Wa,-mimplicit-it=always -mabi=aapcs -Os -fno-strict-aliasing -fno-common -fno-exceptions -ffunction-sections -fdata-sections -fno-delete-null-pointer-checks -Wall -c -mno-unaligned-access -fshort-wchar -Werror -gdwarf-3 -MMD -MF ./build/HCT6737M_65_N/LWG_DSDS/bin/dep/devdrv/led_init.d -o ./build/HCT6737M_65_N/LWG_DSDS/bin/obj/devdrv/led_init.obj driver/devdrv/boot_init/src/led_init.c 2>>./build/HCT6737M_65_N/LWG_DSDS/bin/log/devdrv/led_init.log
tools/GCC/4.6.2/linux/bin/arm-none-eabi-gcc -mthumb @./build/HCT6737M_65_N/LWG_DSDS/bin/via/devdrv.via @./build/HCT6737M_65_N/LWG_DSDS/bin/via/devdrv_inc.via -c -Wno-attributes -Wno-pragmas -march=armv7-r -mcpu=cortex-r4 -mlittle-endian -Wa,-mimplicit-it=always -mabi=aapcs -Os -fno-strict-aliasing -fno-common -fno-exceptions -ffunction-sections -fdata-sections -fno-delete-null-pointer-checks -Wall -c -mno-unaligned-access -fshort-wchar -Werror -gdwarf-3 -MMD -MF ./build/HCT6737M_65_N/LWG_DSDS/bin/dep/devdrv/ltel2_init.d -o ./build/HCT6737M_65_N/LWG_DSDS/bin/obj/devdrv/ltel2_init.obj driver/devdrv/boot_init/src/ltel2_init.c 2>>./build/HCT6737M_65_N/LWG_DSDS/bin/log/devdrv/ltel2_init.log
tools/GCC/4.6.2/linux/bin/arm-none-eabi-gcc -mthumb @./build/HCT6737M_65_N/LWG_DSDS/bin/via/devdrv.via @./build/HCT6737M_65_N/LWG_DSDS/bin/via/devdrv_inc.via -c -Wno-attributes -Wno-pragmas -march=armv7-r -mcpu=cortex-r4 -mlittle-endian -Wa,-mimplicit-it=always -mabi=aapcs -Os -fno-strict-aliasing -fno-common -fno-exceptions -ffunction-sections -fdata-sections -fno-delete-null-pointer-checks -Wall -c -mno-unaligned-access -fshort-wchar -Werror -gdwarf-3 -MMD -MF ./build/HCT6737M_65_N/LWG_DSDS/bin/dep/devdrv/mdcaif_init.d -o ./build/HCT6737M_65_N/LWG_DSDS/bin/obj/devdrv/mdcaif_init.obj driver/devdrv/boot_init/src/mdcaif_init.c 2>>./build/HCT6737M_65_N/LWG_DSDS/bin/log/devdrv/mdcaif_init.log
tools/GCC/4.6.2/linux/bin/arm-none-eabi-gcc -mthumb @./build/HCT6737M_65_N/LWG_DSDS/bin/via/devdrv.via @./build/HCT6737M_65_N/LWG_DSDS/bin/via/devdrv_inc.via -c -Wno-attributes -Wno-pragmas -march=armv7-r -mcpu=cortex-r4 -mlittle-endian -Wa,-mimplicit-it=always -mabi=aapcs -Os -fno-strict-aliasing -fno-common -fno-exceptions -ffunction-sections -fdata-sections -fno-delete-null-pointer-checks -Wall -c -mno-unaligned-access -fshort-wchar -Werror -gdwarf-3 -MMD -MF ./build/HCT6737M_65_N/LWG_DSDS/bin/dep/devdrv/mdcirq_init.d -o ./build/HCT6737M_65_N/LWG_DSDS/bin/obj/devdrv/mdcirq_init.obj driver/devdrv/boot_init/src/mdcirq_init.c 2>>./build/HCT6737M_65_N/LWG_DSDS/bin/log/devdrv/mdcirq_init.log
tools/GCC/4.6.2/linux/bin/arm-none-eabi-gcc -mthumb @./build/HCT6737M_65_N/LWG_DSDS/bin/via/devdrv.via @./build/HCT6737M_65_N/LWG_DSDS/bin/via/devdrv_inc.via -c -Wno-attributes -Wno-pragmas -march=armv7-r -mcpu=cortex-r4 -mlittle-endian -Wa,-mimplicit-it=always -mabi=aapcs -Os -fno-strict-aliasing -fno-common -fno-exceptions -ffunction-sections -fdata-sections -fno-delete-null-pointer-checks -Wall -c -mno-unaligned-access -fshort-wchar -Werror -gdwarf-3 -MMD -MF ./build/HCT6737M_65_N/LWG_DSDS/bin/dep/devdrv/msdc_init.d -o ./build/HCT6737M_65_N/LWG_DSDS/bin/obj/devdrv/msdc_init.obj driver/devdrv/boot_init/src/msdc_init.c 2>>./build/HCT6737M_65_N/LWG_DSDS/bin/log/devdrv/msdc_init.log
tools/GCC/4.6.2/linux/bin/arm-none-eabi-gcc -mthumb @./build/HCT6737M_65_N/LWG_DSDS/bin/via/devdrv.via @./build/HCT6737M_65_N/LWG_DSDS/bin/via/devdrv_inc.via -c -Wno-attributes -Wno-pragmas -march=armv7-r -mcpu=cortex-r4 -mlittle-endian -Wa,-mimplicit-it=always -mabi=aapcs -Os -fno-strict-aliasing -fno-common -fno-exceptions -ffunction-sections -fdata-sections -fno-delete-null-pointer-checks -Wall -c -mno-unaligned-access -fshort-wchar -Werror -gdwarf-3 -MMD -MF ./build/HCT6737M_65_N/LWG_DSDS/bin/dep/devdrv/nfi_init.d -o ./build/HCT6737M_65_N/LWG_DSDS/bin/obj/devdrv/nfi_init.obj driver/devdrv/boot_init/src/nfi_init.c 2>>./build/HCT6737M_65_N/LWG_DSDS/bin/log/devdrv/nfi_init.log
tools/GCC/4.6.2/linux/bin/arm-none-eabi-gcc -mthumb @./build/HCT6737M_65_N/LWG_DSDS/bin/via/devdrv.via @./build/HCT6737M_65_N/LWG_DSDS/bin/via/devdrv_inc.via -c -Wno-attributes -Wno-pragmas -march=armv7-r -mcpu=cortex-r4 -mlittle-endian -Wa,-mimplicit-it=always -mabi=aapcs -Os -fno-strict-aliasing -fno-common -fno-exceptions -ffunction-sections -fdata-sections -fno-delete-null-pointer-checks -Wall -c -mno-unaligned-access -fshort-wchar -Werror -gdwarf-3 -MMD -MF ./build/HCT6737M_65_N/LWG_DSDS/bin/dep/devdrv/nic_init.d -o ./build/HCT6737M_65_N/LWG_DSDS/bin/obj/devdrv/nic_init.obj driver/devdrv/boot_init/src/nic_init.c 2>>./build/HCT6737M_65_N/LWG_DSDS/bin/log/devdrv/nic_init.log
tools/GCC/4.6.2/linux/bin/arm-none-eabi-gcc -mthumb @./build/HCT6737M_65_N/LWG_DSDS/bin/via/devdrv.via @./build/HCT6737M_65_N/LWG_DSDS/bin/via/devdrv_inc.via -c -Wno-attributes -Wno-pragmas -march=armv7-r -mcpu=cortex-r4 -mlittle-endian -Wa,-mimplicit-it=always -mabi=aapcs -Os -fno-strict-aliasing -fno-common -fno-exceptions -ffunction-sections -fdata-sections -fno-delete-null-pointer-checks -Wall -c -mno-unaligned-access -fshort-wchar -Werror -gdwarf-3 -MMD -MF ./build/HCT6737M_65_N/LWG_DSDS/bin/dep/devdrv/pfc_init.d -o ./build/HCT6737M_65_N/LWG_DSDS/bin/obj/devdrv/pfc_init.obj driver/devdrv/boot_init/src/pfc_init.c 2>>./build/HCT6737M_65_N/LWG_DSDS/bin/log/devdrv/pfc_init.log
tools/GCC/4.6.2/linux/bin/arm-none-eabi-gcc -mthumb @./build/HCT6737M_65_N/LWG_DSDS/bin/via/devdrv.via @./build/HCT6737M_65_N/LWG_DSDS/bin/via/devdrv_inc.via -c -Wno-attributes -Wno-pragmas -march=armv7-r -mcpu=cortex-r4 -mlittle-endian -Wa,-mimplicit-it=always -mabi=aapcs -Os -fno-strict-aliasing -fno-common -fno-exceptions -ffunction-sections -fdata-sections -fno-delete-null-pointer-checks -Wall -c -mno-unaligned-access -fshort-wchar -Werror -gdwarf-3 -MMD -MF ./build/HCT6737M_65_N/LWG_DSDS/bin/dep/devdrv/nli_init.d -o ./build/HCT6737M_65_N/LWG_DSDS/bin/obj/devdrv/nli_init.obj driver/devdrv/boot_init/src/nli_init.c 2>>./build/HCT6737M_65_N/LWG_DSDS/bin/log/devdrv/nli_init.log
tools/GCC/4.6.2/linux/bin/arm-none-eabi-gcc -mthumb @./build/HCT6737M_65_N/LWG_DSDS/bin/via/devdrv.via @./build/HCT6737M_65_N/LWG_DSDS/bin/via/devdrv_inc.via -c -Wno-attributes -Wno-pragmas -march=armv7-r -mcpu=cortex-r4 -mlittle-endian -Wa,-mimplicit-it=always -mabi=aapcs -Os -fno-strict-aliasing -fno-common -fno-exceptions -ffunction-sections -fdata-sections -fno-delete-null-pointer-checks -Wall -c -mno-unaligned-access -fshort-wchar -Werror -gdwarf-3 -MMD -MF ./build/HCT6737M_65_N/LWG_DSDS/bin/dep/devdrv/rtc_init.d -o ./build/HCT6737M_65_N/LWG_DSDS/bin/obj/devdrv/rtc_init.obj driver/devdrv/boot_init/src/rtc_init.c 2>>./build/HCT6737M_65_N/LWG_DSDS/bin/log/devdrv/rtc_init.log
tools/GCC/4.6.2/linux/bin/arm-none-eabi-gcc -mthumb @./build/HCT6737M_65_N/LWG_DSDS/bin/via/devdrv.via @./build/HCT6737M_65_N/LWG_DSDS/bin/via/devdrv_inc.via -c -Wno-attributes -Wno-pragmas -march=armv7-r -mcpu=cortex-r4 -mlittle-endian -Wa,-mimplicit-it=always -mabi=aapcs -Os -fno-strict-aliasing -fno-common -fno-exceptions -ffunction-sections -fdata-sections -fno-delete-null-pointer-checks -Wall -c -mno-unaligned-access -fshort-wchar -Werror -gdwarf-3 -MMD -MF ./build/HCT6737M_65_N/LWG_DSDS/bin/dep/devdrv/sdio_init.d -o ./build/HCT6737M_65_N/LWG_DSDS/bin/obj/devdrv/sdio_init.obj driver/devdrv/boot_init/src/sdio_init.c 2>>./build/HCT6737M_65_N/LWG_DSDS/bin/log/devdrv/sdio_init.log
tools/GCC/4.6.2/linux/bin/arm-none-eabi-gcc -mthumb @./build/HCT6737M_65_N/LWG_DSDS/bin/via/devdrv.via @./build/HCT6737M_65_N/LWG_DSDS/bin/via/devdrv_inc.via -c -Wno-attributes -Wno-pragmas -march=armv7-r -mcpu=cortex-r4 -mlittle-endian -Wa,-mimplicit-it=always -mabi=aapcs -Os -fno-strict-aliasing -fno-common -fno-exceptions -ffunction-sections -fdata-sections -fno-delete-null-pointer-checks -Wall -c -mno-unaligned-access -fshort-wchar -Werror -gdwarf-3 -MMD -MF ./build/HCT6737M_65_N/LWG_DSDS/bin/dep/devdrv/spi_init.d -o ./build/HCT6737M_65_N/LWG_DSDS/bin/obj/devdrv/spi_init.obj driver/devdrv/boot_init/src/spi_init.c 2>>./build/HCT6737M_65_N/LWG_DSDS/bin/log/devdrv/spi_init.log
tools/GCC/4.6.2/linux/bin/arm-none-eabi-gcc -mthumb @./build/HCT6737M_65_N/LWG_DSDS/bin/via/devdrv.via @./build/HCT6737M_65_N/LWG_DSDS/bin/via/devdrv_inc.via -c -Wno-attributes -Wno-pragmas -march=armv7-r -mcpu=cortex-r4 -mlittle-endian -Wa,-mimplicit-it=always -mabi=aapcs -Os -fno-strict-aliasing -fno-common -fno-exceptions -ffunction-sections -fdata-sections -fno-delete-null-pointer-checks -Wall -c -mno-unaligned-access -fshort-wchar -Werror -gdwarf-3 -MMD -MF ./build/HCT6737M_65_N/LWG_DSDS/bin/dep/devdrv/trace_init.d -o ./build/HCT6737M_65_N/LWG_DSDS/bin/obj/devdrv/trace_init.obj driver/devdrv/boot_init/src/trace_init.c 2>>./build/HCT6737M_65_N/LWG_DSDS/bin/log/devdrv/trace_init.log
tools/GCC/4.6.2/linux/bin/arm-none-eabi-gcc -mthumb @./build/HCT6737M_65_N/LWG_DSDS/bin/via/devdrv.via @./build/HCT6737M_65_N/LWG_DSDS/bin/via/devdrv_inc.via -c -Wno-attributes -Wno-pragmas -march=armv7-r -mcpu=cortex-r4 -mlittle-endian -Wa,-mimplicit-it=always -mabi=aapcs -Os -fno-strict-aliasing -fno-common -fno-exceptions -ffunction-sections -fdata-sections -fno-delete-null-pointer-checks -Wall -c -mno-unaligned-access -fshort-wchar -Werror -gdwarf-3 -MMD -MF ./build/HCT6737M_65_N/LWG_DSDS/bin/dep/devdrv/u2_init.d -o ./build/HCT6737M_65_N/LWG_DSDS/bin/obj/devdrv/u2_init.obj driver/devdrv/boot_init/src/u2_init.c 2>>./build/HCT6737M_65_N/LWG_DSDS/bin/log/devdrv/u2_init.log
tools/GCC/4.6.2/linux/bin/arm-none-eabi-gcc -mthumb @./build/HCT6737M_65_N/LWG_DSDS/bin/via/devdrv.via @./build/HCT6737M_65_N/LWG_DSDS/bin/via/devdrv_inc.via -c -Wno-attributes -Wno-pragmas -march=armv7-r -mcpu=cortex-r4 -mlittle-endian -Wa,-mimplicit-it=always -mabi=aapcs -Os -fno-strict-aliasing -fno-common -fno-exceptions -ffunction-sections -fdata-sections -fno-delete-null-pointer-checks -Wall -c -mno-unaligned-access -fshort-wchar -Werror -gdwarf-3 -MMD -MF ./build/HCT6737M_65_N/LWG_DSDS/bin/dep/devdrv/u3_init.d -o ./build/HCT6737M_65_N/LWG_DSDS/bin/obj/devdrv/u3_init.obj driver/devdrv/boot_init/src/u3_init.c 2>>./build/HCT6737M_65_N/LWG_DSDS/bin/log/devdrv/u3_init.log
tools/GCC/4.6.2/linux/bin/arm-none-eabi-gcc -mthumb @./build/HCT6737M_65_N/LWG_DSDS/bin/via/devdrv.via @./build/HCT6737M_65_N/LWG_DSDS/bin/via/devdrv_inc.via -c -Wno-attributes -Wno-pragmas -march=armv7-r -mcpu=cortex-r4 -mlittle-endian -Wa,-mimplicit-it=always -mabi=aapcs -Os -fno-strict-aliasing -fno-common -fno-exceptions -ffunction-sections -fdata-sections -fno-delete-null-pointer-checks -Wall -c -mno-unaligned-access -fshort-wchar -Werror -gdwarf-3 -MMD -MF ./build/HCT6737M_65_N/LWG_DSDS/bin/dep/devdrv/uart_init.d -o ./build/HCT6737M_65_N/LWG_DSDS/bin/obj/devdrv/uart_init.obj driver/devdrv/boot_init/src/uart_init.c 2>>./build/HCT6737M_65_N/LWG_DSDS/bin/log/devdrv/uart_init.log
tools/GCC/4.6.2/linux/bin/arm-none-eabi-gcc -mthumb @./build/HCT6737M_65_N/LWG_DSDS/bin/via/devdrv.via @./build/HCT6737M_65_N/LWG_DSDS/bin/via/devdrv_inc.via -c -Wno-attributes -Wno-pragmas -march=armv7-r -mcpu=cortex-r4 -mlittle-endian -Wa,-mimplicit-it=always -mabi=aapcs -Os -fno-strict-aliasing -fno-common -fno-exceptions -ffunction-sections -fdata-sections -fno-delete-null-pointer-checks -Wall -c -mno-unaligned-access -fshort-wchar -Werror -gdwarf-3 -MMD -MF ./build/HCT6737M_65_N/LWG_DSDS/bin/dep/devdrv/usim_init.d -o ./build/HCT6737M_65_N/LWG_DSDS/bin/obj/devdrv/usim_init.obj driver/devdrv/boot_init/src/usim_init.c 2>>./build/HCT6737M_65_N/LWG_DSDS/bin/log/devdrv/usim_init.log
tools/GCC/4.6.2/linux/bin/arm-none-eabi-gcc -mthumb @./build/HCT6737M_65_N/LWG_DSDS/bin/via/devdrv.via @./build/HCT6737M_65_N/LWG_DSDS/bin/via/devdrv_inc.via -c -Wno-attributes -Wno-pragmas -march=armv7-r -mcpu=cortex-r4 -mlittle-endian -Wa,-mimplicit-it=always -mabi=aapcs -Os -fno-strict-aliasing -fno-common -fno-exceptions -ffunction-sections -fdata-sections -fno-delete-null-pointer-checks -Wall -c -mno-unaligned-access -fshort-wchar -Werror -gdwarf-3 -MMD -MF ./build/HCT6737M_65_N/LWG_DSDS/bin/dep/devdrv/bus_drv_v2.d -o ./build/HCT6737M_65_N/LWG_DSDS/bin/obj/devdrv/bus_drv_v2.obj driver/devdrv/bus/src/bus_drv_v2.c 2>>./build/HCT6737M_65_N/LWG_DSDS/bin/log/devdrv/bus_drv_v2.log
tools/GCC/4.6.2/linux/bin/arm-none-eabi-gcc -mthumb @./build/HCT6737M_65_N/LWG_DSDS/bin/via/devdrv.via @./build/HCT6737M_65_N/LWG_DSDS/bin/via/devdrv_inc.via -c -Wno-attributes -Wno-pragmas -march=armv7-r -mcpu=cortex-r4 -mlittle-endian -Wa,-mimplicit-it=always -mabi=aapcs -Os -fno-strict-aliasing -fno-common -fno-exceptions -ffunction-sections -fdata-sections -fno-delete-null-pointer-checks -Wall -c -mno-unaligned-access -fshort-wchar -Werror -gdwarf-3 -MMD -MF ./build/HCT6737M_65_N/LWG_DSDS/bin/dep/devdrv/drv_busmon.d -o ./build/HCT6737M_65_N/LWG_DSDS/bin/obj/devdrv/drv_busmon.obj driver/devdrv/busmon/src/drv_busmon.c 2>>./build/HCT6737M_65_N/LWG_DSDS/bin/log/devdrv/drv_busmon.log
tools/GCC/4.6.2/linux/bin/arm-none-eabi-gcc -mthumb @./build/HCT6737M_65_N/LWG_DSDS/bin/via/devdrv.via @./build/HCT6737M_65_N/LWG_DSDS/bin/via/devdrv_inc.via -c -Wno-attributes -Wno-pragmas -march=armv7-r -mcpu=cortex-r4 -mlittle-endian -Wa,-mimplicit-it=always -mabi=aapcs -Os -fno-strict-aliasing -fno-common -fno-exceptions -ffunction-sections -fdata-sections -fno-delete-null-pointer-checks -Wall -c -mno-unaligned-access -fshort-wchar -Werror -gdwarf-3 -MMD -MF ./build/HCT6737M_65_N/LWG_DSDS/bin/dep/devdrv/drv_cfgctl.d -o ./build/HCT6737M_65_N/LWG_DSDS/bin/obj/devdrv/drv_cfgctl.obj driver/devdrv/cfgctl/src/drv_cfgctl.c 2>>./build/HCT6737M_65_N/LWG_DSDS/bin/log/devdrv/drv_cfgctl.log
tools/GCC/4.6.2/linux/bin/arm-none-eabi-gcc -mthumb @./build/HCT6737M_65_N/LWG_DSDS/bin/via/devdrv.via @./build/HCT6737M_65_N/LWG_DSDS/bin/via/devdrv_inc.via -c -Wno-attributes -Wno-pragmas -march=armv7-r -mcpu=cortex-r4 -mlittle-endian -Wa,-mimplicit-it=always -mabi=aapcs -Os -fno-strict-aliasing -fno-common -fno-exceptions -ffunction-sections -fdata-sections -fno-delete-null-pointer-checks -Wall -c -mno-unaligned-access -fshort-wchar -Werror -gdwarf-3 -MMD -MF ./build/HCT6737M_65_N/LWG_DSDS/bin/dep/devdrv/dcl_chr_det.d -o ./build/HCT6737M_65_N/LWG_DSDS/bin/obj/devdrv/dcl_chr_det.obj driver/devdrv/chr_det/src/dcl_chr_det.c 2>>./build/HCT6737M_65_N/LWG_DSDS/bin/log/devdrv/dcl_chr_det.log
tools/GCC/4.6.2/linux/bin/arm-none-eabi-gcc -mthumb @./build/HCT6737M_65_N/LWG_DSDS/bin/via/devdrv.via @./build/HCT6737M_65_N/LWG_DSDS/bin/via/devdrv_inc.via -c -Wno-attributes -Wno-pragmas -march=armv7-r -mcpu=cortex-r4 -mlittle-endian -Wa,-mimplicit-it=always -mabi=aapcs -Os -fno-strict-aliasing -fno-common -fno-exceptions -ffunction-sections -fdata-sections -fno-delete-null-pointer-checks -Wall -c -mno-unaligned-access -fshort-wchar -Werror -gdwarf-3 -MMD -MF ./build/HCT6737M_65_N/LWG_DSDS/bin/dep/devdrv/drv_mdcirq.d -o ./build/HCT6737M_65_N/LWG_DSDS/bin/obj/devdrv/drv_mdcirq.obj driver/devdrv/cirq_v2/src/drv_mdcirq.c 2>>./build/HCT6737M_65_N/LWG_DSDS/bin/log/devdrv/drv_mdcirq.log
tools/GCC/4.6.2/linux/bin/arm-none-eabi-gcc -mthumb @./build/HCT6737M_65_N/LWG_DSDS/bin/via/devdrv.via @./build/HCT6737M_65_N/LWG_DSDS/bin/via/devdrv_inc.via -c -Wno-attributes -Wno-pragmas -march=armv7-r -mcpu=cortex-r4 -mlittle-endian -Wa,-mimplicit-it=always -mabi=aapcs -Os -fno-strict-aliasing -fno-common -fno-exceptions -ffunction-sections -fdata-sections -fno-delete-null-pointer-checks -Wall -c -mno-unaligned-access -fshort-wchar -Werror -gdwarf-3 -MMD -MF ./build/HCT6737M_65_N/LWG_DSDS/bin/dep/devdrv/isrentry.d -o ./build/HCT6737M_65_N/LWG_DSDS/bin/obj/devdrv/isrentry.obj driver/devdrv/cirq_v2/src/isrentry.c 2>>./build/HCT6737M_65_N/LWG_DSDS/bin/log/devdrv/isrentry.log
tools/GCC/4.6.2/linux/bin/arm-none-eabi-gcc -mthumb @./build/HCT6737M_65_N/LWG_DSDS/bin/via/devdrv.via @./build/HCT6737M_65_N/LWG_DSDS/bin/via/devdrv_inc.via -c -Wno-attributes -Wno-pragmas -march=armv7-r -mcpu=cortex-r4 -mlittle-endian -Wa,-mimplicit-it=always -mabi=aapcs -Os -fno-strict-aliasing -fno-common -fno-exceptions -ffunction-sections -fdata-sections -fno-delete-null-pointer-checks -Wall -c -mno-unaligned-access -fshort-wchar -Werror -gdwarf-3 -MMD -MF ./build/HCT6737M_65_N/LWG_DSDS/bin/dep/devdrv/devdrv_common.d -o ./build/HCT6737M_65_N/LWG_DSDS/bin/obj/devdrv/devdrv_common.obj driver/devdrv/common/src/devdrv_common.c 2>>./build/HCT6737M_65_N/LWG_DSDS/bin/log/devdrv/devdrv_common.log
tools/GCC/4.6.2/linux/bin/arm-none-eabi-gcc -mthumb @./build/HCT6737M_65_N/LWG_DSDS/bin/via/devdrv.via @./build/HCT6737M_65_N/LWG_DSDS/bin/via/devdrv_inc.via -c -Wno-attributes -Wno-pragmas -march=armv7-r -mcpu=cortex-r4 -mlittle-endian -Wa,-mimplicit-it=always -mabi=aapcs -Os -fno-strict-aliasing -fno-common -fno-exceptions -ffunction-sections -fdata-sections -fno-delete-null-pointer-checks -Wall -c -mno-unaligned-access -fshort-wchar -Werror -gdwarf-3 -MMD -MF ./build/HCT6737M_65_N/LWG_DSDS/bin/dep/devdrv/devdrv_hisr.d -o ./build/HCT6737M_65_N/LWG_DSDS/bin/obj/devdrv/devdrv_hisr.obj driver/devdrv/common/src/devdrv_hisr.c 2>>./build/HCT6737M_65_N/LWG_DSDS/bin/log/devdrv/devdrv_hisr.log
tools/GCC/4.6.2/linux/bin/arm-none-eabi-gcc -mthumb @./build/HCT6737M_65_N/LWG_DSDS/bin/via/devdrv.via @./build/HCT6737M_65_N/LWG_DSDS/bin/via/devdrv_inc.via -c -Wno-attributes -Wno-pragmas -march=armv7-r -mcpu=cortex-r4 -mlittle-endian -Wa,-mimplicit-it=always -mabi=aapcs -Os -fno-strict-aliasing -fno-common -fno-exceptions -ffunction-sections -fdata-sections -fno-delete-null-pointer-checks -Wall -c -mno-unaligned-access -fshort-wchar -Werror -gdwarf-3 -MMD -MF ./build/HCT6737M_65_N/LWG_DSDS/bin/dep/devdrv/drv_coresight.d -o ./build/HCT6737M_65_N/LWG_DSDS/bin/obj/devdrv/drv_coresight.obj driver/devdrv/coresight/src/drv_coresight.c 2>>./build/HCT6737M_65_N/LWG_DSDS/bin/log/devdrv/drv_coresight.log
tools/GCC/4.6.2/linux/bin/arm-none-eabi-gcc -mthumb @./build/HCT6737M_65_N/LWG_DSDS/bin/via/devdrv.via @./build/HCT6737M_65_N/LWG_DSDS/bin/via/devdrv_inc.via -c -Wno-attributes -Wno-pragmas -march=armv7-r -mcpu=cortex-r4 -mlittle-endian -Wa,-mimplicit-it=always -mabi=aapcs -Os -fno-strict-aliasing -fno-common -fno-exceptions -ffunction-sections -fdata-sections -fno-delete-null-pointer-checks -Wall -c -mno-unaligned-access -fshort-wchar -Werror -gdwarf-3 -MMD -MF ./build/HCT6737M_65_N/LWG_DSDS/bin/dep/devdrv/dcm_service.d -o ./build/HCT6737M_65_N/LWG_DSDS/bin/obj/devdrv/dcm_service.obj driver/devdrv/dcm/src/dcm_service.c 2>>./build/HCT6737M_65_N/LWG_DSDS/bin/log/devdrv/dcm_service.log
tools/GCC/4.6.2/linux/bin/arm-none-eabi-gcc -mthumb @./build/HCT6737M_65_N/LWG_DSDS/bin/via/devdrv.via @./build/HCT6737M_65_N/LWG_DSDS/bin/via/devdrv_inc.via -c -Wno-attributes -Wno-pragmas -march=armv7-r -mcpu=cortex-r4 -mlittle-endian -Wa,-mimplicit-it=always -mabi=aapcs -Os -fno-strict-aliasing -fno-common -fno-exceptions -ffunction-sections -fdata-sections -fno-delete-null-pointer-checks -Wall -c -mno-unaligned-access -fshort-wchar -Werror -gdwarf-3 -MMD -MF ./build/HCT6737M_65_N/LWG_DSDS/bin/dep/devdrv/drv_dcm.d -o ./build/HCT6737M_65_N/LWG_DSDS/bin/obj/devdrv/drv_dcm.obj driver/devdrv/dcm/src/drv_dcm.c 2>>./build/HCT6737M_65_N/LWG_DSDS/bin/log/devdrv/drv_dcm.log
tools/GCC/4.6.2/linux/bin/arm-none-eabi-gcc -mthumb @./build/HCT6737M_65_N/LWG_DSDS/bin/via/devdrv.via @./build/HCT6737M_65_N/LWG_DSDS/bin/via/devdrv_inc.via -c -Wno-attributes -Wno-pragmas -march=armv7-r -mcpu=cortex-r4 -mlittle-endian -Wa,-mimplicit-it=always -mabi=aapcs -Os -fno-strict-aliasing -fno-common -fno-exceptions -ffunction-sections -fdata-sections -fno-delete-null-pointer-checks -Wall -c -mno-unaligned-access -fshort-wchar -Werror -gdwarf-3 -MMD -MF ./build/HCT6737M_65_N/LWG_DSDS/bin/dep/devdrv/drv_lpm.d -o ./build/HCT6737M_65_N/LWG_DSDS/bin/obj/devdrv/drv_lpm.obj driver/devdrv/dcm/src/drv_lpm.c 2>>./build/HCT6737M_65_N/LWG_DSDS/bin/log/devdrv/drv_lpm.log
tools/GCC/4.6.2/linux/bin/arm-none-eabi-gcc -mthumb @./build/HCT6737M_65_N/LWG_DSDS/bin/via/devdrv.via @./build/HCT6737M_65_N/LWG_DSDS/bin/via/devdrv_inc.via -c -Wno-attributes -Wno-pragmas -march=armv7-r -mcpu=cortex-r4 -mlittle-endian -Wa,-mimplicit-it=always -mabi=aapcs -Os -fno-strict-aliasing -fno-common -fno-exceptions -ffunction-sections -fdata-sections -fno-delete-null-pointer-checks -Wall -c -mno-unaligned-access -fshort-wchar -Werror -gdwarf-3 -MMD -MF ./build/HCT6737M_65_N/LWG_DSDS/bin/dep/devdrv/drv_dem.d -o ./build/HCT6737M_65_N/LWG_DSDS/bin/obj/devdrv/drv_dem.obj driver/devdrv/dem/src/drv_dem.c 2>>./build/HCT6737M_65_N/LWG_DSDS/bin/log/devdrv/drv_dem.log
tools/GCC/4.6.2/linux/bin/arm-none-eabi-gcc -mthumb @./build/HCT6737M_65_N/LWG_DSDS/bin/via/devdrv.via @./build/HCT6737M_65_N/LWG_DSDS/bin/via/devdrv_inc.via -c -Wno-attributes -Wno-pragmas -march=armv7-r -mcpu=cortex-r4 -mlittle-endian -Wa,-mimplicit-it=always -mabi=aapcs -Os -fno-strict-aliasing -fno-common -fno-exceptions -ffunction-sections -fdata-sections -fno-delete-null-pointer-checks -Wall -c -mno-unaligned-access -fshort-wchar -Werror -gdwarf-3 -MMD -MF ./build/HCT6737M_65_N/LWG_DSDS/bin/dep/devdrv/devdrv_fakeapi.d -o ./build/HCT6737M_65_N/LWG_DSDS/bin/obj/devdrv/devdrv_fakeapi.obj driver/devdrv/devdrv_fakeapi/src/devdrv_fakeapi.c 2>>./build/HCT6737M_65_N/LWG_DSDS/bin/log/devdrv/devdrv_fakeapi.log
tools/GCC/4.6.2/linux/bin/arm-none-eabi-gcc -mthumb @./build/HCT6737M_65_N/LWG_DSDS/bin/via/devdrv.via @./build/HCT6737M_65_N/LWG_DSDS/bin/via/devdrv_inc.via -c -Wno-attributes -Wno-pragmas -march=armv7-r -mcpu=cortex-r4 -mlittle-endian -Wa,-mimplicit-it=always -mabi=aapcs -Os -fno-strict-aliasing -fno-common -fno-exceptions -ffunction-sections -fdata-sections -fno-delete-null-pointer-checks -Wall -c -mno-unaligned-access -fshort-wchar -Werror -gdwarf-3 -MMD -MF ./build/HCT6737M_65_N/LWG_DSDS/bin/dep/devdrv/dcl_eint.d -o ./build/HCT6737M_65_N/LWG_DSDS/bin/obj/devdrv/dcl_eint.obj driver/devdrv/eint/src/dcl_eint.c 2>>./build/HCT6737M_65_N/LWG_DSDS/bin/log/devdrv/dcl_eint.log
tools/GCC/4.6.2/linux/bin/arm-none-eabi-gcc -mthumb @./build/HCT6737M_65_N/LWG_DSDS/bin/via/devdrv.via @./build/HCT6737M_65_N/LWG_DSDS/bin/via/devdrv_inc.via -c -Wno-attributes -Wno-pragmas -march=armv7-r -mcpu=cortex-r4 -mlittle-endian -Wa,-mimplicit-it=always -mabi=aapcs -Os -fno-strict-aliasing -fno-common -fno-exceptions -ffunction-sections -fdata-sections -fno-delete-null-pointer-checks -Wall -c -mno-unaligned-access -fshort-wchar -Werror -gdwarf-3 -MMD -MF ./build/HCT6737M_65_N/LWG_DSDS/bin/dep/devdrv/drv_eint.d -o ./build/HCT6737M_65_N/LWG_DSDS/bin/obj/devdrv/drv_eint.obj driver/devdrv/eint/src/drv_eint.c 2>>./build/HCT6737M_65_N/LWG_DSDS/bin/log/devdrv/drv_eint.log
tools/GCC/4.6.2/linux/bin/arm-none-eabi-gcc -mthumb @./build/HCT6737M_65_N/LWG_DSDS/bin/via/devdrv.via @./build/HCT6737M_65_N/LWG_DSDS/bin/via/devdrv_inc.via -c -Wno-attributes -Wno-pragmas -march=armv7-r -mcpu=cortex-r4 -mlittle-endian -Wa,-mimplicit-it=always -mabi=aapcs -Os -fno-strict-aliasing -fno-common -fno-exceptions -ffunction-sections -fdata-sections -fno-delete-null-pointer-checks -Wall -c -mno-unaligned-access -fshort-wchar -Werror -gdwarf-3 -MMD -MF ./build/HCT6737M_65_N/LWG_DSDS/bin/dep/devdrv/eint_setting_init.d -o ./build/HCT6737M_65_N/LWG_DSDS/bin/obj/devdrv/eint_setting_init.obj driver/devdrv/eint/src/eint_setting_init.c 2>>./build/HCT6737M_65_N/LWG_DSDS/bin/log/devdrv/eint_setting_init.log
tools/GCC/4.6.2/linux/bin/arm-none-eabi-gcc -mthumb @./build/HCT6737M_65_N/LWG_DSDS/bin/via/devdrv.via @./build/HCT6737M_65_N/LWG_DSDS/bin/via/devdrv_inc.via -c -Wno-attributes -Wno-pragmas -march=armv7-r -mcpu=cortex-r4 -mlittle-endian -Wa,-mimplicit-it=always -mabi=aapcs -Os -fno-strict-aliasing -fno-common -fno-exceptions -ffunction-sections -fdata-sections -fno-delete-null-pointer-checks -Wall -c -mno-unaligned-access -fshort-wchar -Werror -gdwarf-3 -MMD -MF ./build/HCT6737M_65_N/LWG_DSDS/bin/dep/devdrv/elm.d -o ./build/HCT6737M_65_N/LWG_DSDS/bin/obj/devdrv/elm.obj driver/devdrv/elm/src/elm.c 2>>./build/HCT6737M_65_N/LWG_DSDS/bin/log/devdrv/elm.log
tools/GCC/4.6.2/linux/bin/arm-none-eabi-gcc -mthumb @./build/HCT6737M_65_N/LWG_DSDS/bin/via/devdrv.via @./build/HCT6737M_65_N/LWG_DSDS/bin/via/devdrv_inc.via -c -Wno-attributes -Wno-pragmas -march=armv7-r -mcpu=cortex-r4 -mlittle-endian -Wa,-mimplicit-it=always -mabi=aapcs -Os -fno-strict-aliasing -fno-common -fno-exceptions -ffunction-sections -fdata-sections -fno-delete-null-pointer-checks -Wall -c -mno-unaligned-access -fshort-wchar -Werror -gdwarf-3 -MMD -MF ./build/HCT6737M_65_N/LWG_DSDS/bin/dep/devdrv/emimpu.d -o ./build/HCT6737M_65_N/LWG_DSDS/bin/obj/devdrv/emimpu.obj driver/devdrv/emi/src/emimpu.c 2>>./build/HCT6737M_65_N/LWG_DSDS/bin/log/devdrv/emimpu.log
tools/GCC/4.6.2/linux/bin/arm-none-eabi-gcc -mthumb @./build/HCT6737M_65_N/LWG_DSDS/bin/via/devdrv.via @./build/HCT6737M_65_N/LWG_DSDS/bin/via/devdrv_inc.via -c -Wno-attributes -Wno-pragmas -march=armv7-r -mcpu=cortex-r4 -mlittle-endian -Wa,-mimplicit-it=always -mabi=aapcs -Os -fno-strict-aliasing -fno-common -fno-exceptions -ffunction-sections -fdata-sections -fno-delete-null-pointer-checks -Wall -c -mno-unaligned-access -fshort-wchar -Werror -gdwarf-3 -MMD -MF ./build/HCT6737M_65_N/LWG_DSDS/bin/dep/devdrv/dcl_f32k_clk.d -o ./build/HCT6737M_65_N/LWG_DSDS/bin/obj/devdrv/dcl_f32k_clk.obj driver/devdrv/f32k/src/dcl_f32k_clk.c 2>>./build/HCT6737M_65_N/LWG_DSDS/bin/log/devdrv/dcl_f32k_clk.log
tools/GCC/4.6.2/linux/bin/arm-none-eabi-gcc -mthumb @./build/HCT6737M_65_N/LWG_DSDS/bin/via/devdrv.via @./build/HCT6737M_65_N/LWG_DSDS/bin/via/devdrv_inc.via -c -Wno-attributes -Wno-pragmas -march=armv7-r -mcpu=cortex-r4 -mlittle-endian -Wa,-mimplicit-it=always -mabi=aapcs -Os -fno-strict-aliasing -fno-common -fno-exceptions -ffunction-sections -fdata-sections -fno-delete-null-pointer-checks -Wall -c -mno-unaligned-access -fshort-wchar -Werror -gdwarf-3 -MMD -MF ./build/HCT6737M_65_N/LWG_DSDS/bin/dep/devdrv/drv_gdma.d -o ./build/HCT6737M_65_N/LWG_DSDS/bin/obj/devdrv/drv_gdma.obj driver/devdrv/gdma/src/drv_gdma.c 2>>./build/HCT6737M_65_N/LWG_DSDS/bin/log/devdrv/drv_gdma.log
tools/GCC/4.6.2/linux/bin/arm-none-eabi-gcc -mthumb @./build/HCT6737M_65_N/LWG_DSDS/bin/via/devdrv.via @./build/HCT6737M_65_N/LWG_DSDS/bin/via/devdrv_inc.via -c -Wno-attributes -Wno-pragmas -march=armv7-r -mcpu=cortex-r4 -mlittle-endian -Wa,-mimplicit-it=always -mabi=aapcs -Os -fno-strict-aliasing -fno-common -fno-exceptions -ffunction-sections -fdata-sections -fno-delete-null-pointer-checks -Wall -c -mno-unaligned-access -fshort-wchar -Werror -gdwarf-3 -MMD -MF ./build/HCT6737M_65_N/LWG_DSDS/bin/dep/devdrv/dcl_gpio.d -o ./build/HCT6737M_65_N/LWG_DSDS/bin/obj/devdrv/dcl_gpio.obj driver/devdrv/gpio/src/dcl_gpio.c 2>>./build/HCT6737M_65_N/LWG_DSDS/bin/log/devdrv/dcl_gpio.log
tools/GCC/4.6.2/linux/bin/arm-none-eabi-gcc -mthumb @./build/HCT6737M_65_N/LWG_DSDS/bin/via/devdrv.via @./build/HCT6737M_65_N/LWG_DSDS/bin/via/devdrv_inc.via -c -Wno-attributes -Wno-pragmas -march=armv7-r -mcpu=cortex-r4 -mlittle-endian -Wa,-mimplicit-it=always -mabi=aapcs -Os -fno-strict-aliasing -fno-common -fno-exceptions -ffunction-sections -fdata-sections -fno-delete-null-pointer-checks -Wall -c -mno-unaligned-access -fshort-wchar -Werror -gdwarf-3 -MMD -MF ./build/HCT6737M_65_N/LWG_DSDS/bin/dep/devdrv/drv_gpio.d -o ./build/HCT6737M_65_N/LWG_DSDS/bin/obj/devdrv/drv_gpio.obj driver/devdrv/gpio/src/drv_gpio.c 2>>./build/HCT6737M_65_N/LWG_DSDS/bin/log/devdrv/drv_gpio.log
tools/GCC/4.6.2/linux/bin/arm-none-eabi-gcc -mthumb @./build/HCT6737M_65_N/LWG_DSDS/bin/via/devdrv.via @./build/HCT6737M_65_N/LWG_DSDS/bin/via/devdrv_inc.via -c -Wno-attributes -Wno-pragmas -march=armv7-r -mcpu=cortex-r4 -mlittle-endian -Wa,-mimplicit-it=always -mabi=aapcs -Os -fno-strict-aliasing -fno-common -fno-exceptions -ffunction-sections -fdata-sections -fno-delete-null-pointer-checks -Wall -c -mno-unaligned-access -fshort-wchar -Werror -gdwarf-3 -MMD -MF ./build/HCT6737M_65_N/LWG_DSDS/bin/dep/devdrv/gpio_setting.d -o ./build/HCT6737M_65_N/LWG_DSDS/bin/obj/devdrv/gpio_setting.obj driver/devdrv/gpio/src/gpio_setting.c 2>>./build/HCT6737M_65_N/LWG_DSDS/bin/log/devdrv/gpio_setting.log
tools/GCC/4.6.2/linux/bin/arm-none-eabi-gcc -mthumb @./build/HCT6737M_65_N/LWG_DSDS/bin/via/devdrv.via @./build/HCT6737M_65_N/LWG_DSDS/bin/via/devdrv_inc.via -c -Wno-attributes -Wno-pragmas -march=armv7-r -mcpu=cortex-r4 -mlittle-endian -Wa,-mimplicit-it=always -mabi=aapcs -Os -fno-strict-aliasing -fno-common -fno-exceptions -ffunction-sections -fdata-sections -fno-delete-null-pointer-checks -Wall -c -mno-unaligned-access -fshort-wchar -Werror -gdwarf-3 -MMD -MF ./build/HCT6737M_65_N/LWG_DSDS/bin/dep/devdrv/dcl_gpt.d -o ./build/HCT6737M_65_N/LWG_DSDS/bin/obj/devdrv/dcl_gpt.obj driver/devdrv/gpt/src/dcl_gpt.c 2>>./build/HCT6737M_65_N/LWG_DSDS/bin/log/devdrv/dcl_gpt.log
tools/GCC/4.6.2/linux/bin/arm-none-eabi-gcc -mthumb @./build/HCT6737M_65_N/LWG_DSDS/bin/via/devdrv.via @./build/HCT6737M_65_N/LWG_DSDS/bin/via/devdrv_inc.via -c -Wno-attributes -Wno-pragmas -march=armv7-r -mcpu=cortex-r4 -mlittle-endian -Wa,-mimplicit-it=always -mabi=aapcs -Os -fno-strict-aliasing -fno-common -fno-exceptions -ffunction-sections -fdata-sections -fno-delete-null-pointer-checks -Wall -c -mno-unaligned-access -fshort-wchar -Werror -gdwarf-3 -MMD -MF ./build/HCT6737M_65_N/LWG_DSDS/bin/dep/devdrv/drv_gpt.d -o ./build/HCT6737M_65_N/LWG_DSDS/bin/obj/devdrv/drv_gpt.obj driver/devdrv/gpt/src/drv_gpt.c 2>>./build/HCT6737M_65_N/LWG_DSDS/bin/log/devdrv/drv_gpt.log
tools/GCC/4.6.2/linux/bin/arm-none-eabi-gcc -mthumb @./build/HCT6737M_65_N/LWG_DSDS/bin/via/devdrv.via @./build/HCT6737M_65_N/LWG_DSDS/bin/via/devdrv_inc.via -c -Wno-attributes -Wno-pragmas -march=armv7-r -mcpu=cortex-r4 -mlittle-endian -Wa,-mimplicit-it=always -mabi=aapcs -Os -fno-strict-aliasing -fno-common -fno-exceptions -ffunction-sections -fdata-sections -fno-delete-null-pointer-checks -Wall -c -mno-unaligned-access -fshort-wchar -Werror -gdwarf-3 -MMD -MF ./build/HCT6737M_65_N/LWG_DSDS/bin/dep/devdrv/i2c_pmic.d -o ./build/HCT6737M_65_N/LWG_DSDS/bin/obj/devdrv/i2c_pmic.obj driver/devdrv/i2c/src/i2c_pmic.c 2>>./build/HCT6737M_65_N/LWG_DSDS/bin/log/devdrv/i2c_pmic.log
tools/GCC/4.6.2/linux/bin/arm-none-eabi-gcc -mthumb @./build/HCT6737M_65_N/LWG_DSDS/bin/via/devdrv.via @./build/HCT6737M_65_N/LWG_DSDS/bin/via/devdrv_inc.via -c -Wno-attributes -Wno-pragmas -march=armv7-r -mcpu=cortex-r4 -mlittle-endian -Wa,-mimplicit-it=always -mabi=aapcs -Os -fno-strict-aliasing -fno-common -fno-exceptions -ffunction-sections -fdata-sections -fno-delete-null-pointer-checks -Wall -c -mno-unaligned-access -fshort-wchar -Werror -gdwarf-3 -MMD -MF ./build/HCT6737M_65_N/LWG_DSDS/bin/dep/devdrv/dcl_idc.d -o ./build/HCT6737M_65_N/LWG_DSDS/bin/obj/devdrv/dcl_idc.obj driver/devdrv/idc/src/dcl_idc.c 2>>./build/HCT6737M_65_N/LWG_DSDS/bin/log/devdrv/dcl_idc.log
tools/GCC/4.6.2/linux/bin/arm-none-eabi-gcc -mthumb @./build/HCT6737M_65_N/LWG_DSDS/bin/via/devdrv.via @./build/HCT6737M_65_N/LWG_DSDS/bin/via/devdrv_inc.via -c -Wno-attributes -Wno-pragmas -march=armv7-r -mcpu=cortex-r4 -mlittle-endian -Wa,-mimplicit-it=always -mabi=aapcs -Os -fno-strict-aliasing -fno-common -fno-exceptions -ffunction-sections -fdata-sections -fno-delete-null-pointer-checks -Wall -c -mno-unaligned-access -fshort-wchar -Werror -gdwarf-3 -MMD -MF ./build/HCT6737M_65_N/LWG_DSDS/bin/dep/devdrv/drv_idc.d -o ./build/HCT6737M_65_N/LWG_DSDS/bin/obj/devdrv/drv_idc.obj driver/devdrv/idc/src/drv_idc.c 2>>./build/HCT6737M_65_N/LWG_DSDS/bin/log/devdrv/drv_idc.log
tools/GCC/4.6.2/linux/bin/arm-none-eabi-gcc -mthumb @./build/HCT6737M_65_N/LWG_DSDS/bin/via/devdrv.via @./build/HCT6737M_65_N/LWG_DSDS/bin/via/devdrv_inc.via -c -Wno-attributes -Wno-pragmas -march=armv7-r -mcpu=cortex-r4 -mlittle-endian -Wa,-mimplicit-it=always -mabi=aapcs -Os -fno-strict-aliasing -fno-common -fno-exceptions -ffunction-sections -fdata-sections -fno-delete-null-pointer-checks -Wall -c -mno-unaligned-access -fshort-wchar -Werror -gdwarf-3 -MMD -MF ./build/HCT6737M_65_N/LWG_DSDS/bin/dep/devdrv/MalmoDriver.d -o ./build/HCT6737M_65_N/LWG_DSDS/bin/obj/devdrv/MalmoDriver.obj driver/devdrv/malmo/src/MalmoDriver.c 2>>./build/HCT6737M_65_N/LWG_DSDS/bin/log/devdrv/MalmoDriver.log
tools/GCC/4.6.2/linux/bin/arm-none-eabi-gcc -mthumb @./build/HCT6737M_65_N/LWG_DSDS/bin/via/devdrv.via @./build/HCT6737M_65_N/LWG_DSDS/bin/via/devdrv_inc.via -c -Wno-attributes -Wno-pragmas -march=armv7-r -mcpu=cortex-r4 -mlittle-endian -Wa,-mimplicit-it=always -mabi=aapcs -Os -fno-strict-aliasing -fno-common -fno-exceptions -ffunction-sections -fdata-sections -fno-delete-null-pointer-checks -Wall -c -mno-unaligned-access -fshort-wchar -Werror -gdwarf-3 -MMD -MF ./build/HCT6737M_65_N/LWG_DSDS/bin/dep/devdrv/cc_irq.d -o ./build/HCT6737M_65_N/LWG_DSDS/bin/obj/devdrv/cc_irq.obj driver/devdrv/mdipc/src/cc_irq.c 2>>./build/HCT6737M_65_N/LWG_DSDS/bin/log/devdrv/cc_irq.log
tools/GCC/4.6.2/linux/bin/arm-none-eabi-gcc -mthumb @./build/HCT6737M_65_N/LWG_DSDS/bin/via/devdrv.via @./build/HCT6737M_65_N/LWG_DSDS/bin/via/devdrv_inc.via -c -Wno-attributes -Wno-pragmas -march=armv7-r -mcpu=cortex-r4 -mlittle-endian -Wa,-mimplicit-it=always -mabi=aapcs -Os -fno-strict-aliasing -fno-common -fno-exceptions -ffunction-sections -fdata-sections -fno-delete-null-pointer-checks -Wall -c -mno-unaligned-access -fshort-wchar -Werror -gdwarf-3 -MMD -MF ./build/HCT6737M_65_N/LWG_DSDS/bin/dep/devdrv/cc_irq_msg.d -o ./build/HCT6737M_65_N/LWG_DSDS/bin/obj/devdrv/cc_irq_msg.obj driver/devdrv/mdipc/src/cc_irq_msg.c 2>>./build/HCT6737M_65_N/LWG_DSDS/bin/log/devdrv/cc_irq_msg.log
tools/GCC/4.6.2/linux/bin/arm-none-eabi-gcc -mthumb @./build/HCT6737M_65_N/LWG_DSDS/bin/via/devdrv.via @./build/HCT6737M_65_N/LWG_DSDS/bin/via/devdrv_inc.via -c -Wno-attributes -Wno-pragmas -march=armv7-r -mcpu=cortex-r4 -mlittle-endian -Wa,-mimplicit-it=always -mabi=aapcs -Os -fno-strict-aliasing -fno-common -fno-exceptions -ffunction-sections -fdata-sections -fno-delete-null-pointer-checks -Wall -c -mno-unaligned-access -fshort-wchar -Werror -gdwarf-3 -MMD -MF ./build/HCT6737M_65_N/LWG_DSDS/bin/dep/devdrv/md_pccif.d -o ./build/HCT6737M_65_N/LWG_DSDS/bin/obj/devdrv/md_pccif.obj driver/devdrv/mdipc/src/md_pccif.c 2>>./build/HCT6737M_65_N/LWG_DSDS/bin/log/devdrv/md_pccif.log
tools/GCC/4.6.2/linux/bin/arm-none-eabi-gcc -mthumb @./build/HCT6737M_65_N/LWG_DSDS/bin/via/devdrv.via @./build/HCT6737M_65_N/LWG_DSDS/bin/via/devdrv_inc.via -c -Wno-attributes -Wno-pragmas -march=armv7-r -mcpu=cortex-r4 -mlittle-endian -Wa,-mimplicit-it=always -mabi=aapcs -Os -fno-strict-aliasing -fno-common -fno-exceptions -ffunction-sections -fdata-sections -fno-delete-null-pointer-checks -Wall -c -mno-unaligned-access -fshort-wchar -Werror -gdwarf-3 -MMD -MF ./build/HCT6737M_65_N/LWG_DSDS/bin/dep/devdrv/cc_sys_comm.d -o ./build/HCT6737M_65_N/LWG_DSDS/bin/obj/devdrv/cc_sys_comm.obj driver/devdrv/mdipc/src/cc_sys_comm.c 2>>./build/HCT6737M_65_N/LWG_DSDS/bin/log/devdrv/cc_sys_comm.log
tools/GCC/4.6.2/linux/bin/arm-none-eabi-gcc -mthumb @./build/HCT6737M_65_N/LWG_DSDS/bin/via/devdrv.via @./build/HCT6737M_65_N/LWG_DSDS/bin/via/devdrv_inc.via -c -Wno-attributes -Wno-pragmas -march=armv7-r -mcpu=cortex-r4 -mlittle-endian -Wa,-mimplicit-it=always -mabi=aapcs -Os -fno-strict-aliasing -fno-common -fno-exceptions -ffunction-sections -fdata-sections -fno-delete-null-pointer-checks -Wall -c -mno-unaligned-access -fshort-wchar -Werror -gdwarf-3 -MMD -MF ./build/HCT6737M_65_N/LWG_DSDS/bin/dep/devdrv/drv_pcmon.d -o ./build/HCT6737M_65_N/LWG_DSDS/bin/obj/devdrv/drv_pcmon.obj driver/devdrv/pcmon/src/drv_pcmon.c 2>>./build/HCT6737M_65_N/LWG_DSDS/bin/log/devdrv/drv_pcmon.log
tools/GCC/4.6.2/linux/bin/arm-none-eabi-gcc -mthumb @./build/HCT6737M_65_N/LWG_DSDS/bin/via/devdrv.via @./build/HCT6737M_65_N/LWG_DSDS/bin/via/devdrv_inc.via -c -Wno-attributes -Wno-pragmas -march=armv7-r -mcpu=cortex-r4 -mlittle-endian -Wa,-mimplicit-it=always -mabi=aapcs -Os -fno-strict-aliasing -fno-common -fno-exceptions -ffunction-sections -fdata-sections -fno-delete-null-pointer-checks -Wall -c -mno-unaligned-access -fshort-wchar -Werror -gdwarf-3 -MMD -MF ./build/HCT6737M_65_N/LWG_DSDS/bin/dep/devdrv/drvpdn.d -o ./build/HCT6737M_65_N/LWG_DSDS/bin/obj/devdrv/drvpdn.obj driver/devdrv/pdn/src/drvpdn.c 2>>./build/HCT6737M_65_N/LWG_DSDS/bin/log/devdrv/drvpdn.log
tools/GCC/4.6.2/linux/bin/arm-none-eabi-gcc -mthumb @./build/HCT6737M_65_N/LWG_DSDS/bin/via/devdrv.via @./build/HCT6737M_65_N/LWG_DSDS/bin/via/devdrv_inc.via -c -Wno-attributes -Wno-pragmas -march=armv7-r -mcpu=cortex-r4 -mlittle-endian -Wa,-mimplicit-it=always -mabi=aapcs -Os -fno-strict-aliasing -fno-common -fno-exceptions -ffunction-sections -fdata-sections -fno-delete-null-pointer-checks -Wall -c -mno-unaligned-access -fshort-wchar -Werror -gdwarf-3 -MMD -MF ./build/HCT6737M_65_N/LWG_DSDS/bin/dep/devdrv/drv_pfb.d -o ./build/HCT6737M_65_N/LWG_DSDS/bin/obj/devdrv/drv_pfb.obj driver/devdrv/pfb/src/drv_pfb.c 2>>./build/HCT6737M_65_N/LWG_DSDS/bin/log/devdrv/drv_pfb.log
tools/GCC/4.6.2/linux/bin/arm-none-eabi-gcc -mthumb @./build/HCT6737M_65_N/LWG_DSDS/bin/via/devdrv.via @./build/HCT6737M_65_N/LWG_DSDS/bin/via/devdrv_inc.via -c -Wno-attributes -Wno-pragmas -march=armv7-r -mcpu=cortex-r4 -mlittle-endian -Wa,-mimplicit-it=always -mabi=aapcs -Os -fno-strict-aliasing -fno-common -fno-exceptions -ffunction-sections -fdata-sections -fno-delete-null-pointer-checks -Wall -c -mno-unaligned-access -fshort-wchar -Werror -gdwarf-3 -MMD -MF ./build/HCT6737M_65_N/LWG_DSDS/bin/dep/devdrv/pll_mt6735.d -o ./build/HCT6737M_65_N/LWG_DSDS/bin/obj/devdrv/pll_mt6735.obj driver/devdrv/pll/src/pll_mt6735.c 2>>./build/HCT6737M_65_N/LWG_DSDS/bin/log/devdrv/pll_mt6735.log
tools/GCC/4.6.2/linux/bin/arm-none-eabi-gcc -mthumb @./build/HCT6737M_65_N/LWG_DSDS/bin/via/devdrv.via @./build/HCT6737M_65_N/LWG_DSDS/bin/via/devdrv_inc.via -c -Wno-attributes -Wno-pragmas -march=armv7-r -mcpu=cortex-r4 -mlittle-endian -Wa,-mimplicit-it=always -mabi=aapcs -Os -fno-strict-aliasing -fno-common -fno-exceptions -ffunction-sections -fdata-sections -fno-delete-null-pointer-checks -Wall -c -mno-unaligned-access -fshort-wchar -Werror -gdwarf-3 -MMD -MF ./build/HCT6737M_65_N/LWG_DSDS/bin/dep/devdrv/dcl_pmic6328.d -o ./build/HCT6737M_65_N/LWG_DSDS/bin/obj/devdrv/dcl_pmic6328.obj driver/devdrv/pmic/src/dcl_pmic6328.c 2>>./build/HCT6737M_65_N/LWG_DSDS/bin/log/devdrv/dcl_pmic6328.log
tools/GCC/4.6.2/linux/bin/arm-none-eabi-gcc -mthumb @./build/HCT6737M_65_N/LWG_DSDS/bin/via/devdrv.via @./build/HCT6737M_65_N/LWG_DSDS/bin/via/devdrv_inc.via -c -Wno-attributes -Wno-pragmas -march=armv7-r -mcpu=cortex-r4 -mlittle-endian -Wa,-mimplicit-it=always -mabi=aapcs -Os -fno-strict-aliasing -fno-common -fno-exceptions -ffunction-sections -fdata-sections -fno-delete-null-pointer-checks -Wall -c -mno-unaligned-access -fshort-wchar -Werror -gdwarf-3 -MMD -MF ./build/HCT6737M_65_N/LWG_DSDS/bin/dep/devdrv/dcl_pmic6328_init.d -o ./build/HCT6737M_65_N/LWG_DSDS/bin/obj/devdrv/dcl_pmic6328_init.obj driver/devdrv/pmic/src/dcl_pmic6328_init.c 2>>./build/HCT6737M_65_N/LWG_DSDS/bin/log/devdrv/dcl_pmic6328_init.log
tools/GCC/4.6.2/linux/bin/arm-none-eabi-gcc -mthumb @./build/HCT6737M_65_N/LWG_DSDS/bin/via/devdrv.via @./build/HCT6737M_65_N/LWG_DSDS/bin/via/devdrv_inc.via -c -Wno-attributes -Wno-pragmas -march=armv7-r -mcpu=cortex-r4 -mlittle-endian -Wa,-mimplicit-it=always -mabi=aapcs -Os -fno-strict-aliasing -fno-common -fno-exceptions -ffunction-sections -fdata-sections -fno-delete-null-pointer-checks -Wall -c -mno-unaligned-access -fshort-wchar -Werror -gdwarf-3 -MMD -MF ./build/HCT6737M_65_N/LWG_DSDS/bin/dep/devdrv/dcl_pmu.d -o ./build/HCT6737M_65_N/LWG_DSDS/bin/obj/devdrv/dcl_pmu.obj driver/devdrv/pmic/src/dcl_pmu.c 2>>./build/HCT6737M_65_N/LWG_DSDS/bin/log/devdrv/dcl_pmu.log
tools/GCC/4.6.2/linux/bin/arm-none-eabi-gcc -mthumb @./build/HCT6737M_65_N/LWG_DSDS/bin/via/devdrv.via @./build/HCT6737M_65_N/LWG_DSDS/bin/via/devdrv_inc.via -c -Wno-attributes -Wno-pragmas -march=armv7-r -mcpu=cortex-r4 -mlittle-endian -Wa,-mimplicit-it=always -mabi=aapcs -Os -fno-strict-aliasing -fno-common -fno-exceptions -ffunction-sections -fdata-sections -fno-delete-null-pointer-checks -Wall -c -mno-unaligned-access -fshort-wchar -Werror -gdwarf-3 -MMD -MF ./build/HCT6737M_65_N/LWG_DSDS/bin/dep/devdrv/dcl_pmu_common.d -o ./build/HCT6737M_65_N/LWG_DSDS/bin/obj/devdrv/dcl_pmu_common.obj driver/devdrv/pmic/src/dcl_pmu_common.c 2>>./build/HCT6737M_65_N/LWG_DSDS/bin/log/devdrv/dcl_pmu_common.log
tools/GCC/4.6.2/linux/bin/arm-none-eabi-gcc -mthumb @./build/HCT6737M_65_N/LWG_DSDS/bin/via/devdrv.via @./build/HCT6737M_65_N/LWG_DSDS/bin/via/devdrv_inc.via -c -Wno-attributes -Wno-pragmas -march=armv7-r -mcpu=cortex-r4 -mlittle-endian -Wa,-mimplicit-it=always -mabi=aapcs -Os -fno-strict-aliasing -fno-common -fno-exceptions -ffunction-sections -fdata-sections -fno-delete-null-pointer-checks -Wall -c -mno-unaligned-access -fshort-wchar -Werror -gdwarf-3 -MMD -MF ./build/HCT6737M_65_N/LWG_DSDS/bin/dep/devdrv/pmic_wrap.d -o ./build/HCT6737M_65_N/LWG_DSDS/bin/obj/devdrv/pmic_wrap.obj driver/devdrv/pmic_wrap/src/pmic_wrap.c 2>>./build/HCT6737M_65_N/LWG_DSDS/bin/log/devdrv/pmic_wrap.log
tools/GCC/4.6.2/linux/bin/arm-none-eabi-gcc -mthumb @./build/HCT6737M_65_N/LWG_DSDS/bin/via/devdrv.via @./build/HCT6737M_65_N/LWG_DSDS/bin/via/devdrv_inc.via -c -Wno-attributes -Wno-pragmas -march=armv7-r -mcpu=cortex-r4 -mlittle-endian -Wa,-mimplicit-it=always -mabi=aapcs -Os -fno-strict-aliasing -fno-common -fno-exceptions -ffunction-sections -fdata-sections -fno-delete-null-pointer-checks -Wall -c -mno-unaligned-access -fshort-wchar -Werror -gdwarf-3 -MMD -MF ./build/HCT6737M_65_N/LWG_DSDS/bin/dep/devdrv/dcl_pw.d -o ./build/HCT6737M_65_N/LWG_DSDS/bin/obj/devdrv/dcl_pw.obj driver/devdrv/pw/src/dcl_pw.c 2>>./build/HCT6737M_65_N/LWG_DSDS/bin/log/devdrv/dcl_pw.log
tools/GCC/4.6.2/linux/bin/arm-none-eabi-gcc -mthumb @./build/HCT6737M_65_N/LWG_DSDS/bin/via/devdrv.via @./build/HCT6737M_65_N/LWG_DSDS/bin/via/devdrv_inc.via -c -Wno-attributes -Wno-pragmas -march=armv7-r -mcpu=cortex-r4 -mlittle-endian -Wa,-mimplicit-it=always -mabi=aapcs -Os -fno-strict-aliasing -fno-common -fno-exceptions -ffunction-sections -fdata-sections -fno-delete-null-pointer-checks -Wall -c -mno-unaligned-access -fshort-wchar -Werror -gdwarf-3 -MMD -MF ./build/HCT6737M_65_N/LWG_DSDS/bin/dep/devdrv/dcl_rstctl.d -o ./build/HCT6737M_65_N/LWG_DSDS/bin/obj/devdrv/dcl_rstctl.obj driver/devdrv/rstctl/src/dcl_rstctl.c 2>>./build/HCT6737M_65_N/LWG_DSDS/bin/log/devdrv/dcl_rstctl.log
tools/GCC/4.6.2/linux/bin/arm-none-eabi-gcc -mthumb @./build/HCT6737M_65_N/LWG_DSDS/bin/via/devdrv.via @./build/HCT6737M_65_N/LWG_DSDS/bin/via/devdrv_inc.via -c -Wno-attributes -Wno-pragmas -march=armv7-r -mcpu=cortex-r4 -mlittle-endian -Wa,-mimplicit-it=always -mabi=aapcs -Os -fno-strict-aliasing -fno-common -fno-exceptions -ffunction-sections -fdata-sections -fno-delete-null-pointer-checks -Wall -c -mno-unaligned-access -fshort-wchar -Werror -gdwarf-3 -MMD -MF ./build/HCT6737M_65_N/LWG_DSDS/bin/dep/devdrv/drv_rstctl.d -o ./build/HCT6737M_65_N/LWG_DSDS/bin/obj/devdrv/drv_rstctl.obj driver/devdrv/rstctl/src/drv_rstctl.c 2>>./build/HCT6737M_65_N/LWG_DSDS/bin/log/devdrv/drv_rstctl.log
tools/GCC/4.6.2/linux/bin/arm-none-eabi-gcc -mthumb @./build/HCT6737M_65_N/LWG_DSDS/bin/via/devdrv.via @./build/HCT6737M_65_N/LWG_DSDS/bin/via/devdrv_inc.via -c -Wno-attributes -Wno-pragmas -march=armv7-r -mcpu=cortex-r4 -mlittle-endian -Wa,-mimplicit-it=always -mabi=aapcs -Os -fno-strict-aliasing -fno-common -fno-exceptions -ffunction-sections -fdata-sections -fno-delete-null-pointer-checks -Wall -c -mno-unaligned-access -fshort-wchar -Werror -gdwarf-3 -MMD -MF ./build/HCT6737M_65_N/LWG_DSDS/bin/dep/devdrv/dcl_rtc.d -o ./build/HCT6737M_65_N/LWG_DSDS/bin/obj/devdrv/dcl_rtc.obj driver/devdrv/rtc/src/dcl_rtc.c 2>>./build/HCT6737M_65_N/LWG_DSDS/bin/log/devdrv/dcl_rtc.log
tools/GCC/4.6.2/linux/bin/arm-none-eabi-gcc -mthumb @./build/HCT6737M_65_N/LWG_DSDS/bin/via/devdrv.via @./build/HCT6737M_65_N/LWG_DSDS/bin/via/devdrv_inc.via -c -Wno-attributes -Wno-pragmas -march=armv7-r -mcpu=cortex-r4 -mlittle-endian -Wa,-mimplicit-it=always -mabi=aapcs -Os -fno-strict-aliasing -fno-common -fno-exceptions -ffunction-sections -fdata-sections -fno-delete-null-pointer-checks -Wall -c -mno-unaligned-access -fshort-wchar -Werror -gdwarf-3 -MMD -MF ./build/HCT6737M_65_N/LWG_DSDS/bin/dep/devdrv/event_timer.d -o ./build/HCT6737M_65_N/LWG_DSDS/bin/obj/devdrv/event_timer.obj driver/devdrv/timer/src/event_timer.c 2>>./build/HCT6737M_65_N/LWG_DSDS/bin/log/devdrv/event_timer.log
tools/GCC/4.6.2/linux/bin/arm-none-eabi-gcc -mthumb @./build/HCT6737M_65_N/LWG_DSDS/bin/via/devdrv.via @./build/HCT6737M_65_N/LWG_DSDS/bin/via/devdrv_inc.via -c -Wno-attributes -Wno-pragmas -march=armv7-r -mcpu=cortex-r4 -mlittle-endian -Wa,-mimplicit-it=always -mabi=aapcs -Os -fno-strict-aliasing -fno-common -fno-exceptions -ffunction-sections -fdata-sections -fno-delete-null-pointer-checks -Wall -c -mno-unaligned-access -fshort-wchar -Werror -gdwarf-3 -MMD -MF ./build/HCT6737M_65_N/LWG_DSDS/bin/dep/devdrv/dbgprint.d -o ./build/HCT6737M_65_N/LWG_DSDS/bin/obj/devdrv/dbgprint.obj driver/devdrv/uart/src/dbgprint.c 2>>./build/HCT6737M_65_N/LWG_DSDS/bin/log/devdrv/dbgprint.log
tools/GCC/4.6.2/linux/bin/arm-none-eabi-gcc -mthumb @./build/HCT6737M_65_N/LWG_DSDS/bin/via/devdrv.via @./build/HCT6737M_65_N/LWG_DSDS/bin/via/devdrv_inc.via -c -Wno-attributes -Wno-pragmas -march=armv7-r -mcpu=cortex-r4 -mlittle-endian -Wa,-mimplicit-it=always -mabi=aapcs -Os -fno-strict-aliasing -fno-common -fno-exceptions -ffunction-sections -fdata-sections -fno-delete-null-pointer-checks -Wall -c -mno-unaligned-access -fshort-wchar -Werror -gdwarf-3 -MMD -MF ./build/HCT6737M_65_N/LWG_DSDS/bin/dep/devdrv/uart.d -o ./build/HCT6737M_65_N/LWG_DSDS/bin/obj/devdrv/uart.obj driver/devdrv/uart/src/uart.c 2>>./build/HCT6737M_65_N/LWG_DSDS/bin/log/devdrv/uart.log
tools/GCC/4.6.2/linux/bin/arm-none-eabi-gcc -mthumb @./build/HCT6737M_65_N/LWG_DSDS/bin/via/devdrv.via @./build/HCT6737M_65_N/LWG_DSDS/bin/via/devdrv_inc.via -c -Wno-attributes -Wno-pragmas -march=armv7-r -mcpu=cortex-r4 -mlittle-endian -Wa,-mimplicit-it=always -mabi=aapcs -Os -fno-strict-aliasing -fno-common -fno-exceptions -ffunction-sections -fdata-sections -fno-delete-null-pointer-checks -Wall -c -mno-unaligned-access -fshort-wchar -Werror -gdwarf-3 -MMD -MF ./build/HCT6737M_65_N/LWG_DSDS/bin/dep/devdrv/uart_handler.d -o ./build/HCT6737M_65_N/LWG_DSDS/bin/obj/devdrv/uart_handler.obj driver/devdrv/uart/src/uart_handler.c 2>>./build/HCT6737M_65_N/LWG_DSDS/bin/log/devdrv/uart_handler.log
tools/GCC/4.6.2/linux/bin/arm-none-eabi-gcc -mthumb @./build/HCT6737M_65_N/LWG_DSDS/bin/via/devdrv.via @./build/HCT6737M_65_N/LWG_DSDS/bin/via/devdrv_inc.via -c -Wno-attributes -Wno-pragmas -march=armv7-r -mcpu=cortex-r4 -mlittle-endian -Wa,-mimplicit-it=always -mabi=aapcs -Os -fno-strict-aliasing -fno-common -fno-exceptions -ffunction-sections -fdata-sections -fno-delete-null-pointer-checks -Wall -c -mno-unaligned-access -fshort-wchar -Werror -gdwarf-3 -MMD -MF ./build/HCT6737M_65_N/LWG_DSDS/bin/dep/devdrv/uscounter_v2.d -o ./build/HCT6737M_65_N/LWG_DSDS/bin/obj/devdrv/uscounter_v2.obj driver/devdrv/us_counter/src/uscounter_v2.c 2>>./build/HCT6737M_65_N/LWG_DSDS/bin/log/devdrv/uscounter_v2.log
tools/GCC/4.6.2/linux/bin/arm-none-eabi-gcc -mthumb @./build/HCT6737M_65_N/LWG_DSDS/bin/via/devdrv.via @./build/HCT6737M_65_N/LWG_DSDS/bin/via/devdrv_inc.via -c -Wno-attributes -Wno-pragmas -march=armv7-r -mcpu=cortex-r4 -mlittle-endian -Wa,-mimplicit-it=always -mabi=aapcs -Os -fno-strict-aliasing -fno-common -fno-exceptions -ffunction-sections -fdata-sections -fno-delete-null-pointer-checks -Wall -c -mno-unaligned-access -fshort-wchar -Werror -gdwarf-3 -MMD -MF ./build/HCT6737M_65_N/LWG_DSDS/bin/dep/devdrv/dcl_sim.d -o ./build/HCT6737M_65_N/LWG_DSDS/bin/obj/devdrv/dcl_sim.obj driver/devdrv/usim/src/dcl_sim.c 2>>./build/HCT6737M_65_N/LWG_DSDS/bin/log/devdrv/dcl_sim.log
tools/GCC/4.6.2/linux/bin/arm-none-eabi-gcc -mthumb @./build/HCT6737M_65_N/LWG_DSDS/bin/via/devdrv.via @./build/HCT6737M_65_N/LWG_DSDS/bin/via/devdrv_inc.via -c -Wno-attributes -Wno-pragmas -march=armv7-r -mcpu=cortex-r4 -mlittle-endian -Wa,-mimplicit-it=always -mabi=aapcs -Os -fno-strict-aliasing -fno-common -fno-exceptions -ffunction-sections -fdata-sections -fno-delete-null-pointer-checks -Wall -c -mno-unaligned-access -fshort-wchar -Werror -gdwarf-3 -MMD -MF ./build/HCT6737M_65_N/LWG_DSDS/bin/dep/devdrv/icc_sim_common_mtk.d -o ./build/HCT6737M_65_N/LWG_DSDS/bin/obj/devdrv/icc_sim_common_mtk.obj driver/devdrv/usim/src/icc_sim_common_mtk.c 2>>./build/HCT6737M_65_N/LWG_DSDS/bin/log/devdrv/icc_sim_common_mtk.log
tools/GCC/4.6.2/linux/bin/arm-none-eabi-gcc -mthumb @./build/HCT6737M_65_N/LWG_DSDS/bin/via/devdrv.via @./build/HCT6737M_65_N/LWG_DSDS/bin/via/devdrv_inc.via -c -Wno-attributes -Wno-pragmas -march=armv7-r -mcpu=cortex-r4 -mlittle-endian -Wa,-mimplicit-it=always -mabi=aapcs -Os -fno-strict-aliasing -fno-common -fno-exceptions -ffunction-sections -fdata-sections -fno-delete-null-pointer-checks -Wall -c -mno-unaligned-access -fshort-wchar -Werror -gdwarf-3 -MMD -MF ./build/HCT6737M_65_N/LWG_DSDS/bin/dep/devdrv/icc_switchControl_al.d -o ./build/HCT6737M_65_N/LWG_DSDS/bin/obj/devdrv/icc_switchControl_al.obj driver/devdrv/usim/src/icc_switchControl_al.c 2>>./build/HCT6737M_65_N/LWG_DSDS/bin/log/devdrv/icc_switchControl_al.log
tools/GCC/4.6.2/linux/bin/arm-none-eabi-gcc -mthumb @./build/HCT6737M_65_N/LWG_DSDS/bin/via/devdrv.via @./build/HCT6737M_65_N/LWG_DSDS/bin/via/devdrv_inc.via -c -Wno-attributes -Wno-pragmas -march=armv7-r -mcpu=cortex-r4 -mlittle-endian -Wa,-mimplicit-it=always -mabi=aapcs -Os -fno-strict-aliasing -fno-common -fno-exceptions -ffunction-sections -fdata-sections -fno-delete-null-pointer-checks -Wall -c -mno-unaligned-access -fshort-wchar -Werror -gdwarf-3 -MMD -MF ./build/HCT6737M_65_N/LWG_DSDS/bin/dep/devdrv/icc_switchControl_mtk_0.d -o ./build/HCT6737M_65_N/LWG_DSDS/bin/obj/devdrv/icc_switchControl_mtk_0.obj driver/devdrv/usim/src/icc_switchControl_mtk_0.c 2>>./build/HCT6737M_65_N/LWG_DSDS/bin/log/devdrv/icc_switchControl_mtk_0.log
tools/GCC/4.6.2/linux/bin/arm-none-eabi-gcc -mthumb @./build/HCT6737M_65_N/LWG_DSDS/bin/via/devdrv.via @./build/HCT6737M_65_N/LWG_DSDS/bin/via/devdrv_inc.via -c -Wno-attributes -Wno-pragmas -march=armv7-r -mcpu=cortex-r4 -mlittle-endian -Wa,-mimplicit-it=always -mabi=aapcs -Os -fno-strict-aliasing -fno-common -fno-exceptions -ffunction-sections -fdata-sections -fno-delete-null-pointer-checks -Wall -c -mno-unaligned-access -fshort-wchar -Werror -gdwarf-3 -MMD -MF ./build/HCT6737M_65_N/LWG_DSDS/bin/dep/devdrv/icc_switchControl_mtk_1.d -o ./build/HCT6737M_65_N/LWG_DSDS/bin/obj/devdrv/icc_switchControl_mtk_1.obj driver/devdrv/usim/src/icc_switchControl_mtk_1.c 2>>./build/HCT6737M_65_N/LWG_DSDS/bin/log/devdrv/icc_switchControl_mtk_1.log
tools/GCC/4.6.2/linux/bin/arm-none-eabi-gcc -mthumb @./build/HCT6737M_65_N/LWG_DSDS/bin/via/devdrv.via @./build/HCT6737M_65_N/LWG_DSDS/bin/via/devdrv_inc.via -c -Wno-attributes -Wno-pragmas -march=armv7-r -mcpu=cortex-r4 -mlittle-endian -Wa,-mimplicit-it=always -mabi=aapcs -Os -fno-strict-aliasing -fno-common -fno-exceptions -ffunction-sections -fdata-sections -fno-delete-null-pointer-checks -Wall -c -mno-unaligned-access -fshort-wchar -Werror -gdwarf-3 -MMD -MF ./build/HCT6737M_65_N/LWG_DSDS/bin/dep/devdrv/usim_smt.d -o ./build/HCT6737M_65_N/LWG_DSDS/bin/obj/devdrv/usim_smt.obj driver/devdrv/usim/src/usim_smt.c 2>>./build/HCT6737M_65_N/LWG_DSDS/bin/log/devdrv/usim_smt.log
tools/GCC/4.6.2/linux/bin/arm-none-eabi-gcc -mthumb @./build/HCT6737M_65_N/LWG_DSDS/bin/via/devdrv.via @./build/HCT6737M_65_N/LWG_DSDS/bin/via/devdrv_inc.via -c -Wno-attributes -Wno-pragmas -march=armv7-r -mcpu=cortex-r4 -mlittle-endian -Wa,-mimplicit-it=always -mabi=aapcs -Os -fno-strict-aliasing -fno-common -fno-exceptions -ffunction-sections -fdata-sections -fno-delete-null-pointer-checks -Wall -c -mno-unaligned-access -fshort-wchar -Werror -gdwarf-3 -MMD -MF ./build/HCT6737M_65_N/LWG_DSDS/bin/dep/devdrv/dcl_memory_card.d -o ./build/HCT6737M_65_N/LWG_DSDS/bin/obj/devdrv/dcl_memory_card.obj driver/storage/mc/src/dcl_memory_card.c 2>>./build/HCT6737M_65_N/LWG_DSDS/bin/log/devdrv/dcl_memory_card.log
tools/GCC/4.6.2/linux/bin/arm-none-eabi-gcc -mthumb @./build/HCT6737M_65_N/LWG_DSDS/bin/via/devdrv.via @./build/HCT6737M_65_N/LWG_DSDS/bin/via/devdrv_inc.via -c -Wno-attributes -Wno-pragmas -march=armv7-r -mcpu=cortex-r4 -mlittle-endian -Wa,-mimplicit-it=always -mabi=aapcs -Os -fno-strict-aliasing -fno-common -fno-exceptions -ffunction-sections -fdata-sections -fno-delete-null-pointer-checks -Wall -c -mno-unaligned-access -fshort-wchar -Werror -gdwarf-3 -MMD -MF ./build/HCT6737M_65_N/LWG_DSDS/bin/dep/devdrv/msdc.d -o ./build/HCT6737M_65_N/LWG_DSDS/bin/obj/devdrv/msdc.obj driver/storage/mc/src/msdc.c 2>>./build/HCT6737M_65_N/LWG_DSDS/bin/log/devdrv/msdc.log
tools/GCC/4.6.2/linux/bin/arm-none-eabi-gcc -mthumb @./build/HCT6737M_65_N/LWG_DSDS/bin/via/devdrv.via @./build/HCT6737M_65_N/LWG_DSDS/bin/via/devdrv_inc.via -c -Wno-attributes -Wno-pragmas -march=armv7-r -mcpu=cortex-r4 -mlittle-endian -Wa,-mimplicit-it=always -mabi=aapcs -Os -fno-strict-aliasing -fno-common -fno-exceptions -ffunction-sections -fdata-sections -fno-delete-null-pointer-checks -Wall -c -mno-unaligned-access -fshort-wchar -Werror -gdwarf-3 -MMD -MF ./build/HCT6737M_65_N/LWG_DSDS/bin/dep/devdrv/usbms_msdc.d -o ./build/HCT6737M_65_N/LWG_DSDS/bin/obj/devdrv/usbms_msdc.obj driver/storage/mc/src/usbms_msdc.c 2>>./build/HCT6737M_65_N/LWG_DSDS/bin/log/devdrv/usbms_msdc.log
tools/GCC/4.6.2/linux/bin/arm-none-eabi-ar: creating ./build/HCT6737M_65_N/LWG_DSDS/bin/lib/libdevdrv.a
./build/HCT6737M_65_N/LWG_DSDS/bin/lib/libdevdrv.a is updated
make[1]: Leaving directory '/media/snowcat/ANDROID/modem'
