make[1]: Entering directory '/media/snowcat/ANDROID/modem'
Compiling middleware/meta/ft/src/ft_fnc.c ...
interface/modem/l1/gsm/external/l1_kal.h:548:4: warning: 'kal_mem_set' is static but used in inline function 'L1_ALLOC_BUF' which is not static [enabled by default]
middleware/meta/ft/src/ft_fnc.c:2105:17: warning: 'FT_ClearPowerKey' defined but not used [-Wunused-function]
Compiling middleware/meta/ft/src/ft_fnc_custom.c ...
interface/modem/l1/gsm/external/l1_kal.h:548:4: warning: 'kal_mem_set' is static but used in inline function 'L1_ALLOC_BUF' which is not static [enabled by default]
Compiling middleware/meta/ft/src/ft_fnc_fat.c ...
middleware/meta/ft/src/ft_fnc_fat.c: In function 'FT_FAT_Operation':
middleware/meta/ft/src/ft_fnc_fat.c:1227:17: warning: implicit declaration of function 'MD_FS_Rename' [-Wimplicit-function-declaration]
middleware/meta/ft/src/ft_fnc_fat.c: At top level:
interface/modem/l1/gsm/external/l1_kal.h:548:4: warning: 'kal_mem_set' is static but used in inline function 'L1_ALLOC_BUF' which is not static [enabled by default]
Compiling middleware/meta/ft/src/ft_fnc_l1rf.c ...
middleware/meta/ft/src/ft_fnc_l1rf.c: In function 'FT_FtRfTestReq':
middleware/meta/ft/src/ft_fnc_l1rf.c:813:25: warning: implicit declaration of function 'L1TST_MultiSlotTx_with_AUXADCRead' [-Wimplicit-function-declaration]
middleware/meta/ft/src/ft_fnc_l1rf.c:946:13: warning: implicit declaration of function 'L1TST_TxGainRFSetting' [-Wimplicit-function-declaration]
middleware/meta/ft/src/ft_fnc_l1rf.c:971:13: warning: implicit declaration of function 'L1TST_Query_Grf_Number' [-Wimplicit-function-declaration]
middleware/meta/ft/src/ft_fnc_l1rf.c:991:13: warning: implicit declaration of function 'L1TST_Query_Baseband_Power' [-Wimplicit-function-declaration]
middleware/meta/ft/src/ft_fnc_l1rf.c:991:24: warning: assignment makes pointer from integer without a cast [enabled by default]
middleware/meta/ft/src/ft_fnc_l1rf.c: At top level:
interface/modem/l1/gsm/external/l1_kal.h:548:4: warning: 'kal_mem_set' is static but used in inline function 'L1_ALLOC_BUF' which is not static [enabled by default]
Compiling middleware/meta/ft/src/ft_fnc_lterf.c ...
interface/modem/l1/gsm/external/l1_kal.h:548:4: warning: 'kal_mem_set' is static but used in inline function 'L1_ALLOC_BUF' which is not static [enabled by default]
Compiling middleware/meta/ft/src/ft_fnc_misc.c ...
middleware/meta/ft/src/ft_fnc_misc.c: In function 'ft_misc_cal_data_write_to_nvram_cnf_from_el1':
middleware/meta/ft/src/ft_fnc_misc.c:1536:34: warning: passing argument 3 of 'ft_misc_cal_data_update_local_buf' makes integer from pointer without a cast [enabled by default]
middleware/meta/ft/src/ft_fnc_misc.c:1190:7: note: expected 'kal_uint16' but argument is of type 'kal_uint16 *'
middleware/meta/ft/src/ft_fnc_misc.c: At top level:
interface/modem/l1/gsm/external/l1_kal.h:548:4: warning: 'kal_mem_set' is static but used in inline function 'L1_ALLOC_BUF' which is not static [enabled by default]
Compiling middleware/meta/ft/src/ft_fnc_misc_ex.c ...
interface/modem/l1/gsm/external/l1_kal.h:548:4: warning: 'kal_mem_set' is static but used in inline function 'L1_ALLOC_BUF' which is not static [enabled by default]
Compiling middleware/meta/ft/src/ft_fnc_nvram.c ...
interface/modem/l1/gsm/external/l1_kal.h:548:4: warning: 'kal_mem_set' is static but used in inline function 'L1_ALLOC_BUF' which is not static [enabled by default]
Compiling middleware/meta/ft/src/ft_fnc_util.c ...
middleware/meta/ft/src/ft_fnc_util.c: In function 'FT_GetAvailableDrive':
middleware/meta/ft/src/ft_fnc_util.c:279:13: warning: implicit declaration of function 'MD_FS_GetDrive' [-Wimplicit-function-declaration]
middleware/meta/ft/src/ft_fnc_util.c: At top level:
interface/modem/l1/gsm/external/l1_kal.h:548:4: warning: 'kal_mem_set' is static but used in inline function 'L1_ALLOC_BUF' which is not static [enabled by default]
Compiling middleware/meta/ft/src/ft_fnc_wcdma.c ...
interface/modem/l1/gsm/external/l1_kal.h:548:4: warning: 'kal_mem_set' is static but used in inline function 'L1_ALLOC_BUF' which is not static [enabled by default]
Compiling middleware/meta/ft/src/ft_main.c ...
middleware/meta/ft/src/ft_main.c: In function 'ft_create':
middleware/meta/ft/src/ft_main.c:898:9: warning: excess elements in struct initializer [enabled by default]
middleware/meta/ft/src/ft_main.c:898:9: warning: (near initialization for 'ft_handler_info') [enabled by default]
middleware/meta/ft/src/ft_main.c:899:9: warning: excess elements in struct initializer [enabled by default]
middleware/meta/ft/src/ft_main.c:899:9: warning: (near initialization for 'ft_handler_info') [enabled by default]
middleware/meta/ft/src/ft_main.c: At top level:
interface/modem/l1/gsm/external/l1_kal.h:548:4: warning: 'kal_mem_set' is static but used in inline function 'L1_ALLOC_BUF' which is not static [enabled by default]
Compiling middleware/meta/ft/src/ft_mem.c ...
Compiling middleware/meta/ft/src/ft_report.c ...
interface/modem/l1/gsm/external/l1_kal.h:548:4: warning: 'kal_mem_set' is static but used in inline function 'L1_ALLOC_BUF' which is not static [enabled by default]
Module ft is in DEFALUT mode
tools/GCC/4.6.2/linux/bin/arm-none-eabi-gcc -mthumb @./build/HCT6737M_65_N/LWG_DSDS/bin/via/ft.via @./build/HCT6737M_65_N/LWG_DSDS/bin/via/ft_inc.via -c -Wno-attributes -Wno-pragmas -march=armv7-r -mcpu=cortex-r4 -mlittle-endian -Wa,-mimplicit-it=always -mabi=aapcs -Os -fno-strict-aliasing -fno-common -fno-exceptions -ffunction-sections -fdata-sections -fno-delete-null-pointer-checks -Wall -c -mno-unaligned-access -fshort-wchar -MMD -MF ./build/HCT6737M_65_N/LWG_DSDS/bin/dep/ft/ft_fnc.d -o ./build/HCT6737M_65_N/LWG_DSDS/bin/obj/ft/ft_fnc.obj middleware/meta/ft/src/ft_fnc.c 2>>./build/HCT6737M_65_N/LWG_DSDS/bin/log/ft/ft_fnc.log
tools/GCC/4.6.2/linux/bin/arm-none-eabi-gcc -mthumb @./build/HCT6737M_65_N/LWG_DSDS/bin/via/ft.via @./build/HCT6737M_65_N/LWG_DSDS/bin/via/ft_inc.via -c -Wno-attributes -Wno-pragmas -march=armv7-r -mcpu=cortex-r4 -mlittle-endian -Wa,-mimplicit-it=always -mabi=aapcs -Os -fno-strict-aliasing -fno-common -fno-exceptions -ffunction-sections -fdata-sections -fno-delete-null-pointer-checks -Wall -c -mno-unaligned-access -fshort-wchar -MMD -MF ./build/HCT6737M_65_N/LWG_DSDS/bin/dep/ft/ft_fnc_fat.d -o ./build/HCT6737M_65_N/LWG_DSDS/bin/obj/ft/ft_fnc_fat.obj middleware/meta/ft/src/ft_fnc_fat.c 2>>./build/HCT6737M_65_N/LWG_DSDS/bin/log/ft/ft_fnc_fat.log
tools/GCC/4.6.2/linux/bin/arm-none-eabi-gcc -mthumb @./build/HCT6737M_65_N/LWG_DSDS/bin/via/ft.via @./build/HCT6737M_65_N/LWG_DSDS/bin/via/ft_inc.via -c -Wno-attributes -Wno-pragmas -march=armv7-r -mcpu=cortex-r4 -mlittle-endian -Wa,-mimplicit-it=always -mabi=aapcs -Os -fno-strict-aliasing -fno-common -fno-exceptions -ffunction-sections -fdata-sections -fno-delete-null-pointer-checks -Wall -c -mno-unaligned-access -fshort-wchar -MMD -MF ./build/HCT6737M_65_N/LWG_DSDS/bin/dep/ft/ft_fnc_custom.d -o ./build/HCT6737M_65_N/LWG_DSDS/bin/obj/ft/ft_fnc_custom.obj middleware/meta/ft/src/ft_fnc_custom.c 2>>./build/HCT6737M_65_N/LWG_DSDS/bin/log/ft/ft_fnc_custom.log
tools/GCC/4.6.2/linux/bin/arm-none-eabi-gcc -mthumb @./build/HCT6737M_65_N/LWG_DSDS/bin/via/ft.via @./build/HCT6737M_65_N/LWG_DSDS/bin/via/ft_inc.via -c -Wno-attributes -Wno-pragmas -march=armv7-r -mcpu=cortex-r4 -mlittle-endian -Wa,-mimplicit-it=always -mabi=aapcs -Os -fno-strict-aliasing -fno-common -fno-exceptions -ffunction-sections -fdata-sections -fno-delete-null-pointer-checks -Wall -c -mno-unaligned-access -fshort-wchar -MMD -MF ./build/HCT6737M_65_N/LWG_DSDS/bin/dep/ft/ft_fnc_l1rf.d -o ./build/HCT6737M_65_N/LWG_DSDS/bin/obj/ft/ft_fnc_l1rf.obj middleware/meta/ft/src/ft_fnc_l1rf.c 2>>./build/HCT6737M_65_N/LWG_DSDS/bin/log/ft/ft_fnc_l1rf.log
tools/GCC/4.6.2/linux/bin/arm-none-eabi-gcc -mthumb @./build/HCT6737M_65_N/LWG_DSDS/bin/via/ft.via @./build/HCT6737M_65_N/LWG_DSDS/bin/via/ft_inc.via -c -Wno-attributes -Wno-pragmas -march=armv7-r -mcpu=cortex-r4 -mlittle-endian -Wa,-mimplicit-it=always -mabi=aapcs -Os -fno-strict-aliasing -fno-common -fno-exceptions -ffunction-sections -fdata-sections -fno-delete-null-pointer-checks -Wall -c -mno-unaligned-access -fshort-wchar -MMD -MF ./build/HCT6737M_65_N/LWG_DSDS/bin/dep/ft/ft_fnc_lterf.d -o ./build/HCT6737M_65_N/LWG_DSDS/bin/obj/ft/ft_fnc_lterf.obj middleware/meta/ft/src/ft_fnc_lterf.c 2>>./build/HCT6737M_65_N/LWG_DSDS/bin/log/ft/ft_fnc_lterf.log
tools/GCC/4.6.2/linux/bin/arm-none-eabi-gcc -mthumb @./build/HCT6737M_65_N/LWG_DSDS/bin/via/ft.via @./build/HCT6737M_65_N/LWG_DSDS/bin/via/ft_inc.via -c -Wno-attributes -Wno-pragmas -march=armv7-r -mcpu=cortex-r4 -mlittle-endian -Wa,-mimplicit-it=always -mabi=aapcs -Os -fno-strict-aliasing -fno-common -fno-exceptions -ffunction-sections -fdata-sections -fno-delete-null-pointer-checks -Wall -c -mno-unaligned-access -fshort-wchar -MMD -MF ./build/HCT6737M_65_N/LWG_DSDS/bin/dep/ft/ft_fnc_misc.d -o ./build/HCT6737M_65_N/LWG_DSDS/bin/obj/ft/ft_fnc_misc.obj middleware/meta/ft/src/ft_fnc_misc.c 2>>./build/HCT6737M_65_N/LWG_DSDS/bin/log/ft/ft_fnc_misc.log
tools/GCC/4.6.2/linux/bin/arm-none-eabi-gcc -mthumb @./build/HCT6737M_65_N/LWG_DSDS/bin/via/ft.via @./build/HCT6737M_65_N/LWG_DSDS/bin/via/ft_inc.via -c -Wno-attributes -Wno-pragmas -march=armv7-r -mcpu=cortex-r4 -mlittle-endian -Wa,-mimplicit-it=always -mabi=aapcs -Os -fno-strict-aliasing -fno-common -fno-exceptions -ffunction-sections -fdata-sections -fno-delete-null-pointer-checks -Wall -c -mno-unaligned-access -fshort-wchar -MMD -MF ./build/HCT6737M_65_N/LWG_DSDS/bin/dep/ft/ft_fnc_misc_ex.d -o ./build/HCT6737M_65_N/LWG_DSDS/bin/obj/ft/ft_fnc_misc_ex.obj middleware/meta/ft/src/ft_fnc_misc_ex.c 2>>./build/HCT6737M_65_N/LWG_DSDS/bin/log/ft/ft_fnc_misc_ex.log
tools/GCC/4.6.2/linux/bin/arm-none-eabi-gcc -mthumb @./build/HCT6737M_65_N/LWG_DSDS/bin/via/ft.via @./build/HCT6737M_65_N/LWG_DSDS/bin/via/ft_inc.via -c -Wno-attributes -Wno-pragmas -march=armv7-r -mcpu=cortex-r4 -mlittle-endian -Wa,-mimplicit-it=always -mabi=aapcs -Os -fno-strict-aliasing -fno-common -fno-exceptions -ffunction-sections -fdata-sections -fno-delete-null-pointer-checks -Wall -c -mno-unaligned-access -fshort-wchar -MMD -MF ./build/HCT6737M_65_N/LWG_DSDS/bin/dep/ft/ft_fnc_nvram.d -o ./build/HCT6737M_65_N/LWG_DSDS/bin/obj/ft/ft_fnc_nvram.obj middleware/meta/ft/src/ft_fnc_nvram.c 2>>./build/HCT6737M_65_N/LWG_DSDS/bin/log/ft/ft_fnc_nvram.log
tools/GCC/4.6.2/linux/bin/arm-none-eabi-gcc -mthumb @./build/HCT6737M_65_N/LWG_DSDS/bin/via/ft.via @./build/HCT6737M_65_N/LWG_DSDS/bin/via/ft_inc.via -c -Wno-attributes -Wno-pragmas -march=armv7-r -mcpu=cortex-r4 -mlittle-endian -Wa,-mimplicit-it=always -mabi=aapcs -Os -fno-strict-aliasing -fno-common -fno-exceptions -ffunction-sections -fdata-sections -fno-delete-null-pointer-checks -Wall -c -mno-unaligned-access -fshort-wchar -MMD -MF ./build/HCT6737M_65_N/LWG_DSDS/bin/dep/ft/ft_fnc_util.d -o ./build/HCT6737M_65_N/LWG_DSDS/bin/obj/ft/ft_fnc_util.obj middleware/meta/ft/src/ft_fnc_util.c 2>>./build/HCT6737M_65_N/LWG_DSDS/bin/log/ft/ft_fnc_util.log
tools/GCC/4.6.2/linux/bin/arm-none-eabi-gcc -mthumb @./build/HCT6737M_65_N/LWG_DSDS/bin/via/ft.via @./build/HCT6737M_65_N/LWG_DSDS/bin/via/ft_inc.via -c -Wno-attributes -Wno-pragmas -march=armv7-r -mcpu=cortex-r4 -mlittle-endian -Wa,-mimplicit-it=always -mabi=aapcs -Os -fno-strict-aliasing -fno-common -fno-exceptions -ffunction-sections -fdata-sections -fno-delete-null-pointer-checks -Wall -c -mno-unaligned-access -fshort-wchar -MMD -MF ./build/HCT6737M_65_N/LWG_DSDS/bin/dep/ft/ft_fnc_wcdma.d -o ./build/HCT6737M_65_N/LWG_DSDS/bin/obj/ft/ft_fnc_wcdma.obj middleware/meta/ft/src/ft_fnc_wcdma.c 2>>./build/HCT6737M_65_N/LWG_DSDS/bin/log/ft/ft_fnc_wcdma.log
tools/GCC/4.6.2/linux/bin/arm-none-eabi-gcc -mthumb @./build/HCT6737M_65_N/LWG_DSDS/bin/via/ft.via @./build/HCT6737M_65_N/LWG_DSDS/bin/via/ft_inc.via -c -Wno-attributes -Wno-pragmas -march=armv7-r -mcpu=cortex-r4 -mlittle-endian -Wa,-mimplicit-it=always -mabi=aapcs -Os -fno-strict-aliasing -fno-common -fno-exceptions -ffunction-sections -fdata-sections -fno-delete-null-pointer-checks -Wall -c -mno-unaligned-access -fshort-wchar -MMD -MF ./build/HCT6737M_65_N/LWG_DSDS/bin/dep/ft/ft_main.d -o ./build/HCT6737M_65_N/LWG_DSDS/bin/obj/ft/ft_main.obj middleware/meta/ft/src/ft_main.c 2>>./build/HCT6737M_65_N/LWG_DSDS/bin/log/ft/ft_main.log
tools/GCC/4.6.2/linux/bin/arm-none-eabi-gcc -mthumb @./build/HCT6737M_65_N/LWG_DSDS/bin/via/ft.via @./build/HCT6737M_65_N/LWG_DSDS/bin/via/ft_inc.via -c -Wno-attributes -Wno-pragmas -march=armv7-r -mcpu=cortex-r4 -mlittle-endian -Wa,-mimplicit-it=always -mabi=aapcs -Os -fno-strict-aliasing -fno-common -fno-exceptions -ffunction-sections -fdata-sections -fno-delete-null-pointer-checks -Wall -c -mno-unaligned-access -fshort-wchar -MMD -MF ./build/HCT6737M_65_N/LWG_DSDS/bin/dep/ft/ft_mem.d -o ./build/HCT6737M_65_N/LWG_DSDS/bin/obj/ft/ft_mem.obj middleware/meta/ft/src/ft_mem.c 2>>./build/HCT6737M_65_N/LWG_DSDS/bin/log/ft/ft_mem.log
tools/GCC/4.6.2/linux/bin/arm-none-eabi-gcc -mthumb @./build/HCT6737M_65_N/LWG_DSDS/bin/via/ft.via @./build/HCT6737M_65_N/LWG_DSDS/bin/via/ft_inc.via -c -Wno-attributes -Wno-pragmas -march=armv7-r -mcpu=cortex-r4 -mlittle-endian -Wa,-mimplicit-it=always -mabi=aapcs -Os -fno-strict-aliasing -fno-common -fno-exceptions -ffunction-sections -fdata-sections -fno-delete-null-pointer-checks -Wall -c -mno-unaligned-access -fshort-wchar -MMD -MF ./build/HCT6737M_65_N/LWG_DSDS/bin/dep/ft/ft_report.d -o ./build/HCT6737M_65_N/LWG_DSDS/bin/obj/ft/ft_report.obj middleware/meta/ft/src/ft_report.c 2>>./build/HCT6737M_65_N/LWG_DSDS/bin/log/ft/ft_report.log
tools/GCC/4.6.2/linux/bin/arm-none-eabi-ar: creating ./build/HCT6737M_65_N/LWG_DSDS/bin/lib/libft.a
./build/HCT6737M_65_N/LWG_DSDS/bin/lib/libft.a is updated
make[1]: Leaving directory '/media/snowcat/ANDROID/modem'
