make[1]: Entering directory '/media/snowcat/ANDROID/modem'
Compiling middleware/hif/ipcore/src/ipc_dhcp_adp.c ...
Compiling middleware/hif/ipcore/src/ipc_filter.c ...
middleware/hif/ipcore/src/ipc_filter.c: In function 'ipc_do_filter':
middleware/hif/ipcore/src/ipc_filter.c:1591:26: warning: unused variable 'filter_idx' [-Wunused-variable]
Compiling middleware/hif/ipcore/src/ipc_if.c ...
Compiling middleware/hif/ipcore/src/ipc_notify.c ...
Compiling middleware/hif/ipcore/src/ipc_session.c ...
Compiling middleware/hif/ipcore/src/ipc_task.c ...
Compiling middleware/hif/ipcore/src/ipc_utils.c ...
Compiling middleware/hif/ipcore/src/pfm_garbage_filter.c ...
middleware/hif/ipcore/src/pfm_garbage_filter.c: In function 'pfm_ipc_dl_filter_with_info_cb':
middleware/hif/ipcore/src/pfm_garbage_filter.c:136:21: warning: unused variable 'next_header' [-Wunused-variable]
middleware/hif/ipcore/src/pfm_garbage_filter.c:259:26: warning: 'p_packet' may be used uninitialized in this function [-Wuninitialized]
Compiling middleware/hif/ipcore/src/pfm_if.c ...
Module ipcore is in DEFALUT mode
tools/GCC/4.6.2/linux/bin/arm-none-eabi-gcc -mthumb @./build/HCT6737M_65_N/LWG_DSDS/bin/via/ipcore.via @./build/HCT6737M_65_N/LWG_DSDS/bin/via/ipcore_inc.via -c -Wno-attributes -Wno-pragmas -march=armv7-r -mcpu=cortex-r4 -mlittle-endian -Wa,-mimplicit-it=always -mabi=aapcs -Os -fno-strict-aliasing -fno-common -fno-exceptions -ffunction-sections -fdata-sections -fno-delete-null-pointer-checks -Wall -c -mno-unaligned-access -fshort-wchar -MMD -MF ./build/HCT6737M_65_N/LWG_DSDS/bin/dep/ipcore/ipc_dhcp_adp.d -o ./build/HCT6737M_65_N/LWG_DSDS/bin/obj/ipcore/ipc_dhcp_adp.obj middleware/hif/ipcore/src/ipc_dhcp_adp.c 2>>./build/HCT6737M_65_N/LWG_DSDS/bin/log/ipcore/ipc_dhcp_adp.log
tools/GCC/4.6.2/linux/bin/arm-none-eabi-gcc -mthumb @./build/HCT6737M_65_N/LWG_DSDS/bin/via/ipcore.via @./build/HCT6737M_65_N/LWG_DSDS/bin/via/ipcore_inc.via -c -Wno-attributes -Wno-pragmas -march=armv7-r -mcpu=cortex-r4 -mlittle-endian -Wa,-mimplicit-it=always -mabi=aapcs -Os -fno-strict-aliasing -fno-common -fno-exceptions -ffunction-sections -fdata-sections -fno-delete-null-pointer-checks -Wall -c -mno-unaligned-access -fshort-wchar -MMD -MF ./build/HCT6737M_65_N/LWG_DSDS/bin/dep/ipcore/ipc_filter.d -o ./build/HCT6737M_65_N/LWG_DSDS/bin/obj/ipcore/ipc_filter.obj middleware/hif/ipcore/src/ipc_filter.c 2>>./build/HCT6737M_65_N/LWG_DSDS/bin/log/ipcore/ipc_filter.log
tools/GCC/4.6.2/linux/bin/arm-none-eabi-gcc -mthumb @./build/HCT6737M_65_N/LWG_DSDS/bin/via/ipcore.via @./build/HCT6737M_65_N/LWG_DSDS/bin/via/ipcore_inc.via -c -Wno-attributes -Wno-pragmas -march=armv7-r -mcpu=cortex-r4 -mlittle-endian -Wa,-mimplicit-it=always -mabi=aapcs -Os -fno-strict-aliasing -fno-common -fno-exceptions -ffunction-sections -fdata-sections -fno-delete-null-pointer-checks -Wall -c -mno-unaligned-access -fshort-wchar -MMD -MF ./build/HCT6737M_65_N/LWG_DSDS/bin/dep/ipcore/ipc_notify.d -o ./build/HCT6737M_65_N/LWG_DSDS/bin/obj/ipcore/ipc_notify.obj middleware/hif/ipcore/src/ipc_notify.c 2>>./build/HCT6737M_65_N/LWG_DSDS/bin/log/ipcore/ipc_notify.log
tools/GCC/4.6.2/linux/bin/arm-none-eabi-gcc -mthumb @./build/HCT6737M_65_N/LWG_DSDS/bin/via/ipcore.via @./build/HCT6737M_65_N/LWG_DSDS/bin/via/ipcore_inc.via -c -Wno-attributes -Wno-pragmas -march=armv7-r -mcpu=cortex-r4 -mlittle-endian -Wa,-mimplicit-it=always -mabi=aapcs -Os -fno-strict-aliasing -fno-common -fno-exceptions -ffunction-sections -fdata-sections -fno-delete-null-pointer-checks -Wall -c -mno-unaligned-access -fshort-wchar -MMD -MF ./build/HCT6737M_65_N/LWG_DSDS/bin/dep/ipcore/ipc_if.d -o ./build/HCT6737M_65_N/LWG_DSDS/bin/obj/ipcore/ipc_if.obj middleware/hif/ipcore/src/ipc_if.c 2>>./build/HCT6737M_65_N/LWG_DSDS/bin/log/ipcore/ipc_if.log
tools/GCC/4.6.2/linux/bin/arm-none-eabi-gcc -mthumb @./build/HCT6737M_65_N/LWG_DSDS/bin/via/ipcore.via @./build/HCT6737M_65_N/LWG_DSDS/bin/via/ipcore_inc.via -c -Wno-attributes -Wno-pragmas -march=armv7-r -mcpu=cortex-r4 -mlittle-endian -Wa,-mimplicit-it=always -mabi=aapcs -Os -fno-strict-aliasing -fno-common -fno-exceptions -ffunction-sections -fdata-sections -fno-delete-null-pointer-checks -Wall -c -mno-unaligned-access -fshort-wchar -MMD -MF ./build/HCT6737M_65_N/LWG_DSDS/bin/dep/ipcore/ipc_session.d -o ./build/HCT6737M_65_N/LWG_DSDS/bin/obj/ipcore/ipc_session.obj middleware/hif/ipcore/src/ipc_session.c 2>>./build/HCT6737M_65_N/LWG_DSDS/bin/log/ipcore/ipc_session.log
tools/GCC/4.6.2/linux/bin/arm-none-eabi-gcc -mthumb @./build/HCT6737M_65_N/LWG_DSDS/bin/via/ipcore.via @./build/HCT6737M_65_N/LWG_DSDS/bin/via/ipcore_inc.via -c -Wno-attributes -Wno-pragmas -march=armv7-r -mcpu=cortex-r4 -mlittle-endian -Wa,-mimplicit-it=always -mabi=aapcs -Os -fno-strict-aliasing -fno-common -fno-exceptions -ffunction-sections -fdata-sections -fno-delete-null-pointer-checks -Wall -c -mno-unaligned-access -fshort-wchar -MMD -MF ./build/HCT6737M_65_N/LWG_DSDS/bin/dep/ipcore/ipc_task.d -o ./build/HCT6737M_65_N/LWG_DSDS/bin/obj/ipcore/ipc_task.obj middleware/hif/ipcore/src/ipc_task.c 2>>./build/HCT6737M_65_N/LWG_DSDS/bin/log/ipcore/ipc_task.log
tools/GCC/4.6.2/linux/bin/arm-none-eabi-gcc -mthumb @./build/HCT6737M_65_N/LWG_DSDS/bin/via/ipcore.via @./build/HCT6737M_65_N/LWG_DSDS/bin/via/ipcore_inc.via -c -Wno-attributes -Wno-pragmas -march=armv7-r -mcpu=cortex-r4 -mlittle-endian -Wa,-mimplicit-it=always -mabi=aapcs -Os -fno-strict-aliasing -fno-common -fno-exceptions -ffunction-sections -fdata-sections -fno-delete-null-pointer-checks -Wall -c -mno-unaligned-access -fshort-wchar -MMD -MF ./build/HCT6737M_65_N/LWG_DSDS/bin/dep/ipcore/ipc_utils.d -o ./build/HCT6737M_65_N/LWG_DSDS/bin/obj/ipcore/ipc_utils.obj middleware/hif/ipcore/src/ipc_utils.c 2>>./build/HCT6737M_65_N/LWG_DSDS/bin/log/ipcore/ipc_utils.log
tools/GCC/4.6.2/linux/bin/arm-none-eabi-gcc -mthumb @./build/HCT6737M_65_N/LWG_DSDS/bin/via/ipcore.via @./build/HCT6737M_65_N/LWG_DSDS/bin/via/ipcore_inc.via -c -Wno-attributes -Wno-pragmas -march=armv7-r -mcpu=cortex-r4 -mlittle-endian -Wa,-mimplicit-it=always -mabi=aapcs -Os -fno-strict-aliasing -fno-common -fno-exceptions -ffunction-sections -fdata-sections -fno-delete-null-pointer-checks -Wall -c -mno-unaligned-access -fshort-wchar -MMD -MF ./build/HCT6737M_65_N/LWG_DSDS/bin/dep/ipcore/pfm_garbage_filter.d -o ./build/HCT6737M_65_N/LWG_DSDS/bin/obj/ipcore/pfm_garbage_filter.obj middleware/hif/ipcore/src/pfm_garbage_filter.c 2>>./build/HCT6737M_65_N/LWG_DSDS/bin/log/ipcore/pfm_garbage_filter.log
tools/GCC/4.6.2/linux/bin/arm-none-eabi-gcc -mthumb @./build/HCT6737M_65_N/LWG_DSDS/bin/via/ipcore.via @./build/HCT6737M_65_N/LWG_DSDS/bin/via/ipcore_inc.via -c -Wno-attributes -Wno-pragmas -march=armv7-r -mcpu=cortex-r4 -mlittle-endian -Wa,-mimplicit-it=always -mabi=aapcs -Os -fno-strict-aliasing -fno-common -fno-exceptions -ffunction-sections -fdata-sections -fno-delete-null-pointer-checks -Wall -c -mno-unaligned-access -fshort-wchar -MMD -MF ./build/HCT6737M_65_N/LWG_DSDS/bin/dep/ipcore/pfm_if.d -o ./build/HCT6737M_65_N/LWG_DSDS/bin/obj/ipcore/pfm_if.obj middleware/hif/ipcore/src/pfm_if.c 2>>./build/HCT6737M_65_N/LWG_DSDS/bin/log/ipcore/pfm_if.log
tools/GCC/4.6.2/linux/bin/arm-none-eabi-ar: creating ./build/HCT6737M_65_N/LWG_DSDS/bin/lib/libipcore.a
./build/HCT6737M_65_N/LWG_DSDS/bin/lib/libipcore.a is updated
make[1]: Leaving directory '/media/snowcat/ANDROID/modem'
