make[1]: Entering directory '/media/snowcat/ANDROID/modem'
Compiling modem/gl1/l1_dm/l1d_ext/l1d_data.c ...
Compiling modem/gl1/l1_dm/l1d_ext/l1d_mipi_data.c ...
modem/gl1/l1_dm/l1d_ext/l1d_mipi_data.c:128:2: warning: #warning "TQ_MIPI_RX_OFF0 = QB_MIPI_RX_OFF0-QB_FSYNC_2_ROFF suggest smaller than 8" [-Wcpp]
Compiling modem/gl1/l1_dm/l1d_ext/m12190.c ...
Compiling modem/gl1/l1_dm/l1d_ext/m12191.c ...
Compiling modem/gl1/l1_dm/l1d_ext/m12192.c ...
Compiling modem/gl1/l1_dm/l1d_ext/m12194.c ...
Compiling modem/gl1/l1_dm/l1d_ext/m12195.c ...
Compiling modem/gl1/l1_dm/l1d_ext/m12196.c ...
Compiling modem/gl1/l1_dm/l1d_ext/m12197.c ...
Compiling modem/gl1/l1_dm/l1d_ext/m12198.c ...
Module l1_ext is in DEFALUT mode
tools/GCC/4.6.2/linux/bin/arm-none-eabi-gcc -mthumb @./build/HCT6737M_65_N/LWG_DSDS/bin/via/l1_ext.via @./build/HCT6737M_65_N/LWG_DSDS/bin/via/l1_ext_inc.via -c -Wno-attributes -Wno-pragmas -march=armv7-r -mcpu=cortex-r4 -mlittle-endian -Wa,-mimplicit-it=always -mabi=aapcs -Os -fno-strict-aliasing -fno-common -fno-exceptions -ffunction-sections -fdata-sections -fno-delete-null-pointer-checks -Wall -c -mno-unaligned-access -fshort-wchar -MMD -MF ./build/HCT6737M_65_N/LWG_DSDS/bin/dep/l1_ext/l1d_data.d -o ./build/HCT6737M_65_N/LWG_DSDS/bin/obj/l1_ext/l1d_data.obj modem/gl1/l1_dm/l1d_ext/l1d_data.c 2>>./build/HCT6737M_65_N/LWG_DSDS/bin/log/l1_ext/l1d_data.log
tools/GCC/4.6.2/linux/bin/arm-none-eabi-gcc -mthumb @./build/HCT6737M_65_N/LWG_DSDS/bin/via/l1_ext.via @./build/HCT6737M_65_N/LWG_DSDS/bin/via/l1_ext_inc.via -c -Wno-attributes -Wno-pragmas -march=armv7-r -mcpu=cortex-r4 -mlittle-endian -Wa,-mimplicit-it=always -mabi=aapcs -Os -fno-strict-aliasing -fno-common -fno-exceptions -ffunction-sections -fdata-sections -fno-delete-null-pointer-checks -Wall -c -mno-unaligned-access -fshort-wchar -MMD -MF ./build/HCT6737M_65_N/LWG_DSDS/bin/dep/l1_ext/l1d_mipi_data.d -o ./build/HCT6737M_65_N/LWG_DSDS/bin/obj/l1_ext/l1d_mipi_data.obj modem/gl1/l1_dm/l1d_ext/l1d_mipi_data.c 2>>./build/HCT6737M_65_N/LWG_DSDS/bin/log/l1_ext/l1d_mipi_data.log
tools/GCC/4.6.2/linux/bin/arm-none-eabi-gcc -mthumb @./build/HCT6737M_65_N/LWG_DSDS/bin/via/l1_ext.via @./build/HCT6737M_65_N/LWG_DSDS/bin/via/l1_ext_inc.via -c -Wno-attributes -Wno-pragmas -march=armv7-r -mcpu=cortex-r4 -mlittle-endian -Wa,-mimplicit-it=always -mabi=aapcs -Os -fno-strict-aliasing -fno-common -fno-exceptions -ffunction-sections -fdata-sections -fno-delete-null-pointer-checks -Wall -c -mno-unaligned-access -fshort-wchar -MMD -MF ./build/HCT6737M_65_N/LWG_DSDS/bin/dep/l1_ext/m12190.d -o ./build/HCT6737M_65_N/LWG_DSDS/bin/obj/l1_ext/m12190.obj modem/gl1/l1_dm/l1d_ext/m12190.c 2>>./build/HCT6737M_65_N/LWG_DSDS/bin/log/l1_ext/m12190.log
tools/GCC/4.6.2/linux/bin/arm-none-eabi-gcc -mthumb @./build/HCT6737M_65_N/LWG_DSDS/bin/via/l1_ext.via @./build/HCT6737M_65_N/LWG_DSDS/bin/via/l1_ext_inc.via -c -Wno-attributes -Wno-pragmas -march=armv7-r -mcpu=cortex-r4 -mlittle-endian -Wa,-mimplicit-it=always -mabi=aapcs -Os -fno-strict-aliasing -fno-common -fno-exceptions -ffunction-sections -fdata-sections -fno-delete-null-pointer-checks -Wall -c -mno-unaligned-access -fshort-wchar -MMD -MF ./build/HCT6737M_65_N/LWG_DSDS/bin/dep/l1_ext/m12191.d -o ./build/HCT6737M_65_N/LWG_DSDS/bin/obj/l1_ext/m12191.obj modem/gl1/l1_dm/l1d_ext/m12191.c 2>>./build/HCT6737M_65_N/LWG_DSDS/bin/log/l1_ext/m12191.log
tools/GCC/4.6.2/linux/bin/arm-none-eabi-gcc -mthumb @./build/HCT6737M_65_N/LWG_DSDS/bin/via/l1_ext.via @./build/HCT6737M_65_N/LWG_DSDS/bin/via/l1_ext_inc.via -c -Wno-attributes -Wno-pragmas -march=armv7-r -mcpu=cortex-r4 -mlittle-endian -Wa,-mimplicit-it=always -mabi=aapcs -Os -fno-strict-aliasing -fno-common -fno-exceptions -ffunction-sections -fdata-sections -fno-delete-null-pointer-checks -Wall -c -mno-unaligned-access -fshort-wchar -MMD -MF ./build/HCT6737M_65_N/LWG_DSDS/bin/dep/l1_ext/m12192.d -o ./build/HCT6737M_65_N/LWG_DSDS/bin/obj/l1_ext/m12192.obj modem/gl1/l1_dm/l1d_ext/m12192.c 2>>./build/HCT6737M_65_N/LWG_DSDS/bin/log/l1_ext/m12192.log
tools/GCC/4.6.2/linux/bin/arm-none-eabi-gcc -mthumb @./build/HCT6737M_65_N/LWG_DSDS/bin/via/l1_ext.via @./build/HCT6737M_65_N/LWG_DSDS/bin/via/l1_ext_inc.via -c -Wno-attributes -Wno-pragmas -march=armv7-r -mcpu=cortex-r4 -mlittle-endian -Wa,-mimplicit-it=always -mabi=aapcs -Os -fno-strict-aliasing -fno-common -fno-exceptions -ffunction-sections -fdata-sections -fno-delete-null-pointer-checks -Wall -c -mno-unaligned-access -fshort-wchar -MMD -MF ./build/HCT6737M_65_N/LWG_DSDS/bin/dep/l1_ext/m12194.d -o ./build/HCT6737M_65_N/LWG_DSDS/bin/obj/l1_ext/m12194.obj modem/gl1/l1_dm/l1d_ext/m12194.c 2>>./build/HCT6737M_65_N/LWG_DSDS/bin/log/l1_ext/m12194.log
tools/GCC/4.6.2/linux/bin/arm-none-eabi-gcc -mthumb @./build/HCT6737M_65_N/LWG_DSDS/bin/via/l1_ext.via @./build/HCT6737M_65_N/LWG_DSDS/bin/via/l1_ext_inc.via -c -Wno-attributes -Wno-pragmas -march=armv7-r -mcpu=cortex-r4 -mlittle-endian -Wa,-mimplicit-it=always -mabi=aapcs -Os -fno-strict-aliasing -fno-common -fno-exceptions -ffunction-sections -fdata-sections -fno-delete-null-pointer-checks -Wall -c -mno-unaligned-access -fshort-wchar -MMD -MF ./build/HCT6737M_65_N/LWG_DSDS/bin/dep/l1_ext/m12195.d -o ./build/HCT6737M_65_N/LWG_DSDS/bin/obj/l1_ext/m12195.obj modem/gl1/l1_dm/l1d_ext/m12195.c 2>>./build/HCT6737M_65_N/LWG_DSDS/bin/log/l1_ext/m12195.log
tools/GCC/4.6.2/linux/bin/arm-none-eabi-gcc -mthumb @./build/HCT6737M_65_N/LWG_DSDS/bin/via/l1_ext.via @./build/HCT6737M_65_N/LWG_DSDS/bin/via/l1_ext_inc.via -c -Wno-attributes -Wno-pragmas -march=armv7-r -mcpu=cortex-r4 -mlittle-endian -Wa,-mimplicit-it=always -mabi=aapcs -Os -fno-strict-aliasing -fno-common -fno-exceptions -ffunction-sections -fdata-sections -fno-delete-null-pointer-checks -Wall -c -mno-unaligned-access -fshort-wchar -MMD -MF ./build/HCT6737M_65_N/LWG_DSDS/bin/dep/l1_ext/m12196.d -o ./build/HCT6737M_65_N/LWG_DSDS/bin/obj/l1_ext/m12196.obj modem/gl1/l1_dm/l1d_ext/m12196.c 2>>./build/HCT6737M_65_N/LWG_DSDS/bin/log/l1_ext/m12196.log
tools/GCC/4.6.2/linux/bin/arm-none-eabi-gcc -mthumb @./build/HCT6737M_65_N/LWG_DSDS/bin/via/l1_ext.via @./build/HCT6737M_65_N/LWG_DSDS/bin/via/l1_ext_inc.via -c -Wno-attributes -Wno-pragmas -march=armv7-r -mcpu=cortex-r4 -mlittle-endian -Wa,-mimplicit-it=always -mabi=aapcs -Os -fno-strict-aliasing -fno-common -fno-exceptions -ffunction-sections -fdata-sections -fno-delete-null-pointer-checks -Wall -c -mno-unaligned-access -fshort-wchar -MMD -MF ./build/HCT6737M_65_N/LWG_DSDS/bin/dep/l1_ext/m12197.d -o ./build/HCT6737M_65_N/LWG_DSDS/bin/obj/l1_ext/m12197.obj modem/gl1/l1_dm/l1d_ext/m12197.c 2>>./build/HCT6737M_65_N/LWG_DSDS/bin/log/l1_ext/m12197.log
tools/GCC/4.6.2/linux/bin/arm-none-eabi-gcc -mthumb @./build/HCT6737M_65_N/LWG_DSDS/bin/via/l1_ext.via @./build/HCT6737M_65_N/LWG_DSDS/bin/via/l1_ext_inc.via -c -Wno-attributes -Wno-pragmas -march=armv7-r -mcpu=cortex-r4 -mlittle-endian -Wa,-mimplicit-it=always -mabi=aapcs -Os -fno-strict-aliasing -fno-common -fno-exceptions -ffunction-sections -fdata-sections -fno-delete-null-pointer-checks -Wall -c -mno-unaligned-access -fshort-wchar -MMD -MF ./build/HCT6737M_65_N/LWG_DSDS/bin/dep/l1_ext/m12198.d -o ./build/HCT6737M_65_N/LWG_DSDS/bin/obj/l1_ext/m12198.obj modem/gl1/l1_dm/l1d_ext/m12198.c 2>>./build/HCT6737M_65_N/LWG_DSDS/bin/log/l1_ext/m12198.log
tools/GCC/4.6.2/linux/bin/arm-none-eabi-ar: creating ./build/HCT6737M_65_N/LWG_DSDS/bin/lib/libl1_ext.a
./build/HCT6737M_65_N/LWG_DSDS/bin/lib/libl1_ext.a is updated
make[1]: Leaving directory '/media/snowcat/ANDROID/modem'
