./mtk_rel/HCT6737M_65_N/LWG_DSDS/lib/libnucleus_v2.a
./mtk_rel/HCT6737M_65_N/LWG_DSDS/lib/libnucleus_v2_int.a
./mtk_rel/HCT6737M_65_N/LWG_DSDS/lib/libnucleus_v2_ctrl_code.a
./mtk_rel/HCT6737M_65_N/LWG_DSDS/lib/libnucleus_v2_critical_data.a
./mtk_rel/HCT6737M_65_N/LWG_DSDS/lib/libnucleus_v2_debug.a
./mtk_rel/HCT6737M_65_N/LWG_DSDS/lib/libnvram_sec.a
./mtk_rel/HCT6737M_65_N/LWG_DSDS/lib/libsim.a
./mtk_rel/HCT6737M_65_N/LWG_DSDS/lib/libnwsel.a
./mtk_rel/HCT6737M_65_N/LWG_DSDS/lib/libgmss.a
./mtk_rel/HCT6737M_65_N/LWG_DSDS/lib/libcc.a
./mtk_rel/HCT6737M_65_N/LWG_DSDS/lib/libciss.a
./mtk_rel/HCT6737M_65_N/LWG_DSDS/lib/libsms.a
./mtk_rel/HCT6737M_65_N/LWG_DSDS/lib/libdata.a
./mtk_rel/HCT6737M_65_N/LWG_DSDS/lib/libsms.a
./mtk_rel/HCT6737M_65_N/LWG_DSDS/lib/libkal.a
./mtk_rel/HCT6737M_65_N/LWG_DSDS/lib/libsst.a
./mtk_rel/HCT6737M_65_N/LWG_DSDS/lib/libfdm.a
./mtk_rel/HCT6737M_65_N/LWG_DSDS/lib/libmtkdebug.a
./mtk_rel/HCT6737M_65_N/LWG_DSDS/lib/libll1.a
./mtk_rel/HCT6737M_65_N/LWG_DSDS/lib/libll1.a
./mtk_rel/HCT6737M_65_N/LWG_DSDS/lib/libul1_hs_plus.a
./mtk_rel/HCT6737M_65_N/LWG_DSDS/lib/libbytecopy.a
./mtk_rel/HCT6737M_65_N/LWG_DSDS/lib/libmml1_rf.a
./mtk_rel/HCT6737M_65_N/LWG_DSDS/lib/libmrs.a
./mtk_rel/HCT6737M_65_N/LWG_DSDS/lib/libgl1.a
./mtk_rel/HCT6737M_65_N/LWG_DSDS/lib/libmm.a
./mtk_rel/HCT6737M_65_N/LWG_DSDS/lib/libgas.a
./mtk_rel/HCT6737M_65_N/LWG_DSDS/lib/libratcm.a
./mtk_rel/HCT6737M_65_N/LWG_DSDS/lib/libl4.a
./mtk_rel/HCT6737M_65_N/LWG_DSDS/lib/libtftlib.a
./mtk_rel/HCT6737M_65_N/LWG_DSDS/lib/liberac.a
./mtk_rel/HCT6737M_65_N/LWG_DSDS/lib/libetcm.a
./mtk_rel/HCT6737M_65_N/LWG_DSDS/lib/libratdm.a
./mtk_rel/HCT6737M_65_N/LWG_DSDS/lib/libratdm_sec.a
./mtk_rel/HCT6737M_65_N/LWG_DSDS/lib/libuas.a
./mtk_rel/HCT6737M_65_N/LWG_DSDS/lib/libfsm.a
./mtk_rel/HCT6737M_65_N/LWG_DSDS/lib/libsndcp.a
./mtk_rel/HCT6737M_65_N/LWG_DSDS/lib/libsm.a
./mtk_rel/HCT6737M_65_N/LWG_DSDS/lib/libllc.a
./mtk_rel/HCT6737M_65_N/LWG_DSDS/lib/libul2.a
./mtk_rel/HCT6737M_65_N/LWG_DSDS/lib/libmcd.a
./mtk_rel/HCT6737M_65_N/LWG_DSDS/lib/libdhl.a
./mtk_rel/HCT6737M_65_N/LWG_DSDS/lib/libevent_info.a
./mtk_rel/HCT6737M_65_N/LWG_DSDS/lib/libimc.a
./mtk_rel/HCT6737M_65_N/LWG_DSDS/lib/libvdm.a
./mtk_rel/HCT6737M_65_N/LWG_DSDS/lib/librtp.a
./mtk_rel/HCT6737M_65_N/LWG_DSDS/lib/libltecsr.a
./mtk_rel/HCT6737M_65_N/LWG_DSDS/lib/libltecsr_src.a
./mtk_rel/HCT6737M_65_N/LWG_DSDS/lib/libsdm.a
./mtk_rel/HCT6737M_65_N/LWG_DSDS/lib/libimsp.a
./mtk_rel/HCT6737M_65_N/LWG_DSDS/lib/libimcsms.a
./mtk_rel/HCT6737M_65_N/LWG_DSDS/lib/libedsp.a
./mtk_rel/HCT6737M_65_N/LWG_DSDS/lib/libsleep_drv.a
./mtk_rel/HCT6737M_65_N/LWG_DSDS/lib/libqmu_bm.a
./mtk_rel/HCT6737M_65_N/LWG_DSDS/lib/libtft_pf.a
./mtk_rel/HCT6737M_65_N/LWG_DSDS/lib/libratadp.a
./mtk_rel/HCT6737M_65_N/LWG_DSDS/lib/libupcm.a
./mtk_rel/HCT6737M_65_N/LWG_DSDS/lib/libsys_svc_sec.a
./mtk_rel/HCT6737M_65_N/LWG_DSDS/lib/librsva.a
./mtk_rel/HCT6737M_65_N/LWG_DSDS/lib/libas_semaphore_utility.a
./mtk_rel/HCT6737M_65_N/LWG_DSDS/lib/liblbs.a
./mtk_rel/HCT6737M_65_N/LWG_DSDS/lib/libdp_engine.a
./mtk_rel/HCT6737M_65_N/LWG_DSDS/lib/libtft_pf.a
./mtk_rel/HCT6737M_65_N/LWG_DSDS/lib/libratadp.a
./mtk_rel/HCT6737M_65_N/LWG_DSDS/lib/libupcm.a
./mtk_rel/HCT6737M_65_N/LWG_DSDS/lib/librohc.a
./mtk_rel/HCT6737M_65_N/LWG_DSDS/lib/libl2_lte_copro.a
./mtk_rel/HCT6737M_65_N/LWG_DSDS/lib/libephy.a
./mtk_rel/HCT6737M_65_N/LWG_DSDS/lib/libhmu_sec.a
./mtk_rel/HCT6737M_65_N/LWG_DSDS/lib/libnmu.a
./mtk_rel/HCT6737M_65_N/LWG_DSDS/lib/libcldmacore.a
./mtk_rel/HCT6737M_65_N/LWG_DSDS/lib/libcldmadev.a
./mtk_rel/HCT6737M_65_N/LWG_DSDS/lib/libwccifdev.a
./mtk_rel/HCT6737M_65_N/LWG_DSDS/lib/libhlt.a
./mtk_rel/HCT6737M_65_N/LWG_DSDS/lib/lib3g324m_tvt.a
./mtk_rel/HCT6737M_65_N/LWG_DSDS/lib/libflc2_v2.a
./mtk_rel/HCT6737M_65_N/LWG_DSDS/lib/libflc2_v2_sec.a
./mtk_rel/HCT6737M_65_N/LWG_DSDS/lib/libcmux.a
./mtk_rel/HCT6737M_65_N/LWG_DSDS/lib/librfc2507.a
./mtk_rel/HCT6737M_65_N/LWG_DSDS/lib/liblpp.a
./mtk_rel/HCT6737M_65_N/LWG_DSDS/lib/librrlp.a
./mtk_rel/HCT6737M_65_N/LWG_DSDS/lib/libulcs.a
./mtk_rel/HCT6737M_65_N/LWG_DSDS/lib/libscsi.a
./mtk_rel/HCT6737M_65_N/LWG_DSDS/lib/libscsi.a
./mtk_rel/HCT6737M_65_N/LWG_DSDS/lib/libche.a
./mtk_rel/HCT6737M_65_N/LWG_DSDS/lib/libsst_sec.a
./mtk_rel/HCT6737M_65_N/LWG_DSDS/lib/libdsp_ram.a
./mtk_rel/HCT6737M_65_N/LWG_DSDS/lib/libcipher.a
./mtk_rel/HCT6737M_65_N/LWG_DSDS/lib/libtdd_drv.a
./mtk_rel/HCT6737M_65_N/LWG_DSDS/lib/libbtt_agent.a

