make[1]: Entering directory '/media/snowcat/ANDROID/modem'
Compiling middleware/media/audio/src/aud_ilm.c ...
Compiling middleware/media/audio/src/aud_main.c ...
middleware/media/audio/src/aud_main.c: In function 'aud_main':
middleware/media/audio/src/aud_main.c:423:13: warning: implicit declaration of function 'aud_util_in_proc_call_req_hdlr' [-Wimplicit-function-declaration]
Compiling middleware/media/audio/src/aud_utility.c ...
Compiling middleware/media/common/src/med_ext_smalloc.c ...
Compiling middleware/media/common/src/med_main.c ...
middleware/media/common/src/med_main.c: In function 'med_main':
middleware/media/common/src/med_main.c:525:4: warning: implicit declaration of function 'l1audio_console_handler' [-Wimplicit-function-declaration]
middleware/media/common/src/med_main.c:527:4: warning: implicit declaration of function 'kal_prompt_trace' [-Wimplicit-function-declaration]
middleware/media/common/src/med_main.c:582:9: warning: implicit declaration of function 'Spc_ForceEndAllApp' [-Wimplicit-function-declaration]
middleware/media/common/src/med_main.c:589:9: warning: implicit declaration of function 'SP_M2M_Handler' [-Wimplicit-function-declaration]
middleware/media/common/src/med_main.c:597:9: warning: implicit declaration of function 'aud_util_in_proc_call_req_hdlr' [-Wimplicit-function-declaration]
Compiling middleware/media/common/src/med_utility.c ...
Module media is in DEFALUT mode
tools/GCC/4.6.2/linux/bin/arm-none-eabi-gcc -mthumb @./build/HCT6737M_65_N/LWG_DSDS/bin/via/media.via @./build/HCT6737M_65_N/LWG_DSDS/bin/via/media_inc.via -c -Wno-attributes -Wno-pragmas -march=armv7-r -mcpu=cortex-r4 -mlittle-endian -Wa,-mimplicit-it=always -mabi=aapcs -Os -fno-strict-aliasing -fno-common -fno-exceptions -ffunction-sections -fdata-sections -fno-delete-null-pointer-checks -Wall -c -mno-unaligned-access -fshort-wchar -MMD -MF ./build/HCT6737M_65_N/LWG_DSDS/bin/dep/media/aud_ilm.d -o ./build/HCT6737M_65_N/LWG_DSDS/bin/obj/media/aud_ilm.obj middleware/media/audio/src/aud_ilm.c 2>>./build/HCT6737M_65_N/LWG_DSDS/bin/log/media/aud_ilm.log
tools/GCC/4.6.2/linux/bin/arm-none-eabi-gcc -mthumb @./build/HCT6737M_65_N/LWG_DSDS/bin/via/media.via @./build/HCT6737M_65_N/LWG_DSDS/bin/via/media_inc.via -c -Wno-attributes -Wno-pragmas -march=armv7-r -mcpu=cortex-r4 -mlittle-endian -Wa,-mimplicit-it=always -mabi=aapcs -Os -fno-strict-aliasing -fno-common -fno-exceptions -ffunction-sections -fdata-sections -fno-delete-null-pointer-checks -Wall -c -mno-unaligned-access -fshort-wchar -MMD -MF ./build/HCT6737M_65_N/LWG_DSDS/bin/dep/media/aud_main.d -o ./build/HCT6737M_65_N/LWG_DSDS/bin/obj/media/aud_main.obj middleware/media/audio/src/aud_main.c 2>>./build/HCT6737M_65_N/LWG_DSDS/bin/log/media/aud_main.log
tools/GCC/4.6.2/linux/bin/arm-none-eabi-gcc -mthumb @./build/HCT6737M_65_N/LWG_DSDS/bin/via/media.via @./build/HCT6737M_65_N/LWG_DSDS/bin/via/media_inc.via -c -Wno-attributes -Wno-pragmas -march=armv7-r -mcpu=cortex-r4 -mlittle-endian -Wa,-mimplicit-it=always -mabi=aapcs -Os -fno-strict-aliasing -fno-common -fno-exceptions -ffunction-sections -fdata-sections -fno-delete-null-pointer-checks -Wall -c -mno-unaligned-access -fshort-wchar -MMD -MF ./build/HCT6737M_65_N/LWG_DSDS/bin/dep/media/aud_utility.d -o ./build/HCT6737M_65_N/LWG_DSDS/bin/obj/media/aud_utility.obj middleware/media/audio/src/aud_utility.c 2>>./build/HCT6737M_65_N/LWG_DSDS/bin/log/media/aud_utility.log
tools/GCC/4.6.2/linux/bin/arm-none-eabi-gcc -mthumb @./build/HCT6737M_65_N/LWG_DSDS/bin/via/media.via @./build/HCT6737M_65_N/LWG_DSDS/bin/via/media_inc.via -c -Wno-attributes -Wno-pragmas -march=armv7-r -mcpu=cortex-r4 -mlittle-endian -Wa,-mimplicit-it=always -mabi=aapcs -Os -fno-strict-aliasing -fno-common -fno-exceptions -ffunction-sections -fdata-sections -fno-delete-null-pointer-checks -Wall -c -mno-unaligned-access -fshort-wchar -MMD -MF ./build/HCT6737M_65_N/LWG_DSDS/bin/dep/media/med_ext_smalloc.d -o ./build/HCT6737M_65_N/LWG_DSDS/bin/obj/media/med_ext_smalloc.obj middleware/media/common/src/med_ext_smalloc.c 2>>./build/HCT6737M_65_N/LWG_DSDS/bin/log/media/med_ext_smalloc.log
tools/GCC/4.6.2/linux/bin/arm-none-eabi-gcc -mthumb @./build/HCT6737M_65_N/LWG_DSDS/bin/via/media.via @./build/HCT6737M_65_N/LWG_DSDS/bin/via/media_inc.via -c -Wno-attributes -Wno-pragmas -march=armv7-r -mcpu=cortex-r4 -mlittle-endian -Wa,-mimplicit-it=always -mabi=aapcs -Os -fno-strict-aliasing -fno-common -fno-exceptions -ffunction-sections -fdata-sections -fno-delete-null-pointer-checks -Wall -c -mno-unaligned-access -fshort-wchar -MMD -MF ./build/HCT6737M_65_N/LWG_DSDS/bin/dep/media/med_main.d -o ./build/HCT6737M_65_N/LWG_DSDS/bin/obj/media/med_main.obj middleware/media/common/src/med_main.c 2>>./build/HCT6737M_65_N/LWG_DSDS/bin/log/media/med_main.log
tools/GCC/4.6.2/linux/bin/arm-none-eabi-gcc -mthumb @./build/HCT6737M_65_N/LWG_DSDS/bin/via/media.via @./build/HCT6737M_65_N/LWG_DSDS/bin/via/media_inc.via -c -Wno-attributes -Wno-pragmas -march=armv7-r -mcpu=cortex-r4 -mlittle-endian -Wa,-mimplicit-it=always -mabi=aapcs -Os -fno-strict-aliasing -fno-common -fno-exceptions -ffunction-sections -fdata-sections -fno-delete-null-pointer-checks -Wall -c -mno-unaligned-access -fshort-wchar -MMD -MF ./build/HCT6737M_65_N/LWG_DSDS/bin/dep/media/med_utility.d -o ./build/HCT6737M_65_N/LWG_DSDS/bin/obj/media/med_utility.obj middleware/media/common/src/med_utility.c 2>>./build/HCT6737M_65_N/LWG_DSDS/bin/log/media/med_utility.log
tools/GCC/4.6.2/linux/bin/arm-none-eabi-ar: creating ./build/HCT6737M_65_N/LWG_DSDS/bin/lib/libmedia.a
./build/HCT6737M_65_N/LWG_DSDS/bin/lib/libmedia.a is updated
make[1]: Leaving directory '/media/snowcat/ANDROID/modem'
