make[1]: Entering directory '/media/snowcat/ANDROID/modem'
Compiling service/nvram/src/nvram_drval_fat.c ...
service/nvram/src/nvram_drval_fat.c: In function 'nvram_drv_fat_read':
service/nvram/src/nvram_drval_fat.c:1590:3: warning: passing argument 8 of 'nvram_drv_fat_read_section_cmpt' discards 'const' qualifier from pointer target type [enabled by default]
service/nvram/src/nvram_drval_fat.c:1017:11: note: expected 'kal_wchar *' but argument is of type 'const kal_wchar *'
service/nvram/src/nvram_drval_fat.c: In function 'nvram_drv_fat_write_multRec':
service/nvram/src/nvram_drval_fat.c:2354:16: warning: unused variable 'len' [-Wunused-variable]
service/nvram/src/nvram_drval_fat.c: In function 'nvram_drv_fat_get_record_size':
service/nvram/src/nvram_drval_fat.c:2578:15: warning: unused variable 'hFile' [-Wunused-variable]
Compiling service/nvram/src/nvram_el1def.c ...
Compiling service/nvram/src/nvram_ex_io.c ...
Compiling service/nvram/src/nvram_factory_config.c ...
Compiling service/nvram/src/nvram_handler_read.c ...
Compiling service/nvram/src/nvram_handler_reset.c ...
Compiling service/nvram/src/nvram_handler_startup.c ...
Compiling service/nvram/src/nvram_handler_write.c ...
Compiling service/nvram/src/nvram_ilm.c ...
Compiling service/nvram/src/nvram_interface.c ...
Compiling service/nvram/src/nvram_io.c ...
service/nvram/src/nvram_io.c: In function 'nvram_write_fs_data_item_multiple':
service/nvram/src/nvram_io.c:1932:3: warning: implicit declaration of function 'nvram_drv_fat_write_multRec' [-Wimplicit-function-declaration]
service/nvram/src/nvram_io.c: In function 'nvram_write_fs_data_item_multiple.constprop.4':
service/nvram/src/nvram_io.c:1944:12: warning: 'drv_status' is used uninitialized in this function [-Wuninitialized]
Compiling service/nvram/src/nvram_l1def.c ...
Compiling service/nvram/src/nvram_ltable.c ...
Compiling service/nvram/src/nvram_main.c ...
Compiling service/nvram/src/nvram_mml1def.c ...
service/nvram/src/nvram_mml1def.c: In function 'nvram_get_mmL1_default_value_to_write':
service/nvram/src/nvram_mml1def.c:42:14: warning: unused variable 'index_select' [-Wunused-variable]
Compiling service/nvram/src/nvram_msg_handler.c ...
Compiling service/nvram/src/nvram_multi_folder.c ...
Compiling service/nvram/src/nvram_pseudo_merge.c ...
Compiling service/nvram/src/nvram_ul1def.c ...
Compiling service/nvram/src/nvram_util.c ...
Module nvram is in DEBUG mode
tools/GCC/4.6.2/linux/bin/arm-none-eabi-gcc -mthumb @./build/HCT6737M_65_N/LWG_DSDS/bin/via/nvram.via @./build/HCT6737M_65_N/LWG_DSDS/bin/via/nvram_inc.via -c -Wno-attributes -Wno-pragmas -march=armv7-r -mcpu=cortex-r4 -mlittle-endian -Wa,-mimplicit-it=always -mabi=aapcs -Os -fno-strict-aliasing -fno-common -fno-exceptions -ffunction-sections -fdata-sections -fno-delete-null-pointer-checks -Wall -c -mno-unaligned-access -fshort-wchar -gdwarf-3 -MMD -MF ./build/HCT6737M_65_N/LWG_DSDS/bin/dep/nvram/nvram_drval_fat.d -o ./build/HCT6737M_65_N/LWG_DSDS/bin/obj/nvram/nvram_drval_fat.obj service/nvram/src/nvram_drval_fat.c 2>>./build/HCT6737M_65_N/LWG_DSDS/bin/log/nvram/nvram_drval_fat.log
tools/GCC/4.6.2/linux/bin/arm-none-eabi-gcc -mthumb @./build/HCT6737M_65_N/LWG_DSDS/bin/via/nvram.via @./build/HCT6737M_65_N/LWG_DSDS/bin/via/nvram_inc.via -c -Wno-attributes -Wno-pragmas -march=armv7-r -mcpu=cortex-r4 -mlittle-endian -Wa,-mimplicit-it=always -mabi=aapcs -Os -fno-strict-aliasing -fno-common -fno-exceptions -ffunction-sections -fdata-sections -fno-delete-null-pointer-checks -Wall -c -mno-unaligned-access -fshort-wchar -gdwarf-3 -MMD -MF ./build/HCT6737M_65_N/LWG_DSDS/bin/dep/nvram/nvram_el1def.d -o ./build/HCT6737M_65_N/LWG_DSDS/bin/obj/nvram/nvram_el1def.obj service/nvram/src/nvram_el1def.c 2>>./build/HCT6737M_65_N/LWG_DSDS/bin/log/nvram/nvram_el1def.log
tools/GCC/4.6.2/linux/bin/arm-none-eabi-gcc -mthumb @./build/HCT6737M_65_N/LWG_DSDS/bin/via/nvram.via @./build/HCT6737M_65_N/LWG_DSDS/bin/via/nvram_inc.via -c -Wno-attributes -Wno-pragmas -march=armv7-r -mcpu=cortex-r4 -mlittle-endian -Wa,-mimplicit-it=always -mabi=aapcs -Os -fno-strict-aliasing -fno-common -fno-exceptions -ffunction-sections -fdata-sections -fno-delete-null-pointer-checks -Wall -c -mno-unaligned-access -fshort-wchar -gdwarf-3 -MMD -MF ./build/HCT6737M_65_N/LWG_DSDS/bin/dep/nvram/nvram_ex_io.d -o ./build/HCT6737M_65_N/LWG_DSDS/bin/obj/nvram/nvram_ex_io.obj service/nvram/src/nvram_ex_io.c 2>>./build/HCT6737M_65_N/LWG_DSDS/bin/log/nvram/nvram_ex_io.log
tools/GCC/4.6.2/linux/bin/arm-none-eabi-gcc -mthumb @./build/HCT6737M_65_N/LWG_DSDS/bin/via/nvram.via @./build/HCT6737M_65_N/LWG_DSDS/bin/via/nvram_inc.via -c -Wno-attributes -Wno-pragmas -march=armv7-r -mcpu=cortex-r4 -mlittle-endian -Wa,-mimplicit-it=always -mabi=aapcs -Os -fno-strict-aliasing -fno-common -fno-exceptions -ffunction-sections -fdata-sections -fno-delete-null-pointer-checks -Wall -c -mno-unaligned-access -fshort-wchar -gdwarf-3 -MMD -MF ./build/HCT6737M_65_N/LWG_DSDS/bin/dep/nvram/nvram_factory_config.d -o ./build/HCT6737M_65_N/LWG_DSDS/bin/obj/nvram/nvram_factory_config.obj service/nvram/src/nvram_factory_config.c 2>>./build/HCT6737M_65_N/LWG_DSDS/bin/log/nvram/nvram_factory_config.log
tools/GCC/4.6.2/linux/bin/arm-none-eabi-gcc -mthumb @./build/HCT6737M_65_N/LWG_DSDS/bin/via/nvram.via @./build/HCT6737M_65_N/LWG_DSDS/bin/via/nvram_inc.via -c -Wno-attributes -Wno-pragmas -march=armv7-r -mcpu=cortex-r4 -mlittle-endian -Wa,-mimplicit-it=always -mabi=aapcs -Os -fno-strict-aliasing -fno-common -fno-exceptions -ffunction-sections -fdata-sections -fno-delete-null-pointer-checks -Wall -c -mno-unaligned-access -fshort-wchar -gdwarf-3 -MMD -MF ./build/HCT6737M_65_N/LWG_DSDS/bin/dep/nvram/nvram_handler_read.d -o ./build/HCT6737M_65_N/LWG_DSDS/bin/obj/nvram/nvram_handler_read.obj service/nvram/src/nvram_handler_read.c 2>>./build/HCT6737M_65_N/LWG_DSDS/bin/log/nvram/nvram_handler_read.log
tools/GCC/4.6.2/linux/bin/arm-none-eabi-gcc -mthumb @./build/HCT6737M_65_N/LWG_DSDS/bin/via/nvram.via @./build/HCT6737M_65_N/LWG_DSDS/bin/via/nvram_inc.via -c -Wno-attributes -Wno-pragmas -march=armv7-r -mcpu=cortex-r4 -mlittle-endian -Wa,-mimplicit-it=always -mabi=aapcs -Os -fno-strict-aliasing -fno-common -fno-exceptions -ffunction-sections -fdata-sections -fno-delete-null-pointer-checks -Wall -c -mno-unaligned-access -fshort-wchar -gdwarf-3 -MMD -MF ./build/HCT6737M_65_N/LWG_DSDS/bin/dep/nvram/nvram_handler_reset.d -o ./build/HCT6737M_65_N/LWG_DSDS/bin/obj/nvram/nvram_handler_reset.obj service/nvram/src/nvram_handler_reset.c 2>>./build/HCT6737M_65_N/LWG_DSDS/bin/log/nvram/nvram_handler_reset.log
tools/GCC/4.6.2/linux/bin/arm-none-eabi-gcc -mthumb @./build/HCT6737M_65_N/LWG_DSDS/bin/via/nvram.via @./build/HCT6737M_65_N/LWG_DSDS/bin/via/nvram_inc.via -c -Wno-attributes -Wno-pragmas -march=armv7-r -mcpu=cortex-r4 -mlittle-endian -Wa,-mimplicit-it=always -mabi=aapcs -Os -fno-strict-aliasing -fno-common -fno-exceptions -ffunction-sections -fdata-sections -fno-delete-null-pointer-checks -Wall -c -mno-unaligned-access -fshort-wchar -gdwarf-3 -MMD -MF ./build/HCT6737M_65_N/LWG_DSDS/bin/dep/nvram/nvram_handler_startup.d -o ./build/HCT6737M_65_N/LWG_DSDS/bin/obj/nvram/nvram_handler_startup.obj service/nvram/src/nvram_handler_startup.c 2>>./build/HCT6737M_65_N/LWG_DSDS/bin/log/nvram/nvram_handler_startup.log
tools/GCC/4.6.2/linux/bin/arm-none-eabi-gcc -mthumb @./build/HCT6737M_65_N/LWG_DSDS/bin/via/nvram.via @./build/HCT6737M_65_N/LWG_DSDS/bin/via/nvram_inc.via -c -Wno-attributes -Wno-pragmas -march=armv7-r -mcpu=cortex-r4 -mlittle-endian -Wa,-mimplicit-it=always -mabi=aapcs -Os -fno-strict-aliasing -fno-common -fno-exceptions -ffunction-sections -fdata-sections -fno-delete-null-pointer-checks -Wall -c -mno-unaligned-access -fshort-wchar -gdwarf-3 -MMD -MF ./build/HCT6737M_65_N/LWG_DSDS/bin/dep/nvram/nvram_handler_write.d -o ./build/HCT6737M_65_N/LWG_DSDS/bin/obj/nvram/nvram_handler_write.obj service/nvram/src/nvram_handler_write.c 2>>./build/HCT6737M_65_N/LWG_DSDS/bin/log/nvram/nvram_handler_write.log
tools/GCC/4.6.2/linux/bin/arm-none-eabi-gcc -mthumb @./build/HCT6737M_65_N/LWG_DSDS/bin/via/nvram.via @./build/HCT6737M_65_N/LWG_DSDS/bin/via/nvram_inc.via -c -Wno-attributes -Wno-pragmas -march=armv7-r -mcpu=cortex-r4 -mlittle-endian -Wa,-mimplicit-it=always -mabi=aapcs -Os -fno-strict-aliasing -fno-common -fno-exceptions -ffunction-sections -fdata-sections -fno-delete-null-pointer-checks -Wall -c -mno-unaligned-access -fshort-wchar -gdwarf-3 -MMD -MF ./build/HCT6737M_65_N/LWG_DSDS/bin/dep/nvram/nvram_ilm.d -o ./build/HCT6737M_65_N/LWG_DSDS/bin/obj/nvram/nvram_ilm.obj service/nvram/src/nvram_ilm.c 2>>./build/HCT6737M_65_N/LWG_DSDS/bin/log/nvram/nvram_ilm.log
tools/GCC/4.6.2/linux/bin/arm-none-eabi-gcc -mthumb @./build/HCT6737M_65_N/LWG_DSDS/bin/via/nvram.via @./build/HCT6737M_65_N/LWG_DSDS/bin/via/nvram_inc.via -c -Wno-attributes -Wno-pragmas -march=armv7-r -mcpu=cortex-r4 -mlittle-endian -Wa,-mimplicit-it=always -mabi=aapcs -Os -fno-strict-aliasing -fno-common -fno-exceptions -ffunction-sections -fdata-sections -fno-delete-null-pointer-checks -Wall -c -mno-unaligned-access -fshort-wchar -gdwarf-3 -MMD -MF ./build/HCT6737M_65_N/LWG_DSDS/bin/dep/nvram/nvram_interface.d -o ./build/HCT6737M_65_N/LWG_DSDS/bin/obj/nvram/nvram_interface.obj service/nvram/src/nvram_interface.c 2>>./build/HCT6737M_65_N/LWG_DSDS/bin/log/nvram/nvram_interface.log
tools/GCC/4.6.2/linux/bin/arm-none-eabi-gcc -mthumb @./build/HCT6737M_65_N/LWG_DSDS/bin/via/nvram.via @./build/HCT6737M_65_N/LWG_DSDS/bin/via/nvram_inc.via -c -Wno-attributes -Wno-pragmas -march=armv7-r -mcpu=cortex-r4 -mlittle-endian -Wa,-mimplicit-it=always -mabi=aapcs -Os -fno-strict-aliasing -fno-common -fno-exceptions -ffunction-sections -fdata-sections -fno-delete-null-pointer-checks -Wall -c -mno-unaligned-access -fshort-wchar -gdwarf-3 -MMD -MF ./build/HCT6737M_65_N/LWG_DSDS/bin/dep/nvram/nvram_io.d -o ./build/HCT6737M_65_N/LWG_DSDS/bin/obj/nvram/nvram_io.obj service/nvram/src/nvram_io.c 2>>./build/HCT6737M_65_N/LWG_DSDS/bin/log/nvram/nvram_io.log
tools/GCC/4.6.2/linux/bin/arm-none-eabi-gcc -mthumb @./build/HCT6737M_65_N/LWG_DSDS/bin/via/nvram.via @./build/HCT6737M_65_N/LWG_DSDS/bin/via/nvram_inc.via -c -Wno-attributes -Wno-pragmas -march=armv7-r -mcpu=cortex-r4 -mlittle-endian -Wa,-mimplicit-it=always -mabi=aapcs -Os -fno-strict-aliasing -fno-common -fno-exceptions -ffunction-sections -fdata-sections -fno-delete-null-pointer-checks -Wall -c -mno-unaligned-access -fshort-wchar -gdwarf-3 -MMD -MF ./build/HCT6737M_65_N/LWG_DSDS/bin/dep/nvram/nvram_l1def.d -o ./build/HCT6737M_65_N/LWG_DSDS/bin/obj/nvram/nvram_l1def.obj service/nvram/src/nvram_l1def.c 2>>./build/HCT6737M_65_N/LWG_DSDS/bin/log/nvram/nvram_l1def.log
tools/GCC/4.6.2/linux/bin/arm-none-eabi-gcc -mthumb @./build/HCT6737M_65_N/LWG_DSDS/bin/via/nvram.via @./build/HCT6737M_65_N/LWG_DSDS/bin/via/nvram_inc.via -c -Wno-attributes -Wno-pragmas -march=armv7-r -mcpu=cortex-r4 -mlittle-endian -Wa,-mimplicit-it=always -mabi=aapcs -Os -fno-strict-aliasing -fno-common -fno-exceptions -ffunction-sections -fdata-sections -fno-delete-null-pointer-checks -Wall -c -mno-unaligned-access -fshort-wchar -gdwarf-3 -MMD -MF ./build/HCT6737M_65_N/LWG_DSDS/bin/dep/nvram/nvram_ltable.d -o ./build/HCT6737M_65_N/LWG_DSDS/bin/obj/nvram/nvram_ltable.obj service/nvram/src/nvram_ltable.c 2>>./build/HCT6737M_65_N/LWG_DSDS/bin/log/nvram/nvram_ltable.log
tools/GCC/4.6.2/linux/bin/arm-none-eabi-gcc -mthumb @./build/HCT6737M_65_N/LWG_DSDS/bin/via/nvram.via @./build/HCT6737M_65_N/LWG_DSDS/bin/via/nvram_inc.via -c -Wno-attributes -Wno-pragmas -march=armv7-r -mcpu=cortex-r4 -mlittle-endian -Wa,-mimplicit-it=always -mabi=aapcs -Os -fno-strict-aliasing -fno-common -fno-exceptions -ffunction-sections -fdata-sections -fno-delete-null-pointer-checks -Wall -c -mno-unaligned-access -fshort-wchar -gdwarf-3 -MMD -MF ./build/HCT6737M_65_N/LWG_DSDS/bin/dep/nvram/nvram_main.d -o ./build/HCT6737M_65_N/LWG_DSDS/bin/obj/nvram/nvram_main.obj service/nvram/src/nvram_main.c 2>>./build/HCT6737M_65_N/LWG_DSDS/bin/log/nvram/nvram_main.log
tools/GCC/4.6.2/linux/bin/arm-none-eabi-gcc -mthumb @./build/HCT6737M_65_N/LWG_DSDS/bin/via/nvram.via @./build/HCT6737M_65_N/LWG_DSDS/bin/via/nvram_inc.via -c -Wno-attributes -Wno-pragmas -march=armv7-r -mcpu=cortex-r4 -mlittle-endian -Wa,-mimplicit-it=always -mabi=aapcs -Os -fno-strict-aliasing -fno-common -fno-exceptions -ffunction-sections -fdata-sections -fno-delete-null-pointer-checks -Wall -c -mno-unaligned-access -fshort-wchar -gdwarf-3 -MMD -MF ./build/HCT6737M_65_N/LWG_DSDS/bin/dep/nvram/nvram_mml1def.d -o ./build/HCT6737M_65_N/LWG_DSDS/bin/obj/nvram/nvram_mml1def.obj service/nvram/src/nvram_mml1def.c 2>>./build/HCT6737M_65_N/LWG_DSDS/bin/log/nvram/nvram_mml1def.log
tools/GCC/4.6.2/linux/bin/arm-none-eabi-gcc -mthumb @./build/HCT6737M_65_N/LWG_DSDS/bin/via/nvram.via @./build/HCT6737M_65_N/LWG_DSDS/bin/via/nvram_inc.via -c -Wno-attributes -Wno-pragmas -march=armv7-r -mcpu=cortex-r4 -mlittle-endian -Wa,-mimplicit-it=always -mabi=aapcs -Os -fno-strict-aliasing -fno-common -fno-exceptions -ffunction-sections -fdata-sections -fno-delete-null-pointer-checks -Wall -c -mno-unaligned-access -fshort-wchar -gdwarf-3 -MMD -MF ./build/HCT6737M_65_N/LWG_DSDS/bin/dep/nvram/nvram_msg_handler.d -o ./build/HCT6737M_65_N/LWG_DSDS/bin/obj/nvram/nvram_msg_handler.obj service/nvram/src/nvram_msg_handler.c 2>>./build/HCT6737M_65_N/LWG_DSDS/bin/log/nvram/nvram_msg_handler.log
tools/GCC/4.6.2/linux/bin/arm-none-eabi-gcc -mthumb @./build/HCT6737M_65_N/LWG_DSDS/bin/via/nvram.via @./build/HCT6737M_65_N/LWG_DSDS/bin/via/nvram_inc.via -c -Wno-attributes -Wno-pragmas -march=armv7-r -mcpu=cortex-r4 -mlittle-endian -Wa,-mimplicit-it=always -mabi=aapcs -Os -fno-strict-aliasing -fno-common -fno-exceptions -ffunction-sections -fdata-sections -fno-delete-null-pointer-checks -Wall -c -mno-unaligned-access -fshort-wchar -gdwarf-3 -MMD -MF ./build/HCT6737M_65_N/LWG_DSDS/bin/dep/nvram/nvram_multi_folder.d -o ./build/HCT6737M_65_N/LWG_DSDS/bin/obj/nvram/nvram_multi_folder.obj service/nvram/src/nvram_multi_folder.c 2>>./build/HCT6737M_65_N/LWG_DSDS/bin/log/nvram/nvram_multi_folder.log
tools/GCC/4.6.2/linux/bin/arm-none-eabi-gcc -mthumb @./build/HCT6737M_65_N/LWG_DSDS/bin/via/nvram.via @./build/HCT6737M_65_N/LWG_DSDS/bin/via/nvram_inc.via -c -Wno-attributes -Wno-pragmas -march=armv7-r -mcpu=cortex-r4 -mlittle-endian -Wa,-mimplicit-it=always -mabi=aapcs -Os -fno-strict-aliasing -fno-common -fno-exceptions -ffunction-sections -fdata-sections -fno-delete-null-pointer-checks -Wall -c -mno-unaligned-access -fshort-wchar -gdwarf-3 -MMD -MF ./build/HCT6737M_65_N/LWG_DSDS/bin/dep/nvram/nvram_pseudo_merge.d -o ./build/HCT6737M_65_N/LWG_DSDS/bin/obj/nvram/nvram_pseudo_merge.obj service/nvram/src/nvram_pseudo_merge.c 2>>./build/HCT6737M_65_N/LWG_DSDS/bin/log/nvram/nvram_pseudo_merge.log
tools/GCC/4.6.2/linux/bin/arm-none-eabi-gcc -mthumb @./build/HCT6737M_65_N/LWG_DSDS/bin/via/nvram.via @./build/HCT6737M_65_N/LWG_DSDS/bin/via/nvram_inc.via -c -Wno-attributes -Wno-pragmas -march=armv7-r -mcpu=cortex-r4 -mlittle-endian -Wa,-mimplicit-it=always -mabi=aapcs -Os -fno-strict-aliasing -fno-common -fno-exceptions -ffunction-sections -fdata-sections -fno-delete-null-pointer-checks -Wall -c -mno-unaligned-access -fshort-wchar -gdwarf-3 -MMD -MF ./build/HCT6737M_65_N/LWG_DSDS/bin/dep/nvram/nvram_ul1def.d -o ./build/HCT6737M_65_N/LWG_DSDS/bin/obj/nvram/nvram_ul1def.obj service/nvram/src/nvram_ul1def.c 2>>./build/HCT6737M_65_N/LWG_DSDS/bin/log/nvram/nvram_ul1def.log
tools/GCC/4.6.2/linux/bin/arm-none-eabi-gcc -mthumb @./build/HCT6737M_65_N/LWG_DSDS/bin/via/nvram.via @./build/HCT6737M_65_N/LWG_DSDS/bin/via/nvram_inc.via -c -Wno-attributes -Wno-pragmas -march=armv7-r -mcpu=cortex-r4 -mlittle-endian -Wa,-mimplicit-it=always -mabi=aapcs -Os -fno-strict-aliasing -fno-common -fno-exceptions -ffunction-sections -fdata-sections -fno-delete-null-pointer-checks -Wall -c -mno-unaligned-access -fshort-wchar -gdwarf-3 -MMD -MF ./build/HCT6737M_65_N/LWG_DSDS/bin/dep/nvram/nvram_util.d -o ./build/HCT6737M_65_N/LWG_DSDS/bin/obj/nvram/nvram_util.obj service/nvram/src/nvram_util.c 2>>./build/HCT6737M_65_N/LWG_DSDS/bin/log/nvram/nvram_util.log
tools/GCC/4.6.2/linux/bin/arm-none-eabi-ar: creating ./build/HCT6737M_65_N/LWG_DSDS/bin/lib/libnvram.a
./build/HCT6737M_65_N/LWG_DSDS/bin/lib/libnvram.a is updated
make[1]: Leaving directory '/media/snowcat/ANDROID/modem'
