make[1]: Entering directory '/media/snowcat/ANDROID/modem'
Pre-compiling driver/sys_drv/init/src/bootarm_gcc.S ...
Compiling driver/sys_drv/init/src/bootarm_gcc.S ...
Compiling driver/sys_drv/cache/src/cache.c ...
Pre-compiling driver/sys_drv/dormant/src/cortexr4-dormantMode_gcc.S ...
Compiling driver/sys_drv/dormant/src/cortexr4-dormantMode_gcc.S ...
Pre-compiling driver/sys_drv/cache/src/cp15_gcc.S ...
Compiling driver/sys_drv/cache/src/cp15_gcc.S ...
Compiling driver/sys_drv/pmu/src/cr4_pmu_montr.c ...
Compiling driver/sys_drv/dormant/src/dormant_service.c ...
Compiling driver/sys_drv/init/src/idle_task.c ...
Compiling driver/sys_drv/init/src/info.c ...
Compiling driver/sys_drv/init/src/init.c ...
Compiling driver/sys_drv/init/src/init_comm.c ...
Compiling driver/sys_drv/init/src/init_trc.c ...
Compiling driver/sys_drv/cache/src/mpu.c ...
Module sys_drv is in DEBUG mode
tools/GCC/4.6.2/linux/bin/arm-none-eabi-gcc -mthumb @./build/HCT6737M_65_N/LWG_DSDS/bin/via/sys_drv.via @./build/HCT6737M_65_N/LWG_DSDS/bin/via/sys_drv_inc.via -c -Wno-attributes -Wno-pragmas -march=armv7-r -mcpu=cortex-r4 -mlittle-endian -Wa,-mimplicit-it=always -mabi=aapcs -Os -fno-strict-aliasing -fno-common -fno-exceptions -ffunction-sections -fdata-sections -fno-delete-null-pointer-checks -Wall -c -mno-unaligned-access -fshort-wchar -Werror -gdwarf-3 -MMD -MF ./build/HCT6737M_65_N/LWG_DSDS/bin/dep/sys_drv/cache.d -o ./build/HCT6737M_65_N/LWG_DSDS/bin/obj/sys_drv/cache.obj driver/sys_drv/cache/src/cache.c 2>>./build/HCT6737M_65_N/LWG_DSDS/bin/log/sys_drv/cache.log
tools/GCC/4.6.2/linux/bin/arm-none-eabi-gcc -mthumb @./build/HCT6737M_65_N/LWG_DSDS/bin/via/sys_drv.via @./build/HCT6737M_65_N/LWG_DSDS/bin/via/sys_drv_inc.via -c -Wno-attributes -Wno-pragmas -march=armv7-r -mcpu=cortex-r4 -mlittle-endian -Wa,-mimplicit-it=always -mabi=aapcs -Os -fno-strict-aliasing -fno-common -fno-exceptions -ffunction-sections -fdata-sections -fno-delete-null-pointer-checks -Wall -c -mno-unaligned-access -fshort-wchar -Werror -gdwarf-3 -MMD -MF ./build/HCT6737M_65_N/LWG_DSDS/bin/dep/sys_drv/mpu.d -o ./build/HCT6737M_65_N/LWG_DSDS/bin/obj/sys_drv/mpu.obj driver/sys_drv/cache/src/mpu.c 2>>./build/HCT6737M_65_N/LWG_DSDS/bin/log/sys_drv/mpu.log
tools/GCC/4.6.2/linux/bin/arm-none-eabi-gcc -mthumb @./build/HCT6737M_65_N/LWG_DSDS/bin/via/sys_drv.via @./build/HCT6737M_65_N/LWG_DSDS/bin/via/sys_drv_inc.via -c -Wno-attributes -Wno-pragmas -march=armv7-r -mcpu=cortex-r4 -mlittle-endian -Wa,-mimplicit-it=always -mabi=aapcs -Os -fno-strict-aliasing -fno-common -fno-exceptions -ffunction-sections -fdata-sections -fno-delete-null-pointer-checks -Wall -c -mno-unaligned-access -fshort-wchar -Werror -gdwarf-3 -MMD -MF ./build/HCT6737M_65_N/LWG_DSDS/bin/dep/sys_drv/dormant_service.d -o ./build/HCT6737M_65_N/LWG_DSDS/bin/obj/sys_drv/dormant_service.obj driver/sys_drv/dormant/src/dormant_service.c 2>>./build/HCT6737M_65_N/LWG_DSDS/bin/log/sys_drv/dormant_service.log
tools/GCC/4.6.2/linux/bin/arm-none-eabi-gcc -mthumb @./build/HCT6737M_65_N/LWG_DSDS/bin/via/sys_drv.via @./build/HCT6737M_65_N/LWG_DSDS/bin/via/sys_drv_inc.via -c -Wno-attributes -Wno-pragmas -march=armv7-r -mcpu=cortex-r4 -mlittle-endian -Wa,-mimplicit-it=always -mabi=aapcs -Os -fno-strict-aliasing -fno-common -fno-exceptions -ffunction-sections -fdata-sections -fno-delete-null-pointer-checks -Wall -c -mno-unaligned-access -fshort-wchar -Werror -gdwarf-3 -MMD -MF ./build/HCT6737M_65_N/LWG_DSDS/bin/dep/sys_drv/idle_task.d -o ./build/HCT6737M_65_N/LWG_DSDS/bin/obj/sys_drv/idle_task.obj driver/sys_drv/init/src/idle_task.c 2>>./build/HCT6737M_65_N/LWG_DSDS/bin/log/sys_drv/idle_task.log
tools/GCC/4.6.2/linux/bin/arm-none-eabi-gcc -mthumb @./build/HCT6737M_65_N/LWG_DSDS/bin/via/sys_drv.via @./build/HCT6737M_65_N/LWG_DSDS/bin/via/sys_drv_inc.via -c -Wno-attributes -Wno-pragmas -march=armv7-r -mcpu=cortex-r4 -mlittle-endian -Wa,-mimplicit-it=always -mabi=aapcs -Os -fno-strict-aliasing -fno-common -fno-exceptions -ffunction-sections -fdata-sections -fno-delete-null-pointer-checks -Wall -c -mno-unaligned-access -fshort-wchar -Werror -gdwarf-3 -MMD -MF ./build/HCT6737M_65_N/LWG_DSDS/bin/dep/sys_drv/info.d -o ./build/HCT6737M_65_N/LWG_DSDS/bin/obj/sys_drv/info.obj driver/sys_drv/init/src/info.c 2>>./build/HCT6737M_65_N/LWG_DSDS/bin/log/sys_drv/info.log
tools/GCC/4.6.2/linux/bin/arm-none-eabi-gcc -mthumb @./build/HCT6737M_65_N/LWG_DSDS/bin/via/sys_drv.via @./build/HCT6737M_65_N/LWG_DSDS/bin/via/sys_drv_inc.via -c -Wno-attributes -Wno-pragmas -march=armv7-r -mcpu=cortex-r4 -mlittle-endian -Wa,-mimplicit-it=always -mabi=aapcs -Os -fno-strict-aliasing -fno-common -fno-exceptions -ffunction-sections -fdata-sections -fno-delete-null-pointer-checks -Wall -c -mno-unaligned-access -fshort-wchar -Werror -gdwarf-3 -MMD -MF ./build/HCT6737M_65_N/LWG_DSDS/bin/dep/sys_drv/init.d -o ./build/HCT6737M_65_N/LWG_DSDS/bin/obj/sys_drv/init.obj driver/sys_drv/init/src/init.c 2>>./build/HCT6737M_65_N/LWG_DSDS/bin/log/sys_drv/init.log
tools/GCC/4.6.2/linux/bin/arm-none-eabi-gcc -mthumb @./build/HCT6737M_65_N/LWG_DSDS/bin/via/sys_drv.via @./build/HCT6737M_65_N/LWG_DSDS/bin/via/sys_drv_inc.via -c -Wno-attributes -Wno-pragmas -march=armv7-r -mcpu=cortex-r4 -mlittle-endian -Wa,-mimplicit-it=always -mabi=aapcs -Os -fno-strict-aliasing -fno-common -fno-exceptions -ffunction-sections -fdata-sections -fno-delete-null-pointer-checks -Wall -c -mno-unaligned-access -fshort-wchar -Werror -gdwarf-3 -MMD -MF ./build/HCT6737M_65_N/LWG_DSDS/bin/dep/sys_drv/init_comm.d -o ./build/HCT6737M_65_N/LWG_DSDS/bin/obj/sys_drv/init_comm.obj driver/sys_drv/init/src/init_comm.c 2>>./build/HCT6737M_65_N/LWG_DSDS/bin/log/sys_drv/init_comm.log
tools/GCC/4.6.2/linux/bin/arm-none-eabi-gcc -mthumb @./build/HCT6737M_65_N/LWG_DSDS/bin/via/sys_drv.via @./build/HCT6737M_65_N/LWG_DSDS/bin/via/sys_drv_inc.via -c -Wno-attributes -Wno-pragmas -march=armv7-r -mcpu=cortex-r4 -mlittle-endian -Wa,-mimplicit-it=always -mabi=aapcs -Os -fno-strict-aliasing -fno-common -fno-exceptions -ffunction-sections -fdata-sections -fno-delete-null-pointer-checks -Wall -c -mno-unaligned-access -fshort-wchar -Werror -gdwarf-3 -MMD -MF ./build/HCT6737M_65_N/LWG_DSDS/bin/dep/sys_drv/init_trc.d -o ./build/HCT6737M_65_N/LWG_DSDS/bin/obj/sys_drv/init_trc.obj driver/sys_drv/init/src/init_trc.c 2>>./build/HCT6737M_65_N/LWG_DSDS/bin/log/sys_drv/init_trc.log
tools/GCC/4.6.2/linux/bin/arm-none-eabi-gcc -mthumb @./build/HCT6737M_65_N/LWG_DSDS/bin/via/sys_drv.via @./build/HCT6737M_65_N/LWG_DSDS/bin/via/sys_drv_inc.via -c -Wno-attributes -Wno-pragmas -march=armv7-r -mcpu=cortex-r4 -mlittle-endian -Wa,-mimplicit-it=always -mabi=aapcs -Os -fno-strict-aliasing -fno-common -fno-exceptions -ffunction-sections -fdata-sections -fno-delete-null-pointer-checks -Wall -c -mno-unaligned-access -fshort-wchar -Werror -gdwarf-3 -MMD -MF ./build/HCT6737M_65_N/LWG_DSDS/bin/dep/sys_drv/cr4_pmu_montr.d -o ./build/HCT6737M_65_N/LWG_DSDS/bin/obj/sys_drv/cr4_pmu_montr.obj driver/sys_drv/pmu/src/cr4_pmu_montr.c 2>>./build/HCT6737M_65_N/LWG_DSDS/bin/log/sys_drv/cr4_pmu_montr.log
tools/GCC/4.6.2/linux/bin/arm-none-eabi-ar: creating ./build/HCT6737M_65_N/LWG_DSDS/bin/lib/libsys_drv.a
./build/HCT6737M_65_N/LWG_DSDS/bin/lib/libsys_drv.a is updated
make[1]: Leaving directory '/media/snowcat/ANDROID/modem'
