service/hif/cccisrv/ccci_fs/src/ccci_fs.c
service/hif/cccisrv/ccci_fs/src/ccci_fs_apis.c
service/hif/cccisrv/ccci_fs/src/ccci_fs_except.c
service/hif/cccisrv/ccci_fs/src/ccci_fs_it.c
service/hif/cccisrv/ccci_fs/src/ccci_fs_ut.c
service/hif/cccisrv/ccci_ims/src/ccci_ims.c
service/hif/cccisrv/ccci_ims/src/ccci_ims_it.c
service/hif/cccisrv/ccci_ipc/src/ccci_ipc.c
service/hif/cccisrv/ccci_ipc/src/ccci_ipc_data.c
service/hif/cccisrv/ccci_ipc/src/ccci_ipc_it.c
service/hif/cccisrv/ccci_ipc/src/ccci_ipc_ut.c
service/hif/cccisrv/ccci_rpc/src/ccci_rpc.c
service/hif/cccisrv/ccci_rpc/src/ccci_rpc_data.c
service/hif/cccisrv/ccci_rpc/src/ccci_rpc_it.c
service/hif/cccisrv/ccci_rpc/src/ccci_rpc_svc.c
service/hif/cccisrv/ccci_rpc/src/ccci_rpc_ut.c
service/hif/cccisrv/ccci_sys_msg/src/ccci_sys_msg.c
service/hif/cccisrv/ccci_sys_msg/src/ccci_sys_msg_it.c
service/hif/cccisrv/ccci_sys_msg/src/ccci_sys_msg_ut.c
service/hif/cccisrv/cccisrv_task/src/cccisrv_task.c

