
driver/audio/src/audio_create.c
./mtk_rel/HCT6737M_65_N/LWG_DSDS/dhl/l1trace/l1audio_trace.c
driver/audio/src/v1/DTMF_drv.c
driver/audio/src/v1/ExtBgSnd.c
driver/audio/src/v1/VoLTETone.c
driver/audio/src/v1/afe_common.c
driver/audio/src/v1/afes/afe_6735.c
driver/audio/src/v1/am.c
driver/audio/src/v1/amr_table.c
driver/audio/src/v1/audio_idma.c
driver/audio/src/v1/audio_service.c
driver/audio/src/v1/bt_sco_drv.c
driver/audio/src/v1/ctm_drv.c
driver/audio/src/v1/l1audio_sph_srv.c
driver/audio/src/v1/media.c
driver/audio/src/v1/pcm4way.c
driver/audio/src/v1/pcmRouter.c
driver/audio/src/v1/pcmrb.c
driver/audio/src/v1/pcmrec_drv.c
driver/audio/src/v1/rawpcmrec_drv.c
driver/audio/src/v1/sal_dsp.c
driver/audio/src/v1/sal_exp.c
driver/audio/src/v1/sal_impl.c
driver/audio/src/v1/sidetone.c
driver/audio/src/v1/sp_3g.c
driver/audio/src/v1/sp_4g.c
driver/audio/src/v1/sp_daca.c
driver/audio/src/v1/sp_drv.c
driver/audio/src/v1/sp_enhance.c
driver/audio/src/v1/spc_drv.c
driver/audio/src/v1/spc_io.c
driver/audio/src/v1/streamrb.c
driver/audio/src/v1/tone_drv.c
driver/audio/src/v1/vm.c
driver/audio/src/v1/wm8904_config.c

