cleanall END TIME=2016/11/02 18:08:09 
gen_infolog START TIME=2016/11/02 18:08:09 
gen_infolog END TIME=2016/11/02 18:08:09 
gen_infomakelog START TIME=2016/11/02 18:08:09 
gen_infomakelog END TIME=2016/11/02 18:08:09 
gencustominfo START TIME=2016/11/02 18:08:09 
gencustominfo END TIME=2016/11/02 18:08:09 
drv_feature_check START TIME=2016/11/02 18:08:09 
drv_feature_check END TIME=2016/11/02 18:08:09 
emigen START TIME=2016/11/02 18:08:09 
emigen END TIME=2016/11/02 18:08:09 
sysgen_conf START TIME=2016/11/02 18:08:09 
sysgen_conf END TIME=2016/11/02 18:08:10 
ckmemlayout START TIME=2016/11/02 18:08:10 
ckmemlayout END TIME=2016/11/02 18:08:10 
cleancodegen START TIME=2016/11/02 18:08:11 
cleancodegen END TIME=2016/11/02 18:08:11 
asngen START TIME=2016/11/02 18:08:11 
asngen END TIME=2016/11/02 18:08:11 
build/HCT6737M_65_N/LWG_DSDS/bin/dep/codegen_dep/nvram_auto_gen.det START TIME=2016/11/02 18:08:12 
build/HCT6737M_65_N/LWG_DSDS/bin/dep/codegen_dep/nvram_auto_gen.det END TIME=2016/11/02 18:08:15 
build/HCT6737M_65_N/LWG_DSDS/bin/dep/codegen_dep/cgen_preflow.det START TIME=2016/11/02 18:08:16 
build/HCT6737M_65_N/LWG_DSDS/bin/dep/codegen_dep/cgen_cfg_Modem.det END TIME=2016/11/02 18:08:31 
cleanbin START TIME=2016/11/02 18:08:31 
cleanbin END TIME=2016/11/02 18:08:31 
build/HCT6737M_65_N/LWG_DSDS/bin/log/ckSysDrv.log START TIME=2016/11/02 18:08:31 
build/HCT6737M_65_N/LWG_DSDS/bin/log/ckSysDrv.log END TIME=2016/11/02 18:08:31 
genverno START TIME=2016/11/02 18:08:31 
genverno END TIME=2016/11/02 18:08:31 
cleanlib START TIME=2016/11/02 18:08:31 
cleanlib END TIME=2016/11/02 18:08:32 
asn1_common START TIME=2016/11/02 18:08:32 
asn1_common END TIME=2016/11/02 18:08:33 
audio START TIME=2016/11/02 18:08:33 
audio END TIME=2016/11/02 18:08:36 
ccci START TIME=2016/11/02 18:08:36 
ccci END TIME=2016/11/02 18:08:38 
cccidev START TIME=2016/11/02 18:08:38 
cccidev END TIME=2016/11/02 18:08:39 
cccisrv START TIME=2016/11/02 18:08:40 
cccisrv END TIME=2016/11/02 18:08:41 
config START TIME=2016/11/02 18:08:41 
config END TIME=2016/11/02 18:08:42 
custom START TIME=2016/11/02 18:08:42 
custom END TIME=2016/11/02 18:08:47 
dbinfo START TIME=2016/11/02 18:08:47 
dbinfo END TIME=2016/11/02 18:08:47 
devdrv START TIME=2016/11/02 18:08:48 
devdrv END TIME=2016/11/02 18:08:53 
drv START TIME=2016/11/02 18:08:54 
drv END TIME=2016/11/02 18:08:54 
ephy_ext START TIME=2016/11/02 18:08:54 
ephy_ext END TIME=2016/11/02 18:08:56 
ft START TIME=2016/11/02 18:08:56 
ft END TIME=2016/11/02 18:08:58 
ftc START TIME=2016/11/02 18:08:58 
ftc END TIME=2016/11/02 18:08:58 
hmu START TIME=2016/11/02 18:08:58 
hmu END TIME=2016/11/02 18:08:59 
ipcore START TIME=2016/11/02 18:08:59 
ipcore END TIME=2016/11/02 18:09:01 
l1_ext START TIME=2016/11/02 18:09:01 
l1_ext END TIME=2016/11/02 18:09:03 
l4misc START TIME=2016/11/02 18:09:03 
l4misc END TIME=2016/11/02 18:09:06 
mc START TIME=2016/11/02 18:09:06 
mc END TIME=2016/11/02 18:09:06 
md_drv START TIME=2016/11/02 18:09:07 
md_drv END TIME=2016/11/02 18:09:07 
media START TIME=2016/11/02 18:09:07 
media END TIME=2016/11/02 18:09:08 
mml1_rf_ext START TIME=2016/11/02 18:09:08 
mml1_rf_ext END TIME=2016/11/02 18:09:08 
nvram START TIME=2016/11/02 18:09:08 
nvram END TIME=2016/11/02 18:09:11 
sys_drv START TIME=2016/11/02 18:09:11 
sys_drv END TIME=2016/11/02 18:09:12 
sys_svc START TIME=2016/11/02 18:09:12 
sys_svc END TIME=2016/11/02 18:09:13 
tty START TIME=2016/11/02 18:09:13 
tty END TIME=2016/11/02 18:09:14 
uartcore START TIME=2016/11/02 18:09:14 
uartcore END TIME=2016/11/02 18:09:14 
ul1_hs_plus_ext START TIME=2016/11/02 18:09:14 
ul1_hs_plus_ext END TIME=2016/11/02 18:09:15 
verno START TIME=2016/11/02 18:09:15 
verno END TIME=2016/11/02 18:09:15 
gen_infolog START TIME=2016/11/02 18:09:18 
gen_infolog END TIME=2016/11/02 18:09:18 
gen_infomakelog START TIME=2016/11/02 18:09:18 
gen_infomakelog END TIME=2016/11/02 18:09:19 
gencustominfo START TIME=2016/11/02 18:09:19 
gencustominfo END TIME=2016/11/02 18:09:19 
drv_feature_check START TIME=2016/11/02 18:09:19 
drv_feature_check END TIME=2016/11/02 18:09:19 
gen_infolog START TIME=2016/11/02 18:09:20 
gen_infolog END TIME=2016/11/02 18:09:20 
gen_infomakelog START TIME=2016/11/02 18:09:20 
gen_infomakelog END TIME=2016/11/02 18:09:20 
gencustominfo START TIME=2016/11/02 18:09:21 
gencustominfo END TIME=2016/11/02 18:09:21 
drv_feature_check START TIME=2016/11/02 18:09:21 
drv_feature_check END TIME=2016/11/02 18:09:21 
emigen START TIME=2016/11/02 18:09:21 
emigen END TIME=2016/11/02 18:09:21 
sysgen_conf START TIME=2016/11/02 18:09:21 
sysgen_conf END TIME=2016/11/02 18:09:21 
ckmemlayout START TIME=2016/11/02 18:09:21 
ckmemlayout END TIME=2016/11/02 18:09:21 
copy_br_bin START TIME=2016/11/02 18:09:24 
copy_br_bin END TIME=2016/11/02 18:09:24 
cmmgen START TIME=2016/11/02 18:09:34 
cmmgen END TIME=2016/11/02 18:09:35 
LOCAL_MACHINE=%COMPUTERNAME%
PROJECT_NAME=HCT6737M_65_N
PLATFORM=NONE
FLAVOR=LWG_DSDS
VERNO=MOLY.LR9.W1444.MD.LWTG.MP.V110.5.P1
ARMLMD_LICENSE_FILE=%ARMLMD_LICENSE_FILE%
COMMAND=make HCT6737M_65_N(LWG_DSDS).mak new
BUILD END TIME=2016/11/02 18:09:35 
