tools/GCC/4.6.2/linux/bin/arm-none-eabi-ld: warning: ./tools/GCC/4.6.2/linux/arm-none-eabi/lib/armv7-r/thumb/libc.a(lib_a-memcmp.o) uses 4-byte wchar_t yet the output is to use 2-byte wchar_t; use of wchar_t values across objects may fail
tools/GCC/4.6.2/linux/bin/arm-none-eabi-ld: warning: ./tools/GCC/4.6.2/linux/arm-none-eabi/lib/armv7-r/thumb/libc.a(lib_a-rand.o) uses 4-byte wchar_t yet the output is to use 2-byte wchar_t; use of wchar_t values across objects may fail
tools/GCC/4.6.2/linux/bin/arm-none-eabi-ld: warning: ./tools/GCC/4.6.2/linux/arm-none-eabi/lib/armv7-r/thumb/libc.a(lib_a-strcpy.o) uses 4-byte wchar_t yet the output is to use 2-byte wchar_t; use of wchar_t values across objects may fail
tools/GCC/4.6.2/linux/bin/arm-none-eabi-ld: warning: ./tools/GCC/4.6.2/linux/arm-none-eabi/lib/armv7-r/thumb/libc.a(lib_a-strlen.o) uses 4-byte wchar_t yet the output is to use 2-byte wchar_t; use of wchar_t values across objects may fail
tools/GCC/4.6.2/linux/bin/arm-none-eabi-ld: warning: ./tools/GCC/4.6.2/linux/arm-none-eabi/lib/armv7-r/thumb/libc.a(lib_a-strncpy.o) uses 4-byte wchar_t yet the output is to use 2-byte wchar_t; use of wchar_t values across objects may fail
tools/GCC/4.6.2/linux/bin/arm-none-eabi-ld: warning: ./tools/GCC/4.6.2/linux/arm-none-eabi/lib/armv7-r/thumb/libc.a(lib_a-impure.o) uses 4-byte wchar_t yet the output is to use 2-byte wchar_t; use of wchar_t values across objects may fail
tools/GCC/4.6.2/linux/bin/arm-none-eabi-ld: warning: ./tools/GCC/4.6.2/linux/lib/gcc/arm-none-eabi/4.6.2/armv7-r/thumb/libgcc.a(bpabi.o) uses 4-byte wchar_t yet the output is to use 2-byte wchar_t; use of wchar_t values across objects may fail
tools/GCC/4.6.2/linux/bin/arm-none-eabi-ld: warning: ./tools/GCC/4.6.2/linux/lib/gcc/arm-none-eabi/4.6.2/armv7-r/thumb/libgcc.a(_divdi3.o) uses 4-byte wchar_t yet the output is to use 2-byte wchar_t; use of wchar_t values across objects may fail
tools/GCC/4.6.2/linux/bin/arm-none-eabi-ld: warning: ./tools/GCC/4.6.2/linux/lib/gcc/arm-none-eabi/4.6.2/armv7-r/thumb/libgcc.a(_udivdi3.o) uses 4-byte wchar_t yet the output is to use 2-byte wchar_t; use of wchar_t values across objects may fail
tools/GCC/4.6.2/linux/bin/arm-none-eabi-ld: warning: service/sss/lib//libsss_gcc_dummy.a(SSS_secure_dummy.obj) uses 4-byte wchar_t yet the output is to use 2-byte wchar_t; use of wchar_t values across objects may fail
tools/GCC/4.6.2/linux/bin/arm-none-eabi-ld: warning: ./tools/GCC/4.6.2/linux/arm-none-eabi/lib/armv7-r/thumb/libm.a(lib_a-s_ceil.o) uses 4-byte wchar_t yet the output is to use 2-byte wchar_t; use of wchar_t values across objects may fail
tools/GCC/4.6.2/linux/bin/arm-none-eabi-ld: warning: ./tools/GCC/4.6.2/linux/arm-none-eabi/lib/armv7-r/thumb/libm.a(lib_a-s_cos.o) uses 4-byte wchar_t yet the output is to use 2-byte wchar_t; use of wchar_t values across objects may fail
tools/GCC/4.6.2/linux/bin/arm-none-eabi-ld: warning: ./tools/GCC/4.6.2/linux/arm-none-eabi/lib/armv7-r/thumb/libm.a(lib_a-s_floor.o) uses 4-byte wchar_t yet the output is to use 2-byte wchar_t; use of wchar_t values across objects may fail
tools/GCC/4.6.2/linux/bin/arm-none-eabi-ld: warning: ./tools/GCC/4.6.2/linux/arm-none-eabi/lib/armv7-r/thumb/libm.a(lib_a-s_sin.o) uses 4-byte wchar_t yet the output is to use 2-byte wchar_t; use of wchar_t values across objects may fail
tools/GCC/4.6.2/linux/bin/arm-none-eabi-ld: warning: ./tools/GCC/4.6.2/linux/arm-none-eabi/lib/armv7-r/thumb/libm.a(lib_a-w_acos.o) uses 4-byte wchar_t yet the output is to use 2-byte wchar_t; use of wchar_t values across objects may fail
tools/GCC/4.6.2/linux/bin/arm-none-eabi-ld: warning: ./tools/GCC/4.6.2/linux/arm-none-eabi/lib/armv7-r/thumb/libm.a(lib_a-w_fmod.o) uses 4-byte wchar_t yet the output is to use 2-byte wchar_t; use of wchar_t values across objects may fail
tools/GCC/4.6.2/linux/bin/arm-none-eabi-ld: warning: ./tools/GCC/4.6.2/linux/arm-none-eabi/lib/armv7-r/thumb/libm.a(lib_a-w_log.o) uses 4-byte wchar_t yet the output is to use 2-byte wchar_t; use of wchar_t values across objects may fail
tools/GCC/4.6.2/linux/bin/arm-none-eabi-ld: warning: ./tools/GCC/4.6.2/linux/arm-none-eabi/lib/armv7-r/thumb/libm.a(lib_a-w_log10.o) uses 4-byte wchar_t yet the output is to use 2-byte wchar_t; use of wchar_t values across objects may fail
tools/GCC/4.6.2/linux/bin/arm-none-eabi-ld: warning: ./tools/GCC/4.6.2/linux/arm-none-eabi/lib/armv7-r/thumb/libm.a(lib_a-w_pow.o) uses 4-byte wchar_t yet the output is to use 2-byte wchar_t; use of wchar_t values across objects may fail
tools/GCC/4.6.2/linux/bin/arm-none-eabi-ld: warning: ./tools/GCC/4.6.2/linux/arm-none-eabi/lib/armv7-r/thumb/libm.a(lib_a-w_sqrt.o) uses 4-byte wchar_t yet the output is to use 2-byte wchar_t; use of wchar_t values across objects may fail
tools/GCC/4.6.2/linux/bin/arm-none-eabi-ld: warning: ./tools/GCC/4.6.2/linux/arm-none-eabi/lib/armv7-r/thumb/libm.a(lib_a-e_acos.o) uses 4-byte wchar_t yet the output is to use 2-byte wchar_t; use of wchar_t values across objects may fail
tools/GCC/4.6.2/linux/bin/arm-none-eabi-ld: warning: ./tools/GCC/4.6.2/linux/arm-none-eabi/lib/armv7-r/thumb/libm.a(lib_a-e_fmod.o) uses 4-byte wchar_t yet the output is to use 2-byte wchar_t; use of wchar_t values across objects may fail
tools/GCC/4.6.2/linux/bin/arm-none-eabi-ld: warning: ./tools/GCC/4.6.2/linux/arm-none-eabi/lib/armv7-r/thumb/libm.a(lib_a-e_log.o) uses 4-byte wchar_t yet the output is to use 2-byte wchar_t; use of wchar_t values across objects may fail
tools/GCC/4.6.2/linux/bin/arm-none-eabi-ld: warning: ./tools/GCC/4.6.2/linux/arm-none-eabi/lib/armv7-r/thumb/libm.a(lib_a-e_log10.o) uses 4-byte wchar_t yet the output is to use 2-byte wchar_t; use of wchar_t values across objects may fail
tools/GCC/4.6.2/linux/bin/arm-none-eabi-ld: warning: ./tools/GCC/4.6.2/linux/arm-none-eabi/lib/armv7-r/thumb/libm.a(lib_a-e_pow.o) uses 4-byte wchar_t yet the output is to use 2-byte wchar_t; use of wchar_t values across objects may fail
tools/GCC/4.6.2/linux/bin/arm-none-eabi-ld: warning: ./tools/GCC/4.6.2/linux/arm-none-eabi/lib/armv7-r/thumb/libm.a(lib_a-e_rem_pio2.o) uses 4-byte wchar_t yet the output is to use 2-byte wchar_t; use of wchar_t values across objects may fail
tools/GCC/4.6.2/linux/bin/arm-none-eabi-ld: warning: ./tools/GCC/4.6.2/linux/arm-none-eabi/lib/armv7-r/thumb/libm.a(lib_a-e_sqrt.o) uses 4-byte wchar_t yet the output is to use 2-byte wchar_t; use of wchar_t values across objects may fail
tools/GCC/4.6.2/linux/bin/arm-none-eabi-ld: warning: ./tools/GCC/4.6.2/linux/arm-none-eabi/lib/armv7-r/thumb/libm.a(lib_a-k_cos.o) uses 4-byte wchar_t yet the output is to use 2-byte wchar_t; use of wchar_t values across objects may fail
tools/GCC/4.6.2/linux/bin/arm-none-eabi-ld: warning: ./tools/GCC/4.6.2/linux/arm-none-eabi/lib/armv7-r/thumb/libm.a(lib_a-k_rem_pio2.o) uses 4-byte wchar_t yet the output is to use 2-byte wchar_t; use of wchar_t values across objects may fail
tools/GCC/4.6.2/linux/bin/arm-none-eabi-ld: warning: ./tools/GCC/4.6.2/linux/arm-none-eabi/lib/armv7-r/thumb/libm.a(lib_a-k_sin.o) uses 4-byte wchar_t yet the output is to use 2-byte wchar_t; use of wchar_t values across objects may fail
tools/GCC/4.6.2/linux/bin/arm-none-eabi-ld: warning: ./tools/GCC/4.6.2/linux/arm-none-eabi/lib/armv7-r/thumb/libm.a(lib_a-s_fabs.o) uses 4-byte wchar_t yet the output is to use 2-byte wchar_t; use of wchar_t values across objects may fail
tools/GCC/4.6.2/linux/bin/arm-none-eabi-ld: warning: ./tools/GCC/4.6.2/linux/arm-none-eabi/lib/armv7-r/thumb/libm.a(lib_a-s_finite.o) uses 4-byte wchar_t yet the output is to use 2-byte wchar_t; use of wchar_t values across objects may fail
tools/GCC/4.6.2/linux/bin/arm-none-eabi-ld: warning: ./tools/GCC/4.6.2/linux/arm-none-eabi/lib/armv7-r/thumb/libm.a(lib_a-s_fpclassify.o) uses 4-byte wchar_t yet the output is to use 2-byte wchar_t; use of wchar_t values across objects may fail
tools/GCC/4.6.2/linux/bin/arm-none-eabi-ld: warning: ./tools/GCC/4.6.2/linux/arm-none-eabi/lib/armv7-r/thumb/libm.a(lib_a-s_lib_ver.o) uses 4-byte wchar_t yet the output is to use 2-byte wchar_t; use of wchar_t values across objects may fail
tools/GCC/4.6.2/linux/bin/arm-none-eabi-ld: warning: ./tools/GCC/4.6.2/linux/arm-none-eabi/lib/armv7-r/thumb/libm.a(lib_a-s_matherr.o) uses 4-byte wchar_t yet the output is to use 2-byte wchar_t; use of wchar_t values across objects may fail
tools/GCC/4.6.2/linux/bin/arm-none-eabi-ld: warning: ./tools/GCC/4.6.2/linux/arm-none-eabi/lib/armv7-r/thumb/libm.a(lib_a-s_nan.o) uses 4-byte wchar_t yet the output is to use 2-byte wchar_t; use of wchar_t values across objects may fail
tools/GCC/4.6.2/linux/bin/arm-none-eabi-ld: warning: ./tools/GCC/4.6.2/linux/arm-none-eabi/lib/armv7-r/thumb/libm.a(lib_a-s_rint.o) uses 4-byte wchar_t yet the output is to use 2-byte wchar_t; use of wchar_t values across objects may fail
tools/GCC/4.6.2/linux/bin/arm-none-eabi-ld: warning: ./tools/GCC/4.6.2/linux/arm-none-eabi/lib/armv7-r/thumb/libm.a(lib_a-s_scalbn.o) uses 4-byte wchar_t yet the output is to use 2-byte wchar_t; use of wchar_t values across objects may fail
tools/GCC/4.6.2/linux/bin/arm-none-eabi-ld: warning: ./tools/GCC/4.6.2/linux/arm-none-eabi/lib/armv7-r/thumb/libm.a(lib_a-s_copysign.o) uses 4-byte wchar_t yet the output is to use 2-byte wchar_t; use of wchar_t values across objects may fail
tools/GCC/4.6.2/linux/bin/arm-none-eabi-ld: warning: ./tools/GCC/4.6.2/linux/arm-none-eabi/lib/armv7-r/thumb/libc.a(lib_a-aeabi_atexit.o) uses 4-byte wchar_t yet the output is to use 2-byte wchar_t; use of wchar_t values across objects may fail
tools/GCC/4.6.2/linux/bin/arm-none-eabi-ld: warning: ./tools/GCC/4.6.2/linux/arm-none-eabi/lib/armv7-r/thumb/libc.a(lib_a-atof.o) uses 4-byte wchar_t yet the output is to use 2-byte wchar_t; use of wchar_t values across objects may fail
tools/GCC/4.6.2/linux/bin/arm-none-eabi-ld: warning: ./tools/GCC/4.6.2/linux/arm-none-eabi/lib/armv7-r/thumb/libc.a(lib_a-atoi.o) uses 4-byte wchar_t yet the output is to use 2-byte wchar_t; use of wchar_t values across objects may fail
tools/GCC/4.6.2/linux/bin/arm-none-eabi-ld: warning: ./tools/GCC/4.6.2/linux/arm-none-eabi/lib/armv7-r/thumb/libc.a(lib_a-ctype_.o) uses 4-byte wchar_t yet the output is to use 2-byte wchar_t; use of wchar_t values across objects may fail
tools/GCC/4.6.2/linux/bin/arm-none-eabi-ld: warning: ./tools/GCC/4.6.2/linux/arm-none-eabi/lib/armv7-r/thumb/libc.a(lib_a-cxa_atexit.o) uses 4-byte wchar_t yet the output is to use 2-byte wchar_t; use of wchar_t values across objects may fail
tools/GCC/4.6.2/linux/bin/arm-none-eabi-ld: warning: ./tools/GCC/4.6.2/linux/arm-none-eabi/lib/armv7-r/thumb/libc.a(lib_a-locale.o) uses 4-byte wchar_t yet the output is to use 2-byte wchar_t; use of wchar_t values across objects may fail
tools/GCC/4.6.2/linux/bin/arm-none-eabi-ld: warning: ./tools/GCC/4.6.2/linux/arm-none-eabi/lib/armv7-r/thumb/libc.a(lib_a-memmove.o) uses 4-byte wchar_t yet the output is to use 2-byte wchar_t; use of wchar_t values across objects may fail
tools/GCC/4.6.2/linux/bin/arm-none-eabi-ld: warning: ./tools/GCC/4.6.2/linux/arm-none-eabi/lib/armv7-r/thumb/libc.a(lib_a-qsort.o) uses 4-byte wchar_t yet the output is to use 2-byte wchar_t; use of wchar_t values across objects may fail
tools/GCC/4.6.2/linux/bin/arm-none-eabi-ld: warning: ./tools/GCC/4.6.2/linux/arm-none-eabi/lib/armv7-r/thumb/libc.a(lib_a-strcasecmp.o) uses 4-byte wchar_t yet the output is to use 2-byte wchar_t; use of wchar_t values across objects may fail
tools/GCC/4.6.2/linux/bin/arm-none-eabi-ld: warning: ./tools/GCC/4.6.2/linux/arm-none-eabi/lib/armv7-r/thumb/libc.a(lib_a-strcat.o) uses 4-byte wchar_t yet the output is to use 2-byte wchar_t; use of wchar_t values across objects may fail
tools/GCC/4.6.2/linux/bin/arm-none-eabi-ld: warning: ./tools/GCC/4.6.2/linux/arm-none-eabi/lib/armv7-r/thumb/libc.a(lib_a-strchr.o) uses 4-byte wchar_t yet the output is to use 2-byte wchar_t; use of wchar_t values across objects may fail
tools/GCC/4.6.2/linux/bin/arm-none-eabi-ld: warning: ./tools/GCC/4.6.2/linux/arm-none-eabi/lib/armv7-r/thumb/libc.a(lib_a-strcspn.o) uses 4-byte wchar_t yet the output is to use 2-byte wchar_t; use of wchar_t values across objects may fail
tools/GCC/4.6.2/linux/bin/arm-none-eabi-ld: warning: ./tools/GCC/4.6.2/linux/arm-none-eabi/lib/armv7-r/thumb/libc.a(lib_a-strlcat.o) uses 4-byte wchar_t yet the output is to use 2-byte wchar_t; use of wchar_t values across objects may fail
tools/GCC/4.6.2/linux/bin/arm-none-eabi-ld: warning: ./tools/GCC/4.6.2/linux/arm-none-eabi/lib/armv7-r/thumb/libc.a(lib_a-strncasecmp.o) uses 4-byte wchar_t yet the output is to use 2-byte wchar_t; use of wchar_t values across objects may fail
tools/GCC/4.6.2/linux/bin/arm-none-eabi-ld: warning: ./tools/GCC/4.6.2/linux/arm-none-eabi/lib/armv7-r/thumb/libc.a(lib_a-strncat.o) uses 4-byte wchar_t yet the output is to use 2-byte wchar_t; use of wchar_t values across objects may fail
tools/GCC/4.6.2/linux/bin/arm-none-eabi-ld: warning: ./tools/GCC/4.6.2/linux/arm-none-eabi/lib/armv7-r/thumb/libc.a(lib_a-strncmp.o) uses 4-byte wchar_t yet the output is to use 2-byte wchar_t; use of wchar_t values across objects may fail
tools/GCC/4.6.2/linux/bin/arm-none-eabi-ld: warning: ./tools/GCC/4.6.2/linux/arm-none-eabi/lib/armv7-r/thumb/libc.a(lib_a-strrchr.o) uses 4-byte wchar_t yet the output is to use 2-byte wchar_t; use of wchar_t values across objects may fail
tools/GCC/4.6.2/linux/bin/arm-none-eabi-ld: warning: ./tools/GCC/4.6.2/linux/arm-none-eabi/lib/armv7-r/thumb/libc.a(lib_a-strstr.o) uses 4-byte wchar_t yet the output is to use 2-byte wchar_t; use of wchar_t values across objects may fail
tools/GCC/4.6.2/linux/bin/arm-none-eabi-ld: warning: ./tools/GCC/4.6.2/linux/arm-none-eabi/lib/armv7-r/thumb/libc.a(lib_a-strtod.o) uses 4-byte wchar_t yet the output is to use 2-byte wchar_t; use of wchar_t values across objects may fail
tools/GCC/4.6.2/linux/bin/arm-none-eabi-ld: warning: ./tools/GCC/4.6.2/linux/arm-none-eabi/lib/armv7-r/thumb/libc.a(lib_a-strtok_r.o) uses 4-byte wchar_t yet the output is to use 2-byte wchar_t; use of wchar_t values across objects may fail
tools/GCC/4.6.2/linux/bin/arm-none-eabi-ld: warning: ./tools/GCC/4.6.2/linux/arm-none-eabi/lib/armv7-r/thumb/libc.a(lib_a-strtol.o) uses 4-byte wchar_t yet the output is to use 2-byte wchar_t; use of wchar_t values across objects may fail
tools/GCC/4.6.2/linux/bin/arm-none-eabi-ld: warning: ./tools/GCC/4.6.2/linux/arm-none-eabi/lib/armv7-r/thumb/libc.a(lib_a-__atexit.o) uses 4-byte wchar_t yet the output is to use 2-byte wchar_t; use of wchar_t values across objects may fail
tools/GCC/4.6.2/linux/bin/arm-none-eabi-ld: warning: ./tools/GCC/4.6.2/linux/arm-none-eabi/lib/armv7-r/thumb/libc.a(lib_a-gdtoa-gethex.o) uses 4-byte wchar_t yet the output is to use 2-byte wchar_t; use of wchar_t values across objects may fail
tools/GCC/4.6.2/linux/bin/arm-none-eabi-ld: warning: ./tools/GCC/4.6.2/linux/arm-none-eabi/lib/armv7-r/thumb/libc.a(lib_a-gdtoa-hexnan.o) uses 4-byte wchar_t yet the output is to use 2-byte wchar_t; use of wchar_t values across objects may fail
tools/GCC/4.6.2/linux/bin/arm-none-eabi-ld: warning: ./tools/GCC/4.6.2/linux/arm-none-eabi/lib/armv7-r/thumb/libc.a(lib_a-memchr.o) uses 4-byte wchar_t yet the output is to use 2-byte wchar_t; use of wchar_t values across objects may fail
tools/GCC/4.6.2/linux/bin/arm-none-eabi-ld: warning: ./tools/GCC/4.6.2/linux/arm-none-eabi/lib/armv7-r/thumb/libc.a(lib_a-mprec.o) uses 4-byte wchar_t yet the output is to use 2-byte wchar_t; use of wchar_t values across objects may fail
tools/GCC/4.6.2/linux/bin/arm-none-eabi-ld: warning: ./tools/GCC/4.6.2/linux/arm-none-eabi/lib/armv7-r/thumb/libc.a(lib_a-sf_nan.o) uses 4-byte wchar_t yet the output is to use 2-byte wchar_t; use of wchar_t values across objects may fail
tools/GCC/4.6.2/linux/bin/arm-none-eabi-ld: warning: ./tools/GCC/4.6.2/linux/lib/gcc/arm-none-eabi/4.6.2/armv7-r/thumb/libgcc.a(_ctors.o) uses 4-byte wchar_t yet the output is to use 2-byte wchar_t; use of wchar_t values across objects may fail
tools/GCC/4.6.2/linux/bin/arm-none-eabi-ld: warning: ./tools/GCC/4.6.2/linux/lib/gcc/arm-none-eabi/4.6.2/armv7-r/thumb/libgcc.a(_fixdfdi.o) uses 4-byte wchar_t yet the output is to use 2-byte wchar_t; use of wchar_t values across objects may fail
tools/GCC/4.6.2/linux/bin/arm-none-eabi-ld: warning: ./tools/GCC/4.6.2/linux/lib/gcc/arm-none-eabi/4.6.2/armv7-r/thumb/libgcc.a(_fixunsdfdi.o) uses 4-byte wchar_t yet the output is to use 2-byte wchar_t; use of wchar_t values across objects may fail
