service/nvram/src/nvram_drval_fat.c
service/nvram/src/nvram_el1def.c
service/nvram/src/nvram_ex_io.c
service/nvram/src/nvram_factory_config.c
service/nvram/src/nvram_handler_read.c
service/nvram/src/nvram_handler_reset.c
service/nvram/src/nvram_handler_startup.c
service/nvram/src/nvram_handler_write.c
service/nvram/src/nvram_ilm.c
service/nvram/src/nvram_interface.c
service/nvram/src/nvram_io.c
service/nvram/src/nvram_l1def.c
service/nvram/src/nvram_ltable.c
service/nvram/src/nvram_main.c
service/nvram/src/nvram_mml1def.c
service/nvram/src/nvram_msg_handler.c
service/nvram/src/nvram_multi_folder.c
service/nvram/src/nvram_pseudo_merge.c
service/nvram/src/nvram_ul1def.c
service/nvram/src/nvram_util.c

